#
# There is insufficient memory for the Java Runtime Environment to continue.
# Native memory allocation (mmap) failed to map 266338304 bytes for Failed to commit area from 0x0000000703a00000 to 0x0000000713800000 of length 266338304.
# Possible reasons:
#   The system is out of physical RAM or swap space
#   The process is running with CompressedOops enabled, and the Java Heap may be blocking the growth of the native heap
# Possible solutions:
#   Reduce memory load on the system
#   Increase physical memory or swap space
#   Check if swap backing store is full
#   Decrease Java heap size (-Xmx/-Xms)
#   Decrease number of Java threads
#   Decrease Java thread stack sizes (-Xss)
#   Set larger code cache with -XX:ReservedCodeCacheSize=
# This output file may be truncated or incomplete.
#
#  Out of Memory Error (./src/hotspot/os/windows/os_windows.cpp:3301), pid=5232, tid=11812
#
# JRE version:  (11.0.11+9) (build )
# Java VM: OpenJDK 64-Bit Server VM (11.0.11+9-b60-7590822, mixed mode, sharing, tiered, compressed oops, g1 gc, windows-amd64)
# No core dump will be written. Minidumps are not enabled by default on client versions of Windows
#

---------------  S U M M A R Y ------------

Command Line: org.jetbrains.kotlin.cli.jvm.K2JVMCompiler @E:\Kotlin_project_hj\AuthenticationDemo\app\build\20220522_16440703838210662628.compiler.options

Host: 11th Gen Intel(R) Core(TM) i5-1135G7 @ 2.40GHz, 8 cores, 15G,  Windows 10 , 64 bit Build 22000 (10.0.22000.613)
Time: Sun May 22 18:28:00 2022 India Standard Time elapsed time: 0.007356 seconds (0d 0h 0m 0s)

---------------  T H R E A D  ---------------

Current thread (0x0000026877bac000):  JavaThread "Unknown thread" [_thread_in_vm, id=11812, stack(0x000000e45d900000,0x000000e45da00000)]

Stack: [0x000000e45d900000,0x000000e45da00000]
Native frames: (J=compiled Java code, j=interpreted, Vv=VM code, C=native code)
V  [jvm.dll+0x5f214a]
V  [jvm.dll+0x726fb5]
V  [jvm.dll+0x7285cd]
V  [jvm.dll+0x728c83]
V  [jvm.dll+0x243278]
V  [jvm.dll+0x5ef544]
V  [jvm.dll+0x5e4495]
V  [jvm.dll+0x2fec5b]
V  [jvm.dll+0x2febca]
V  [jvm.dll+0x2feaa2]
V  [jvm.dll+0x303986]
V  [jvm.dll+0x34c3a3]
V  [jvm.dll+0x34caa6]
V  [jvm.dll+0x34c4a3]
V  [jvm.dll+0x2d9688]
V  [jvm.dll+0x2da837]
V  [jvm.dll+0x705ba7]
V  [jvm.dll+0x70739c]
V  [jvm.dll+0x3598f9]
V  [jvm.dll+0x6e931e]
V  [jvm.dll+0x3c1c43]
V  [jvm.dll+0x3c3e81]
C  [jli.dll+0x5373]
C  [ucrtbase.dll+0x26c0c]
C  [KERNEL32.DLL+0x154e0]
C  [ntdll.dll+0x485b]


---------------  P R O C E S S  ---------------

Threads class SMR info:
_java_thread_list=0x0000026877ad2940, length=0, elements={
}

Java Threads: ( => current thread )

Other Threads:
  0x0000026879d04800 GCTaskThread "GC Thread#0" [stack: 0x000000e45da00000,0x000000e45db00000] [id=16740]
  0x0000026879d5f000 ConcurrentGCThread "G1 Main Marker" [stack: 0x000000e45db00000,0x000000e45dc00000] [id=14328]
  0x0000026879d60800 ConcurrentGCThread "G1 Conc#0" [stack: 0x000000e45dc00000,0x000000e45dd00000] [id=12064]

[error occurred during error reporting (printing all threads), id 0xc0000005, EXCEPTION_ACCESS_VIOLATION (0xc0000005) at pc=0x00007ffd7d9c9c47]

VM state:not at safepoint (not fully initialized)

VM Mutex/Monitor currently owned by a thread:  ([mutex/lock_event])
[0x0000026879ced640] Heap_lock - owner thread: 0x0000026877bac000

Heap address: 0x0000000703a00000, size: 4038 MB, Compressed Oops mode: Non-zero based: 0x0000000703a00000
Narrow klass base: 0x0000000000000000, Narrow klass shift: 0

GC Heap History (0 events):
No events

Deoptimization events (0 events):
No events

Classes redefined (0 events):
No events

Internal exceptions (0 events):
No events

Events (1 events):
Event: 0.005 Loaded shared library C:\Program Files\Android\Android Studio\jre\bin\zip.dll


Dynamic libraries:
0x00007ff780270000 - 0x00007ff78027a000 	C:\Program Files\Android\Android Studio\jre\bin\java.exe
0x00007ffdc3d00000 - 0x00007ffdc3f09000 	C:\WINDOWS\SYSTEM32\ntdll.dll
0x00007ffdc34f0000 - 0x00007ffdc35ad000 	C:\WINDOWS\System32\KERNEL32.DLL
0x00007ffdc12e0000 - 0x00007ffdc1654000 	C:\WINDOWS\System32\KERNELBASE.dll
0x00007ffdc19e0000 - 0x00007ffdc1af1000 	C:\WINDOWS\System32\ucrtbase.dll
0x00007ffda2180000 - 0x00007ffda2199000 	C:\Program Files\Android\Android Studio\jre\bin\jli.dll
0x00007ffdbc260000 - 0x00007ffdbc277000 	C:\Program Files\Android\Android Studio\jre\bin\VCRUNTIME140.dll
0x00007ffdc3a50000 - 0x00007ffdc3bfc000 	C:\WINDOWS\System32\USER32.dll
0x00007ffdc19b0000 - 0x00007ffdc19d6000 	C:\WINDOWS\System32\win32u.dll
0x00007ffdc37f0000 - 0x00007ffdc3819000 	C:\WINDOWS\System32\GDI32.dll
0x00007ffd9da40000 - 0x00007ffd9dce5000 	C:\WINDOWS\WinSxS\amd64_microsoft.windows.common-controls_6595b64144ccf1df_6.0.22000.120_none_9d947278b86cc467\COMCTL32.dll
0x00007ffdc1890000 - 0x00007ffdc19a2000 	C:\WINDOWS\System32\gdi32full.dll
0x00007ffdc2f70000 - 0x00007ffdc3013000 	C:\WINDOWS\System32\msvcrt.dll
0x00007ffdc1b00000 - 0x00007ffdc1b9d000 	C:\WINDOWS\System32\msvcp_win.dll
0x00007ffdc3490000 - 0x00007ffdc34c1000 	C:\WINDOWS\System32\IMM32.DLL
0x00007ffd9a360000 - 0x00007ffd9a3fd000 	C:\Program Files\Android\Android Studio\jre\bin\msvcp140.dll
0x00007ffd7d6e0000 - 0x00007ffd7e1b5000 	C:\Program Files\Android\Android Studio\jre\bin\server\jvm.dll
0x00007ffdc2070000 - 0x00007ffdc211e000 	C:\WINDOWS\System32\ADVAPI32.dll
0x00007ffdc3c20000 - 0x00007ffdc3cbe000 	C:\WINDOWS\System32\sechost.dll
0x00007ffdc38d0000 - 0x00007ffdc39f0000 	C:\WINDOWS\System32\RPCRT4.dll
0x00007ffdc2ed0000 - 0x00007ffdc2ed8000 	C:\WINDOWS\System32\PSAPI.DLL
0x00007ffdaef70000 - 0x00007ffdaef79000 	C:\WINDOWS\SYSTEM32\WSOCK32.dll
0x00007ffdb55d0000 - 0x00007ffdb55da000 	C:\WINDOWS\SYSTEM32\VERSION.dll
0x00007ffdb7380000 - 0x00007ffdb73b3000 	C:\WINDOWS\SYSTEM32\WINMM.dll
0x00007ffdc2000000 - 0x00007ffdc206f000 	C:\WINDOWS\System32\WS2_32.dll
0x00007ffdc0360000 - 0x00007ffdc0378000 	C:\WINDOWS\SYSTEM32\kernel.appcore.dll
0x00007ffda3ee0000 - 0x00007ffda3ef1000 	C:\Program Files\Android\Android Studio\jre\bin\verify.dll
0x00007ffdbecf0000 - 0x00007ffdbef11000 	C:\WINDOWS\SYSTEM32\DBGHELP.DLL
0x00007ffdafd80000 - 0x00007ffdafdb1000 	C:\WINDOWS\SYSTEM32\dbgcore.DLL
0x00007ffdc1260000 - 0x00007ffdc12df000 	C:\WINDOWS\System32\bcryptPrimitives.dll
0x00007ffda3e90000 - 0x00007ffda3eb9000 	C:\Program Files\Android\Android Studio\jre\bin\java.dll
0x00007ffdbc950000 - 0x00007ffdbc95b000 	C:\Program Files\Android\Android Studio\jre\bin\jimage.dll
0x00007ffda2490000 - 0x00007ffda24a8000 	C:\Program Files\Android\Android Studio\jre\bin\zip.dll

dbghelp: loaded successfully - version: 4.0.5 - missing functions: none
symbol engine: initialized successfully - sym options: 0x614 - pdb path: .;C:\Program Files\Android\Android Studio\jre\bin;C:\WINDOWS\SYSTEM32;C:\WINDOWS\WinSxS\amd64_microsoft.windows.common-controls_6595b64144ccf1df_6.0.22000.120_none_9d947278b86cc467;C:\Program Files\Android\Android Studio\jre\bin\server

VM Arguments:
java_command: org.jetbrains.kotlin.cli.jvm.K2JVMCompiler @E:\Kotlin_project_hj\AuthenticationDemo\app\build\20220522_16440703838210662628.compiler.options
java_class_path (initial): C:\Users\sudha\.gradle\caches\modules-2\files-2.1\org.jetbrains.kotlin\kotlin-compiler-embeddable\1.6.21\97bdd5a752ce73b58ef16c17bc7f0ea2faff7a2e\kotlin-compiler-embeddable-1.6.21.jar;C:\Users\sudha\.gradle\caches\modules-2\files-2.1\org.jetbrains.kotlin\kotlin-reflect\1.6.21\5dc3574d9b7bebfcb4ec6b10ada4aaa9e140bd0b\kotlin-reflect-1.6.21.jar;C:\Users\sudha\.gradle\caches\modules-2\files-2.1\org.jetbrains.kotlin\kotlin-stdlib\1.6.21\11ef67f1900634fd951bad28c53ec957fabbe5b8\kotlin-stdlib-1.6.21.jar;C:\Users\sudha\.gradle\caches\modules-2\files-2.1\org.jetbrains.kotlin\kotlin-script-runtime\1.6.21\99c6675100da5d6d5b1c5a1032f27f28008d101b\kotlin-script-runtime-1.6.21.jar;C:\Users\sudha\.gradle\caches\modules-2\files-2.1\org.jetbrains.kotlin\kotlin-daemon-embeddable\1.6.21\46b78cf392e1c4f10854c3cadba44abb7b82250f\kotlin-daemon-embeddable-1.6.21.jar;C:\Users\sudha\.gradle\caches\modules-2\files-2.1\org.jetbrains.intellij.deps\trove4j\1.0.20200330\3afb14d5f9ceb459d724e907a21145e8ff394f02\trove4j-1.0.20200330.jar;C:\Users\sudha\.gradle\caches\modules-2\files-2.1\net.java.dev.jna\jna\5.6.0\330f2244e9030119ab3030fc3fededc86713d9cc\jna-5.6.0.jar;C:\Users\sudha\.gradle\caches\modules-2\files-2.1\org.jetbrains.kotlin\kotlin-stdlib-common\1.6.21\5e5b55c26dbc80372a920aef60eb774b714559b8\kotlin-stdlib-common-1.6.21.jar;C:\Users\sudha\.gradle\caches\modules-2\files-2.1\org.jetbrains\annotations\13.0\919f0dfe192fb4e063e7dacadee7f8bb9a2672a9\annotations-13.0.jar
Launcher Type: SUN_STANDARD

[Global flags]
     intx CICompilerCount                          = 4                                         {product} {ergonomic}
     uint ConcGCThreads                            = 2                                         {product} {ergonomic}
     uint G1ConcRefinementThreads                  = 8                                         {product} {ergonomic}
   size_t G1HeapRegionSize                         = 1048576                                   {product} {ergonomic}
    uintx GCDrainStackTargetSize                   = 64                                        {product} {ergonomic}
   size_t InitialHeapSize                          = 266338304                                 {product} {ergonomic}
   size_t MarkStackSize                            = 4194304                                   {product} {ergonomic}
   size_t MaxHeapSize                              = 4234149888                                {product} {ergonomic}
   size_t MinHeapDeltaBytes                        = 1048576                                   {product} {ergonomic}
    uintx NonNMethodCodeHeapSize                   = 5836300                                {pd product} {ergonomic}
    uintx NonProfiledCodeHeapSize                  = 122910970                              {pd product} {ergonomic}
    uintx ProfiledCodeHeapSize                     = 122910970                              {pd product} {ergonomic}
    uintx ReservedCodeCacheSize                    = 251658240                              {pd product} {ergonomic}
     bool SegmentedCodeCache                       = true                                      {product} {ergonomic}
     bool UseCompressedClassPointers               = true                                 {lp64_product} {ergonomic}
     bool UseCompressedOops                        = true                                 {lp64_product} {ergonomic}
     bool UseG1GC                                  = true                                      {product} {ergonomic}
     bool UseLargePagesIndividualAllocation        = false                                  {pd product} {ergonomic}

Logging:
Log output configuration:
 #0: stdout all=warning uptime,level,tags
 #1: stderr all=off uptime,level,tags

Environment Variables:
JAVA_HOME=C:\Program Files\OpenJDK\openjdk-8u312-b07
PATH=C:\WINDOWS\system32;C:\WINDOWS;C:\WINDOWS\System32\Wbem;C:\WINDOWS\System32\WindowsPowerShell\v1.0\;C:\WINDOWS\System32\OpenSSH\;C:\Program Files\Git\cmd;C:\ProgramData\chocolatey\bin;C:\Program Files\nodejs\;C:\Program Files\OpenJDK\openjdk-8u312-b07\bin;C:\Users\sudha\AppData\Local\Android\Sdk\platform-tools;C:\Users\sudha\AppData\Local\Microsoft\WindowsApps;C:\Program Files (x86)\Sophos\Sophos SSL VPN Client\bin;C:\Users\sudha\AppData\Roaming\npm;C:\Users\sudha\AppData\Local\Programs\Microsoft VS Code\bin
USERNAME=sudha
OS=Windows_NT
PROCESSOR_IDENTIFIER=Intel64 Family 6 Model 140 Stepping 1, GenuineIntel



---------------  S Y S T E M  ---------------

OS: Windows 10 , 64 bit Build 22000 (10.0.22000.613)
OS uptime: 0 days 5:11 hours

CPU:total 8 (initial active 8) (4 cores per cpu, 2 threads per core) family 6 model 140 stepping 1 microcode 0x9a, cmov, cx8, fxsr, mmx, sse, sse2, sse3, ssse3, sse4.1, sse4.2, popcnt, avx, avx2, aes, clmul, erms, 3dnowpref, lzcnt, ht, tsc, tscinvbit, bmi1, bmi2, adx, evex, sha, fma

Memory: 4k page, system-wide physical 16149M (939M free)
TotalPageFile size 16149M (AvailPageFile size 214M)
current process WorkingSet (physical memory assigned to process): 10M, peak: 10M
current process commit charge ("private bytes"): 60M, peak: 314M

vm_info: OpenJDK 64-Bit Server VM (11.0.11+9-b60-7590822) for windows-amd64 JRE (11.0.11+9-b60-7590822), built on Jul 29 2021 21:43:44 by "builder" with MS VC++ 14.0 (VS2015)

END.
