#
# There is insufficient memory for the Java Runtime Environment to continue.
# Native memory allocation (malloc) failed to allocate 1814416 bytes for Chunk::new
# Possible reasons:
#   The system is out of physical RAM or swap space
#   The process is running with CompressedOops enabled, and the Java Heap may be blocking the growth of the native heap
# Possible solutions:
#   Reduce memory load on the system
#   Increase physical memory or swap space
#   Check if swap backing store is full
#   Decrease Java heap size (-Xmx/-Xms)
#   Decrease number of Java threads
#   Decrease Java thread stack sizes (-Xss)
#   Set larger code cache with -XX:ReservedCodeCacheSize=
#   JVM is running with Unscaled Compressed Oops mode in which the Java heap is
#     placed in the first 4GB address space. The Java Heap base address is the
#     maximum limit for the native heap growth. Please use -XX:HeapBaseMinAddress
#     to set the Java Heap base and to place the Java Heap above 4GB virtual address.
# This output file may be truncated or incomplete.
#
#  Out of Memory Error (./src/hotspot/share/memory/arena.cpp:197), pid=9760, tid=11380
#
# JRE version: OpenJDK Runtime Environment (11.0.11+9) (build 11.0.11+9-b60-7590822)
# Java VM: OpenJDK 64-Bit Server VM (11.0.11+9-b60-7590822, mixed mode, tiered, compressed oops, g1 gc, windows-amd64)
# No core dump will be written. Minidumps are not enabled by default on client versions of Windows
#

---------------  S U M M A R Y ------------

Command Line: --add-opens=java.base/java.util=ALL-UNNAMED --add-opens=java.base/java.lang=ALL-UNNAMED --add-opens=java.base/java.lang.invoke=ALL-UNNAMED --add-opens=java.base/java.util=ALL-UNNAMED --add-opens=java.prefs/java.util.prefs=ALL-UNNAMED --add-opens=java.prefs/java.util.prefs=ALL-UNNAMED --add-opens=java.base/java.nio.charset=ALL-UNNAMED --add-opens=java.base/java.net=ALL-UNNAMED --add-opens=java.base/java.util.concurrent.atomic=ALL-UNNAMED -Xmx2048m -Dfile.encoding=UTF-8 -Duser.country=IN -Duser.language=en -Duser.variant org.gradle.launcher.daemon.bootstrap.GradleDaemon 7.2

Host: 11th Gen Intel(R) Core(TM) i5-1135G7 @ 2.40GHz, 8 cores, 15G,  Windows 10 , 64 bit Build 22000 (10.0.22000.613)
Time: Sun May 22 18:29:29 2022 India Standard Time elapsed time: 2.596220 seconds (0d 0h 0m 2s)

---------------  T H R E A D  ---------------

Current thread (0x000002170f09b000):  JavaThread "C2 CompilerThread0" daemon [_thread_in_native, id=11380, stack(0x00000052b0e00000,0x00000052b0f00000)]


Current CompileTask:
C2:   2596 2266       4       java.net.URLClassLoader$1::run (5 bytes)

Stack: [0x00000052b0e00000,0x00000052b0f00000]
Native frames: (J=compiled Java code, j=interpreted, Vv=VM code, C=native code)
V  [jvm.dll+0x5f214a]
V  [jvm.dll+0x726fb5]
V  [jvm.dll+0x7285cd]
V  [jvm.dll+0x728c83]
V  [jvm.dll+0x243278]
V  [jvm.dll+0xbc53c]
V  [jvm.dll+0xbca3c]
V  [jvm.dll+0x353e3b]
V  [jvm.dll+0x321893]
V  [jvm.dll+0x320d8a]
V  [jvm.dll+0x1fc1e2]
V  [jvm.dll+0x1fb3d4]
V  [jvm.dll+0x183d6c]
V  [jvm.dll+0x209a57]
V  [jvm.dll+0x2082a1]
V  [jvm.dll+0x6ef58f]
V  [jvm.dll+0x6e80b5]
V  [jvm.dll+0x5f1036]
C  [ucrtbase.dll+0x26c0c]
C  [KERNEL32.DLL+0x154e0]
C  [ntdll.dll+0x485b]


---------------  P R O C E S S  ---------------

Threads class SMR info:
_java_thread_list=0x0000021712178b90, length=30, elements={
0x000002177426e000, 0x000002170f034800, 0x000002170f03f800, 0x000002170f094800,
0x000002170f095800, 0x000002170f096800, 0x000002170f09b000, 0x000002170f09d000,
0x000002170f09f000, 0x000002170f218000, 0x0000021710ba1000, 0x000002170f3f6800,
0x00000217119ef000, 0x000002171139c000, 0x000002171108a000, 0x0000021710cad000,
0x000002170faf1800, 0x00000217115d7800, 0x00000217115bf000, 0x0000021711884800,
0x0000021711886800, 0x0000021711887000, 0x0000021711884000, 0x0000021710cc3000,
0x0000021711885800, 0x0000021711888000, 0x0000021711882800, 0x0000021711889000,
0x0000021711883000, 0x0000021712bce800
}

Java Threads: ( => current thread )
  0x000002177426e000 JavaThread "main" [_thread_blocked, id=6944, stack(0x00000052b0200000,0x00000052b0300000)]
  0x000002170f034800 JavaThread "Reference Handler" daemon [_thread_blocked, id=18040, stack(0x00000052b0900000,0x00000052b0a00000)]
  0x000002170f03f800 JavaThread "Finalizer" daemon [_thread_blocked, id=14020, stack(0x00000052b0a00000,0x00000052b0b00000)]
  0x000002170f094800 JavaThread "Signal Dispatcher" daemon [_thread_blocked, id=10772, stack(0x00000052b0b00000,0x00000052b0c00000)]
  0x000002170f095800 JavaThread "Attach Listener" daemon [_thread_blocked, id=16724, stack(0x00000052b0c00000,0x00000052b0d00000)]
  0x000002170f096800 JavaThread "Service Thread" daemon [_thread_blocked, id=10836, stack(0x00000052b0d00000,0x00000052b0e00000)]
=>0x000002170f09b000 JavaThread "C2 CompilerThread0" daemon [_thread_in_native, id=11380, stack(0x00000052b0e00000,0x00000052b0f00000)]
  0x000002170f09d000 JavaThread "C1 CompilerThread0" daemon [_thread_in_native, id=16808, stack(0x00000052b0f00000,0x00000052b1000000)]
  0x000002170f09f000 JavaThread "Sweeper thread" daemon [_thread_blocked, id=14888, stack(0x00000052b1000000,0x00000052b1100000)]
  0x000002170f218000 JavaThread "Common-Cleaner" daemon [_thread_blocked, id=11284, stack(0x00000052b1100000,0x00000052b1200000)]
  0x0000021710ba1000 JavaThread "Daemon health stats" [_thread_blocked, id=15864, stack(0x00000052b1a00000,0x00000052b1b00000)]
  0x000002170f3f6800 JavaThread "Incoming local TCP Connector on port 55600" [_thread_in_native, id=4120, stack(0x00000052b1300000,0x00000052b1400000)]
  0x00000217119ef000 JavaThread "Daemon periodic checks" [_thread_blocked, id=13224, stack(0x00000052b1400000,0x00000052b1500000)]
  0x000002171139c000 JavaThread "Daemon" [_thread_blocked, id=19136, stack(0x00000052b1b00000,0x00000052b1c00000)]
  0x000002171108a000 JavaThread "Handler for socket connection from /127.0.0.1:55600 to /127.0.0.1:55601" [_thread_in_native, id=17384, stack(0x00000052b1c00000,0x00000052b1d00000)]
  0x0000021710cad000 JavaThread "Cancel handler" [_thread_blocked, id=692, stack(0x00000052b1d00000,0x00000052b1e00000)]
  0x000002170faf1800 JavaThread "Daemon worker" [_thread_in_native, id=9148, stack(0x00000052b1e00000,0x00000052b1f00000)]
  0x00000217115d7800 JavaThread "Asynchronous log dispatcher for DefaultDaemonConnection: socket connection from /127.0.0.1:55600 to /127.0.0.1:55601" [_thread_blocked, id=660, stack(0x00000052b1f00000,0x00000052b2000000)]
  0x00000217115bf000 JavaThread "Stdin handler" [_thread_blocked, id=17236, stack(0x00000052b2000000,0x00000052b2100000)]
  0x0000021711884800 JavaThread "Daemon client event forwarder" [_thread_blocked, id=19244, stack(0x00000052b2100000,0x00000052b2200000)]
  0x0000021711886800 JavaThread "Cache worker for journal cache (C:\Users\sudha\.gradle\caches\journal-1)" [_thread_blocked, id=1008, stack(0x00000052b2200000,0x00000052b2300000)]
  0x0000021711887000 JavaThread "File lock request listener" [_thread_in_native, id=5428, stack(0x00000052b2300000,0x00000052b2400000)]
  0x0000021711884000 JavaThread "Cache worker for file hash cache (C:\Users\sudha\.gradle\caches\7.2\fileHashes)" [_thread_blocked, id=15388, stack(0x00000052b2400000,0x00000052b2500000)]
  0x0000021710cc3000 JavaThread "C2 CompilerThread1" daemon [_thread_in_native, id=18008, stack(0x00000052b2800000,0x00000052b2900000)]
  0x0000021711885800 JavaThread "Cache worker for file hash cache (E:\Kotlin_project_hj\AuthenticationDemo\.gradle\7.2\fileHashes)" [_thread_blocked, id=14544, stack(0x00000052b2900000,0x00000052b2a00000)]
  0x0000021711888000 JavaThread "File watcher server" daemon [_thread_in_native, id=5408, stack(0x00000052b2a00000,0x00000052b2b00000)]
  0x0000021711882800 JavaThread "File watcher consumer" daemon [_thread_blocked, id=7612, stack(0x00000052b2b00000,0x00000052b2c00000)]
  0x0000021711889000 JavaThread "Cache worker for checksums cache (E:\Kotlin_project_hj\AuthenticationDemo\.gradle\checksums)" [_thread_blocked, id=12900, stack(0x00000052b2c00000,0x00000052b2d00000)]
  0x0000021711883000 JavaThread "Cache worker for cache directory md-supplier (C:\Users\sudha\.gradle\caches\7.2\md-supplier)" [_thread_blocked, id=10596, stack(0x00000052b2d00000,0x00000052b2e00000)]
  0x0000021712bce800 JavaThread "Cache worker for cache directory md-rule (C:\Users\sudha\.gradle\caches\7.2\md-rule)" [_thread_blocked, id=12360, stack(0x00000052b2e00000,0x00000052b2f00000)]

Other Threads:
  0x000002177f72d000 VMThread "VM Thread" [stack: 0x00000052b0800000,0x00000052b0900000] [id=5752]
  0x000002170f23d000 WatcherThread [stack: 0x00000052b1200000,0x00000052b1300000] [id=7624]
  0x0000021774288800 GCTaskThread "GC Thread#0" [stack: 0x00000052b0300000,0x00000052b0400000] [id=18880]
  0x000002170f73b800 GCTaskThread "GC Thread#1" [stack: 0x00000052b1500000,0x00000052b1600000] [id=9880]
  0x000002170f660000 GCTaskThread "GC Thread#2" [stack: 0x00000052b1600000,0x00000052b1700000] [id=7332]
  0x000002170f660800 GCTaskThread "GC Thread#3" [stack: 0x00000052b1700000,0x00000052b1800000] [id=17548]
  0x000002170f661800 GCTaskThread "GC Thread#4" [stack: 0x00000052b1800000,0x00000052b1900000] [id=11900]
  0x000002170fa4e800 GCTaskThread "GC Thread#5" [stack: 0x00000052b1900000,0x00000052b1a00000] [id=2652]
  0x00000217111ad000 GCTaskThread "GC Thread#6" [stack: 0x00000052b2500000,0x00000052b2600000] [id=17884]
  0x000002171141f800 GCTaskThread "GC Thread#7" [stack: 0x00000052b2600000,0x00000052b2700000] [id=17888]
  0x00000217742ba800 ConcurrentGCThread "G1 Main Marker" [stack: 0x00000052b0400000,0x00000052b0500000] [id=16196]
  0x00000217742bc000 ConcurrentGCThread "G1 Conc#0" [stack: 0x00000052b0500000,0x00000052b0600000] [id=16268]
  0x000002171277e800 ConcurrentGCThread "G1 Conc#1" [stack: 0x00000052b2700000,0x00000052b2800000] [id=13632]
  0x000002177434e000 ConcurrentGCThread "G1 Refine#0" [stack: 0x00000052b0600000,0x00000052b0700000] [id=11784]
  0x000002177f5ad800 ConcurrentGCThread "G1 Young RemSet Sampling" [stack: 0x00000052b0700000,0x00000052b0800000] [id=1128]

Threads with active compile tasks:
C2 CompilerThread0   2605 2266       4       java.net.URLClassLoader$1::run (5 bytes)
C1 CompilerThread0   2605 2371       3       org.objectweb.asm.SymbolTable::addConstantNameAndType (137 bytes)
C2 CompilerThread1   2605 2267   !   4       java.net.URLClassLoader$1::run (63 bytes)

VM state:not at safepoint (normal execution)

VM Mutex/Monitor currently owned by a thread: None

Heap address: 0x0000000080000000, size: 2048 MB, Compressed Oops mode: 32-bit
Narrow klass base: 0x0000000000000000, Narrow klass shift: 3
Compressed class space size: 1073741824 Address: 0x0000000100000000

Heap:
 garbage-first heap   total 260096K, used 56767K [0x0000000080000000, 0x0000000100000000)
  region size 1024K, 40 young (40960K), 2 survivors (2048K)
 Metaspace       used 27972K, capacity 28629K, committed 28800K, reserved 1075200K
  class space    used 3705K, capacity 3943K, committed 3968K, reserved 1048576K
Heap Regions: E=young(eden), S=young(survivor), O=old, HS=humongous(starts), HC=humongous(continues), CS=collection set, F=free, A=archive, TAMS=top-at-mark-start (previous, next)
|   0|0x0000000080000000, 0x0000000080100000, 0x0000000080100000|100%| O|  |TAMS 0x0000000080000000, 0x0000000080000000| Untracked 
|   1|0x0000000080100000, 0x0000000080200000, 0x0000000080200000|100%| O|  |TAMS 0x0000000080100000, 0x0000000080100000| Untracked 
|   2|0x0000000080200000, 0x0000000080300000, 0x0000000080300000|100%| O|  |TAMS 0x0000000080200000, 0x0000000080200000| Untracked 
|   3|0x0000000080300000, 0x0000000080400000, 0x0000000080400000|100%|HS|  |TAMS 0x0000000080400000, 0x0000000080300000| Complete 
|   4|0x0000000080400000, 0x0000000080500000, 0x0000000080500000|100%|HC|  |TAMS 0x0000000080500000, 0x0000000080400000| Complete 
|   5|0x0000000080500000, 0x0000000080600000, 0x0000000080600000|100%|HC|  |TAMS 0x0000000080600000, 0x0000000080500000| Complete 
|   6|0x0000000080600000, 0x0000000080700000, 0x0000000080700000|100%| O|  |TAMS 0x0000000080700000, 0x0000000080600000| Untracked 
|   7|0x0000000080700000, 0x0000000080800000, 0x0000000080800000|100%| O|  |TAMS 0x0000000080800000, 0x0000000080700000| Untracked 
|   8|0x0000000080800000, 0x0000000080900000, 0x0000000080900000|100%| O|  |TAMS 0x0000000080900000, 0x0000000080800000| Untracked 
|   9|0x0000000080900000, 0x0000000080a00000, 0x0000000080a00000|100%| O|  |TAMS 0x000000008093c400, 0x0000000080900000| Untracked 
|  10|0x0000000080a00000, 0x0000000080b00000, 0x0000000080b00000|100%| O|  |TAMS 0x0000000080a00000, 0x0000000080a00000| Untracked 
|  11|0x0000000080b00000, 0x0000000080c00000, 0x0000000080c00000|100%| O|  |TAMS 0x0000000080b00000, 0x0000000080b00000| Untracked 
|  12|0x0000000080c00000, 0x0000000080d00000, 0x0000000080d00000|100%| O|  |TAMS 0x0000000080c00000, 0x0000000080c00000| Untracked 
|  13|0x0000000080d00000, 0x0000000080e00000, 0x0000000080e00000|100%| O|  |TAMS 0x0000000080d00000, 0x0000000080d00000| Untracked 
|  14|0x0000000080e00000, 0x0000000080f00000, 0x0000000080f00000|100%| O|  |TAMS 0x0000000080e00000, 0x0000000080e00000| Untracked 
|  15|0x0000000080f00000, 0x0000000081000000, 0x0000000081000000|100%| O|  |TAMS 0x0000000080f00000, 0x0000000080f00000| Untracked 
|  16|0x0000000081000000, 0x0000000081078400, 0x0000000081100000| 46%| O|  |TAMS 0x0000000081000000, 0x0000000081000000| Untracked 
|  17|0x0000000081100000, 0x0000000081100000, 0x0000000081200000|  0%| F|  |TAMS 0x0000000081100000, 0x0000000081100000| Untracked 
|  18|0x0000000081200000, 0x0000000081200000, 0x0000000081300000|  0%| F|  |TAMS 0x0000000081200000, 0x0000000081200000| Untracked 
|  19|0x0000000081300000, 0x0000000081300000, 0x0000000081400000|  0%| F|  |TAMS 0x0000000081300000, 0x0000000081300000| Untracked 
|  20|0x0000000081400000, 0x0000000081400000, 0x0000000081500000|  0%| F|  |TAMS 0x0000000081400000, 0x0000000081400000| Untracked 
|  21|0x0000000081500000, 0x0000000081500000, 0x0000000081600000|  0%| F|  |TAMS 0x0000000081500000, 0x0000000081500000| Untracked 
|  22|0x0000000081600000, 0x0000000081600000, 0x0000000081700000|  0%| F|  |TAMS 0x0000000081600000, 0x0000000081600000| Untracked 
|  23|0x0000000081700000, 0x0000000081700000, 0x0000000081800000|  0%| F|  |TAMS 0x0000000081700000, 0x0000000081700000| Untracked 
|  24|0x0000000081800000, 0x0000000081800000, 0x0000000081900000|  0%| F|  |TAMS 0x0000000081800000, 0x0000000081800000| Untracked 
|  25|0x0000000081900000, 0x0000000081900000, 0x0000000081a00000|  0%| F|  |TAMS 0x0000000081900000, 0x0000000081900000| Untracked 
|  26|0x0000000081a00000, 0x0000000081a00000, 0x0000000081b00000|  0%| F|  |TAMS 0x0000000081a00000, 0x0000000081a00000| Untracked 
|  27|0x0000000081b00000, 0x0000000081b00000, 0x0000000081c00000|  0%| F|  |TAMS 0x0000000081b00000, 0x0000000081b00000| Untracked 
|  28|0x0000000081c00000, 0x0000000081c00000, 0x0000000081d00000|  0%| F|  |TAMS 0x0000000081c00000, 0x0000000081c00000| Untracked 
|  29|0x0000000081d00000, 0x0000000081d00000, 0x0000000081e00000|  0%| F|  |TAMS 0x0000000081d00000, 0x0000000081d00000| Untracked 
|  30|0x0000000081e00000, 0x0000000081e00000, 0x0000000081f00000|  0%| F|  |TAMS 0x0000000081e00000, 0x0000000081e00000| Untracked 
|  31|0x0000000081f00000, 0x0000000081f00000, 0x0000000082000000|  0%| F|  |TAMS 0x0000000081f00000, 0x0000000081f00000| Untracked 
|  32|0x0000000082000000, 0x0000000082000000, 0x0000000082100000|  0%| F|  |TAMS 0x0000000082000000, 0x0000000082000000| Untracked 
|  33|0x0000000082100000, 0x0000000082100000, 0x0000000082200000|  0%| F|  |TAMS 0x0000000082100000, 0x0000000082100000| Untracked 
|  34|0x0000000082200000, 0x0000000082200000, 0x0000000082300000|  0%| F|  |TAMS 0x0000000082200000, 0x0000000082200000| Untracked 
|  35|0x0000000082300000, 0x0000000082300000, 0x0000000082400000|  0%| F|  |TAMS 0x0000000082300000, 0x0000000082300000| Untracked 
|  36|0x0000000082400000, 0x0000000082400000, 0x0000000082500000|  0%| F|  |TAMS 0x0000000082400000, 0x0000000082400000| Untracked 
|  37|0x0000000082500000, 0x0000000082500000, 0x0000000082600000|  0%| F|  |TAMS 0x0000000082500000, 0x0000000082500000| Untracked 
|  38|0x0000000082600000, 0x0000000082600000, 0x0000000082700000|  0%| F|  |TAMS 0x0000000082600000, 0x0000000082600000| Untracked 
|  39|0x0000000082700000, 0x0000000082700000, 0x0000000082800000|  0%| F|  |TAMS 0x0000000082700000, 0x0000000082700000| Untracked 
|  40|0x0000000082800000, 0x0000000082800000, 0x0000000082900000|  0%| F|  |TAMS 0x0000000082800000, 0x0000000082800000| Untracked 
|  41|0x0000000082900000, 0x0000000082900000, 0x0000000082a00000|  0%| F|  |TAMS 0x0000000082900000, 0x0000000082900000| Untracked 
|  42|0x0000000082a00000, 0x0000000082a00000, 0x0000000082b00000|  0%| F|  |TAMS 0x0000000082a00000, 0x0000000082a00000| Untracked 
|  43|0x0000000082b00000, 0x0000000082b00000, 0x0000000082c00000|  0%| F|  |TAMS 0x0000000082b00000, 0x0000000082b00000| Untracked 
|  44|0x0000000082c00000, 0x0000000082c00000, 0x0000000082d00000|  0%| F|  |TAMS 0x0000000082c00000, 0x0000000082c00000| Untracked 
|  45|0x0000000082d00000, 0x0000000082d00000, 0x0000000082e00000|  0%| F|  |TAMS 0x0000000082d00000, 0x0000000082d00000| Untracked 
|  46|0x0000000082e00000, 0x0000000082e00000, 0x0000000082f00000|  0%| F|  |TAMS 0x0000000082e00000, 0x0000000082e00000| Untracked 
|  47|0x0000000082f00000, 0x0000000082f00000, 0x0000000083000000|  0%| F|  |TAMS 0x0000000082f00000, 0x0000000082f00000| Untracked 
|  48|0x0000000083000000, 0x0000000083000000, 0x0000000083100000|  0%| F|  |TAMS 0x0000000083000000, 0x0000000083000000| Untracked 
|  49|0x0000000083100000, 0x0000000083100000, 0x0000000083200000|  0%| F|  |TAMS 0x0000000083100000, 0x0000000083100000| Untracked 
|  50|0x0000000083200000, 0x0000000083200000, 0x0000000083300000|  0%| F|  |TAMS 0x0000000083200000, 0x0000000083200000| Untracked 
|  51|0x0000000083300000, 0x0000000083300000, 0x0000000083400000|  0%| F|  |TAMS 0x0000000083300000, 0x0000000083300000| Untracked 
|  52|0x0000000083400000, 0x0000000083400000, 0x0000000083500000|  0%| F|  |TAMS 0x0000000083400000, 0x0000000083400000| Untracked 
|  53|0x0000000083500000, 0x0000000083500000, 0x0000000083600000|  0%| F|  |TAMS 0x0000000083500000, 0x0000000083500000| Untracked 
|  54|0x0000000083600000, 0x0000000083600000, 0x0000000083700000|  0%| F|  |TAMS 0x0000000083600000, 0x0000000083600000| Untracked 
|  55|0x0000000083700000, 0x0000000083700000, 0x0000000083800000|  0%| F|  |TAMS 0x0000000083700000, 0x0000000083700000| Untracked 
|  56|0x0000000083800000, 0x0000000083800000, 0x0000000083900000|  0%| F|  |TAMS 0x0000000083800000, 0x0000000083800000| Untracked 
|  57|0x0000000083900000, 0x0000000083900000, 0x0000000083a00000|  0%| F|  |TAMS 0x0000000083900000, 0x0000000083900000| Untracked 
|  58|0x0000000083a00000, 0x0000000083a00000, 0x0000000083b00000|  0%| F|  |TAMS 0x0000000083a00000, 0x0000000083a00000| Untracked 
|  59|0x0000000083b00000, 0x0000000083b00000, 0x0000000083c00000|  0%| F|  |TAMS 0x0000000083b00000, 0x0000000083b00000| Untracked 
|  60|0x0000000083c00000, 0x0000000083c00000, 0x0000000083d00000|  0%| F|  |TAMS 0x0000000083c00000, 0x0000000083c00000| Untracked 
|  61|0x0000000083d00000, 0x0000000083d00000, 0x0000000083e00000|  0%| F|  |TAMS 0x0000000083d00000, 0x0000000083d00000| Untracked 
|  62|0x0000000083e00000, 0x0000000083e00000, 0x0000000083f00000|  0%| F|  |TAMS 0x0000000083e00000, 0x0000000083e00000| Untracked 
|  63|0x0000000083f00000, 0x0000000083f00000, 0x0000000084000000|  0%| F|  |TAMS 0x0000000083f00000, 0x0000000083f00000| Untracked 
|  64|0x0000000084000000, 0x0000000084000000, 0x0000000084100000|  0%| F|  |TAMS 0x0000000084000000, 0x0000000084000000| Untracked 
|  65|0x0000000084100000, 0x0000000084100000, 0x0000000084200000|  0%| F|  |TAMS 0x0000000084100000, 0x0000000084100000| Untracked 
|  66|0x0000000084200000, 0x0000000084200000, 0x0000000084300000|  0%| F|  |TAMS 0x0000000084200000, 0x0000000084200000| Untracked 
|  67|0x0000000084300000, 0x0000000084300000, 0x0000000084400000|  0%| F|  |TAMS 0x0000000084300000, 0x0000000084300000| Untracked 
|  68|0x0000000084400000, 0x0000000084400000, 0x0000000084500000|  0%| F|  |TAMS 0x0000000084400000, 0x0000000084400000| Untracked 
|  69|0x0000000084500000, 0x0000000084500000, 0x0000000084600000|  0%| F|  |TAMS 0x0000000084500000, 0x0000000084500000| Untracked 
|  70|0x0000000084600000, 0x0000000084600000, 0x0000000084700000|  0%| F|  |TAMS 0x0000000084600000, 0x0000000084600000| Untracked 
|  71|0x0000000084700000, 0x0000000084700000, 0x0000000084800000|  0%| F|  |TAMS 0x0000000084700000, 0x0000000084700000| Untracked 
|  72|0x0000000084800000, 0x0000000084800000, 0x0000000084900000|  0%| F|  |TAMS 0x0000000084800000, 0x0000000084800000| Untracked 
|  73|0x0000000084900000, 0x0000000084900000, 0x0000000084a00000|  0%| F|  |TAMS 0x0000000084900000, 0x0000000084900000| Untracked 
|  74|0x0000000084a00000, 0x0000000084a00000, 0x0000000084b00000|  0%| F|  |TAMS 0x0000000084a00000, 0x0000000084a00000| Untracked 
|  75|0x0000000084b00000, 0x0000000084b00000, 0x0000000084c00000|  0%| F|  |TAMS 0x0000000084b00000, 0x0000000084b00000| Untracked 
|  76|0x0000000084c00000, 0x0000000084c00000, 0x0000000084d00000|  0%| F|  |TAMS 0x0000000084c00000, 0x0000000084c00000| Untracked 
|  77|0x0000000084d00000, 0x0000000084d00000, 0x0000000084e00000|  0%| F|  |TAMS 0x0000000084d00000, 0x0000000084d00000| Untracked 
|  78|0x0000000084e00000, 0x0000000084e00000, 0x0000000084f00000|  0%| F|  |TAMS 0x0000000084e00000, 0x0000000084e00000| Untracked 
|  79|0x0000000084f00000, 0x0000000084f00000, 0x0000000085000000|  0%| F|  |TAMS 0x0000000084f00000, 0x0000000084f00000| Untracked 
|  80|0x0000000085000000, 0x0000000085000000, 0x0000000085100000|  0%| F|  |TAMS 0x0000000085000000, 0x0000000085000000| Untracked 
|  81|0x0000000085100000, 0x0000000085100000, 0x0000000085200000|  0%| F|  |TAMS 0x0000000085100000, 0x0000000085100000| Untracked 
|  82|0x0000000085200000, 0x0000000085200000, 0x0000000085300000|  0%| F|  |TAMS 0x0000000085200000, 0x0000000085200000| Untracked 
|  83|0x0000000085300000, 0x0000000085300000, 0x0000000085400000|  0%| F|  |TAMS 0x0000000085300000, 0x0000000085300000| Untracked 
|  84|0x0000000085400000, 0x0000000085400000, 0x0000000085500000|  0%| F|  |TAMS 0x0000000085400000, 0x0000000085400000| Untracked 
|  85|0x0000000085500000, 0x0000000085500000, 0x0000000085600000|  0%| F|  |TAMS 0x0000000085500000, 0x0000000085500000| Untracked 
|  86|0x0000000085600000, 0x0000000085600000, 0x0000000085700000|  0%| F|  |TAMS 0x0000000085600000, 0x0000000085600000| Untracked 
|  87|0x0000000085700000, 0x0000000085700000, 0x0000000085800000|  0%| F|  |TAMS 0x0000000085700000, 0x0000000085700000| Untracked 
|  88|0x0000000085800000, 0x0000000085800000, 0x0000000085900000|  0%| F|  |TAMS 0x0000000085800000, 0x0000000085800000| Untracked 
|  89|0x0000000085900000, 0x0000000085900000, 0x0000000085a00000|  0%| F|  |TAMS 0x0000000085900000, 0x0000000085900000| Untracked 
|  90|0x0000000085a00000, 0x0000000085a00000, 0x0000000085b00000|  0%| F|  |TAMS 0x0000000085a00000, 0x0000000085a00000| Untracked 
|  91|0x0000000085b00000, 0x0000000085b00000, 0x0000000085c00000|  0%| F|  |TAMS 0x0000000085b00000, 0x0000000085b00000| Untracked 
|  92|0x0000000085c00000, 0x0000000085c00000, 0x0000000085d00000|  0%| F|  |TAMS 0x0000000085c00000, 0x0000000085c00000| Untracked 
|  93|0x0000000085d00000, 0x0000000085d00000, 0x0000000085e00000|  0%| F|  |TAMS 0x0000000085d00000, 0x0000000085d00000| Untracked 
|  94|0x0000000085e00000, 0x0000000085e00000, 0x0000000085f00000|  0%| F|  |TAMS 0x0000000085e00000, 0x0000000085e00000| Untracked 
|  95|0x0000000085f00000, 0x0000000085f00000, 0x0000000086000000|  0%| F|  |TAMS 0x0000000085f00000, 0x0000000085f00000| Untracked 
|  96|0x0000000086000000, 0x0000000086000000, 0x0000000086100000|  0%| F|  |TAMS 0x0000000086000000, 0x0000000086000000| Untracked 
|  97|0x0000000086100000, 0x0000000086100000, 0x0000000086200000|  0%| F|  |TAMS 0x0000000086100000, 0x0000000086100000| Untracked 
|  98|0x0000000086200000, 0x0000000086200000, 0x0000000086300000|  0%| F|  |TAMS 0x0000000086200000, 0x0000000086200000| Untracked 
|  99|0x0000000086300000, 0x0000000086300000, 0x0000000086400000|  0%| F|  |TAMS 0x0000000086300000, 0x0000000086300000| Untracked 
| 100|0x0000000086400000, 0x0000000086400000, 0x0000000086500000|  0%| F|  |TAMS 0x0000000086400000, 0x0000000086400000| Untracked 
| 101|0x0000000086500000, 0x0000000086500000, 0x0000000086600000|  0%| F|  |TAMS 0x0000000086500000, 0x0000000086500000| Untracked 
| 102|0x0000000086600000, 0x0000000086600000, 0x0000000086700000|  0%| F|  |TAMS 0x0000000086600000, 0x0000000086600000| Untracked 
| 103|0x0000000086700000, 0x0000000086700000, 0x0000000086800000|  0%| F|  |TAMS 0x0000000086700000, 0x0000000086700000| Untracked 
| 104|0x0000000086800000, 0x0000000086800000, 0x0000000086900000|  0%| F|  |TAMS 0x0000000086800000, 0x0000000086800000| Untracked 
| 105|0x0000000086900000, 0x0000000086900000, 0x0000000086a00000|  0%| F|  |TAMS 0x0000000086900000, 0x0000000086900000| Untracked 
| 106|0x0000000086a00000, 0x0000000086a00000, 0x0000000086b00000|  0%| F|  |TAMS 0x0000000086a00000, 0x0000000086a00000| Untracked 
| 107|0x0000000086b00000, 0x0000000086b00000, 0x0000000086c00000|  0%| F|  |TAMS 0x0000000086b00000, 0x0000000086b00000| Untracked 
| 108|0x0000000086c00000, 0x0000000086c00000, 0x0000000086d00000|  0%| F|  |TAMS 0x0000000086c00000, 0x0000000086c00000| Untracked 
| 109|0x0000000086d00000, 0x0000000086d00000, 0x0000000086e00000|  0%| F|  |TAMS 0x0000000086d00000, 0x0000000086d00000| Untracked 
| 110|0x0000000086e00000, 0x0000000086e00000, 0x0000000086f00000|  0%| F|  |TAMS 0x0000000086e00000, 0x0000000086e00000| Untracked 
| 111|0x0000000086f00000, 0x0000000086f00000, 0x0000000087000000|  0%| F|  |TAMS 0x0000000086f00000, 0x0000000086f00000| Untracked 
| 112|0x0000000087000000, 0x0000000087000000, 0x0000000087100000|  0%| F|  |TAMS 0x0000000087000000, 0x0000000087000000| Untracked 
| 113|0x0000000087100000, 0x0000000087100000, 0x0000000087200000|  0%| F|  |TAMS 0x0000000087100000, 0x0000000087100000| Untracked 
| 114|0x0000000087200000, 0x0000000087200000, 0x0000000087300000|  0%| F|  |TAMS 0x0000000087200000, 0x0000000087200000| Untracked 
| 115|0x0000000087300000, 0x0000000087300000, 0x0000000087400000|  0%| F|  |TAMS 0x0000000087300000, 0x0000000087300000| Untracked 
| 116|0x0000000087400000, 0x0000000087400000, 0x0000000087500000|  0%| F|  |TAMS 0x0000000087400000, 0x0000000087400000| Untracked 
| 117|0x0000000087500000, 0x0000000087500000, 0x0000000087600000|  0%| F|  |TAMS 0x0000000087500000, 0x0000000087500000| Untracked 
| 118|0x0000000087600000, 0x0000000087600000, 0x0000000087700000|  0%| F|  |TAMS 0x0000000087600000, 0x0000000087600000| Untracked 
| 119|0x0000000087700000, 0x0000000087700000, 0x0000000087800000|  0%| F|  |TAMS 0x0000000087700000, 0x0000000087700000| Untracked 
| 120|0x0000000087800000, 0x0000000087800000, 0x0000000087900000|  0%| F|  |TAMS 0x0000000087800000, 0x0000000087800000| Untracked 
| 121|0x0000000087900000, 0x0000000087900000, 0x0000000087a00000|  0%| F|  |TAMS 0x0000000087900000, 0x0000000087900000| Untracked 
| 122|0x0000000087a00000, 0x0000000087a00000, 0x0000000087b00000|  0%| F|  |TAMS 0x0000000087a00000, 0x0000000087a00000| Untracked 
| 123|0x0000000087b00000, 0x0000000087b00000, 0x0000000087c00000|  0%| F|  |TAMS 0x0000000087b00000, 0x0000000087b00000| Untracked 
| 124|0x0000000087c00000, 0x0000000087c00000, 0x0000000087d00000|  0%| F|  |TAMS 0x0000000087c00000, 0x0000000087c00000| Untracked 
| 125|0x0000000087d00000, 0x0000000087d00000, 0x0000000087e00000|  0%| F|  |TAMS 0x0000000087d00000, 0x0000000087d00000| Untracked 
| 126|0x0000000087e00000, 0x0000000087e00000, 0x0000000087f00000|  0%| F|  |TAMS 0x0000000087e00000, 0x0000000087e00000| Untracked 
| 127|0x0000000087f00000, 0x0000000087f00000, 0x0000000088000000|  0%| F|  |TAMS 0x0000000087f00000, 0x0000000087f00000| Untracked 
| 128|0x0000000088000000, 0x0000000088000000, 0x0000000088100000|  0%| F|  |TAMS 0x0000000088000000, 0x0000000088000000| Untracked 
| 129|0x0000000088100000, 0x0000000088100000, 0x0000000088200000|  0%| F|  |TAMS 0x0000000088100000, 0x0000000088100000| Untracked 
| 130|0x0000000088200000, 0x0000000088200000, 0x0000000088300000|  0%| F|  |TAMS 0x0000000088200000, 0x0000000088200000| Untracked 
| 131|0x0000000088300000, 0x0000000088300000, 0x0000000088400000|  0%| F|  |TAMS 0x0000000088300000, 0x0000000088300000| Untracked 
| 132|0x0000000088400000, 0x0000000088400000, 0x0000000088500000|  0%| F|  |TAMS 0x0000000088400000, 0x0000000088400000| Untracked 
| 133|0x0000000088500000, 0x0000000088500000, 0x0000000088600000|  0%| F|  |TAMS 0x0000000088500000, 0x0000000088500000| Untracked 
| 134|0x0000000088600000, 0x0000000088600000, 0x0000000088700000|  0%| F|  |TAMS 0x0000000088600000, 0x0000000088600000| Untracked 
| 135|0x0000000088700000, 0x0000000088700000, 0x0000000088800000|  0%| F|  |TAMS 0x0000000088700000, 0x0000000088700000| Untracked 
| 136|0x0000000088800000, 0x0000000088800000, 0x0000000088900000|  0%| F|  |TAMS 0x0000000088800000, 0x0000000088800000| Untracked 
| 137|0x0000000088900000, 0x0000000088900000, 0x0000000088a00000|  0%| F|  |TAMS 0x0000000088900000, 0x0000000088900000| Untracked 
| 138|0x0000000088a00000, 0x0000000088a00000, 0x0000000088b00000|  0%| F|  |TAMS 0x0000000088a00000, 0x0000000088a00000| Untracked 
| 139|0x0000000088b00000, 0x0000000088b00000, 0x0000000088c00000|  0%| F|  |TAMS 0x0000000088b00000, 0x0000000088b00000| Untracked 
| 140|0x0000000088c00000, 0x0000000088c00000, 0x0000000088d00000|  0%| F|  |TAMS 0x0000000088c00000, 0x0000000088c00000| Untracked 
| 141|0x0000000088d00000, 0x0000000088d00000, 0x0000000088e00000|  0%| F|  |TAMS 0x0000000088d00000, 0x0000000088d00000| Untracked 
| 142|0x0000000088e00000, 0x0000000088e00000, 0x0000000088f00000|  0%| F|  |TAMS 0x0000000088e00000, 0x0000000088e00000| Untracked 
| 143|0x0000000088f00000, 0x0000000088f00000, 0x0000000089000000|  0%| F|  |TAMS 0x0000000088f00000, 0x0000000088f00000| Untracked 
| 144|0x0000000089000000, 0x0000000089000000, 0x0000000089100000|  0%| F|  |TAMS 0x0000000089000000, 0x0000000089000000| Untracked 
| 145|0x0000000089100000, 0x0000000089100000, 0x0000000089200000|  0%| F|  |TAMS 0x0000000089100000, 0x0000000089100000| Untracked 
| 146|0x0000000089200000, 0x0000000089200000, 0x0000000089300000|  0%| F|  |TAMS 0x0000000089200000, 0x0000000089200000| Untracked 
| 147|0x0000000089300000, 0x0000000089300000, 0x0000000089400000|  0%| F|  |TAMS 0x0000000089300000, 0x0000000089300000| Untracked 
| 148|0x0000000089400000, 0x0000000089400000, 0x0000000089500000|  0%| F|  |TAMS 0x0000000089400000, 0x0000000089400000| Untracked 
| 149|0x0000000089500000, 0x0000000089500000, 0x0000000089600000|  0%| F|  |TAMS 0x0000000089500000, 0x0000000089500000| Untracked 
| 150|0x0000000089600000, 0x0000000089600000, 0x0000000089700000|  0%| F|  |TAMS 0x0000000089600000, 0x0000000089600000| Untracked 
| 151|0x0000000089700000, 0x0000000089700000, 0x0000000089800000|  0%| F|  |TAMS 0x0000000089700000, 0x0000000089700000| Untracked 
| 152|0x0000000089800000, 0x0000000089800000, 0x0000000089900000|  0%| F|  |TAMS 0x0000000089800000, 0x0000000089800000| Untracked 
| 153|0x0000000089900000, 0x0000000089900000, 0x0000000089a00000|  0%| F|  |TAMS 0x0000000089900000, 0x0000000089900000| Untracked 
| 154|0x0000000089a00000, 0x0000000089a00000, 0x0000000089b00000|  0%| F|  |TAMS 0x0000000089a00000, 0x0000000089a00000| Untracked 
| 155|0x0000000089b00000, 0x0000000089b00000, 0x0000000089c00000|  0%| F|  |TAMS 0x0000000089b00000, 0x0000000089b00000| Untracked 
| 156|0x0000000089c00000, 0x0000000089c00000, 0x0000000089d00000|  0%| F|  |TAMS 0x0000000089c00000, 0x0000000089c00000| Untracked 
| 157|0x0000000089d00000, 0x0000000089d00000, 0x0000000089e00000|  0%| F|  |TAMS 0x0000000089d00000, 0x0000000089d00000| Untracked 
| 158|0x0000000089e00000, 0x0000000089e00000, 0x0000000089f00000|  0%| F|  |TAMS 0x0000000089e00000, 0x0000000089e00000| Untracked 
| 159|0x0000000089f00000, 0x0000000089f00000, 0x000000008a000000|  0%| F|  |TAMS 0x0000000089f00000, 0x0000000089f00000| Untracked 
| 160|0x000000008a000000, 0x000000008a000000, 0x000000008a100000|  0%| F|  |TAMS 0x000000008a000000, 0x000000008a000000| Untracked 
| 161|0x000000008a100000, 0x000000008a100000, 0x000000008a200000|  0%| F|  |TAMS 0x000000008a100000, 0x000000008a100000| Untracked 
| 162|0x000000008a200000, 0x000000008a200000, 0x000000008a300000|  0%| F|  |TAMS 0x000000008a200000, 0x000000008a200000| Untracked 
| 163|0x000000008a300000, 0x000000008a300000, 0x000000008a400000|  0%| F|  |TAMS 0x000000008a300000, 0x000000008a300000| Untracked 
| 164|0x000000008a400000, 0x000000008a400000, 0x000000008a500000|  0%| F|  |TAMS 0x000000008a400000, 0x000000008a400000| Untracked 
| 165|0x000000008a500000, 0x000000008a500000, 0x000000008a600000|  0%| F|  |TAMS 0x000000008a500000, 0x000000008a500000| Untracked 
| 166|0x000000008a600000, 0x000000008a600000, 0x000000008a700000|  0%| F|  |TAMS 0x000000008a600000, 0x000000008a600000| Untracked 
| 167|0x000000008a700000, 0x000000008a700000, 0x000000008a800000|  0%| F|  |TAMS 0x000000008a700000, 0x000000008a700000| Untracked 
| 168|0x000000008a800000, 0x000000008a800000, 0x000000008a900000|  0%| F|  |TAMS 0x000000008a800000, 0x000000008a800000| Untracked 
| 169|0x000000008a900000, 0x000000008a900000, 0x000000008aa00000|  0%| F|  |TAMS 0x000000008a900000, 0x000000008a900000| Untracked 
| 170|0x000000008aa00000, 0x000000008aa00000, 0x000000008ab00000|  0%| F|  |TAMS 0x000000008aa00000, 0x000000008aa00000| Untracked 
| 171|0x000000008ab00000, 0x000000008ab00000, 0x000000008ac00000|  0%| F|  |TAMS 0x000000008ab00000, 0x000000008ab00000| Untracked 
| 172|0x000000008ac00000, 0x000000008ac00000, 0x000000008ad00000|  0%| F|  |TAMS 0x000000008ac00000, 0x000000008ac00000| Untracked 
| 173|0x000000008ad00000, 0x000000008ad00000, 0x000000008ae00000|  0%| F|  |TAMS 0x000000008ad00000, 0x000000008ad00000| Untracked 
| 174|0x000000008ae00000, 0x000000008ae00000, 0x000000008af00000|  0%| F|  |TAMS 0x000000008ae00000, 0x000000008ae00000| Untracked 
| 175|0x000000008af00000, 0x000000008af00000, 0x000000008b000000|  0%| F|  |TAMS 0x000000008af00000, 0x000000008af00000| Untracked 
| 176|0x000000008b000000, 0x000000008b000000, 0x000000008b100000|  0%| F|  |TAMS 0x000000008b000000, 0x000000008b000000| Untracked 
| 177|0x000000008b100000, 0x000000008b100000, 0x000000008b200000|  0%| F|  |TAMS 0x000000008b100000, 0x000000008b100000| Untracked 
| 178|0x000000008b200000, 0x000000008b200000, 0x000000008b300000|  0%| F|  |TAMS 0x000000008b200000, 0x000000008b200000| Untracked 
| 179|0x000000008b300000, 0x000000008b300000, 0x000000008b400000|  0%| F|  |TAMS 0x000000008b300000, 0x000000008b300000| Untracked 
| 180|0x000000008b400000, 0x000000008b400000, 0x000000008b500000|  0%| F|  |TAMS 0x000000008b400000, 0x000000008b400000| Untracked 
| 181|0x000000008b500000, 0x000000008b500000, 0x000000008b600000|  0%| F|  |TAMS 0x000000008b500000, 0x000000008b500000| Untracked 
| 182|0x000000008b600000, 0x000000008b600000, 0x000000008b700000|  0%| F|  |TAMS 0x000000008b600000, 0x000000008b600000| Untracked 
| 183|0x000000008b700000, 0x000000008b700000, 0x000000008b800000|  0%| F|  |TAMS 0x000000008b700000, 0x000000008b700000| Untracked 
| 184|0x000000008b800000, 0x000000008b800000, 0x000000008b900000|  0%| F|  |TAMS 0x000000008b800000, 0x000000008b800000| Untracked 
| 185|0x000000008b900000, 0x000000008b900000, 0x000000008ba00000|  0%| F|  |TAMS 0x000000008b900000, 0x000000008b900000| Untracked 
| 186|0x000000008ba00000, 0x000000008ba00000, 0x000000008bb00000|  0%| F|  |TAMS 0x000000008ba00000, 0x000000008ba00000| Untracked 
| 187|0x000000008bb00000, 0x000000008bb00000, 0x000000008bc00000|  0%| F|  |TAMS 0x000000008bb00000, 0x000000008bb00000| Untracked 
| 188|0x000000008bc00000, 0x000000008bc00000, 0x000000008bd00000|  0%| F|  |TAMS 0x000000008bc00000, 0x000000008bc00000| Untracked 
| 189|0x000000008bd00000, 0x000000008bd00000, 0x000000008be00000|  0%| F|  |TAMS 0x000000008bd00000, 0x000000008bd00000| Untracked 
| 190|0x000000008be00000, 0x000000008be00000, 0x000000008bf00000|  0%| F|  |TAMS 0x000000008be00000, 0x000000008be00000| Untracked 
| 191|0x000000008bf00000, 0x000000008bf00000, 0x000000008c000000|  0%| F|  |TAMS 0x000000008bf00000, 0x000000008bf00000| Untracked 
| 192|0x000000008c000000, 0x000000008c000000, 0x000000008c100000|  0%| F|  |TAMS 0x000000008c000000, 0x000000008c000000| Untracked 
| 193|0x000000008c100000, 0x000000008c100000, 0x000000008c200000|  0%| F|  |TAMS 0x000000008c100000, 0x000000008c100000| Untracked 
| 194|0x000000008c200000, 0x000000008c200000, 0x000000008c300000|  0%| F|  |TAMS 0x000000008c200000, 0x000000008c200000| Untracked 
| 195|0x000000008c300000, 0x000000008c300000, 0x000000008c400000|  0%| F|  |TAMS 0x000000008c300000, 0x000000008c300000| Untracked 
| 196|0x000000008c400000, 0x000000008c400000, 0x000000008c500000|  0%| F|  |TAMS 0x000000008c400000, 0x000000008c400000| Untracked 
| 197|0x000000008c500000, 0x000000008c500000, 0x000000008c600000|  0%| F|  |TAMS 0x000000008c500000, 0x000000008c500000| Untracked 
| 198|0x000000008c600000, 0x000000008c600000, 0x000000008c700000|  0%| F|  |TAMS 0x000000008c600000, 0x000000008c600000| Untracked 
| 199|0x000000008c700000, 0x000000008c700000, 0x000000008c800000|  0%| F|  |TAMS 0x000000008c700000, 0x000000008c700000| Untracked 
| 200|0x000000008c800000, 0x000000008c800000, 0x000000008c900000|  0%| F|  |TAMS 0x000000008c800000, 0x000000008c800000| Untracked 
| 201|0x000000008c900000, 0x000000008c900000, 0x000000008ca00000|  0%| F|  |TAMS 0x000000008c900000, 0x000000008c900000| Untracked 
| 202|0x000000008ca00000, 0x000000008ca00000, 0x000000008cb00000|  0%| F|  |TAMS 0x000000008ca00000, 0x000000008ca00000| Untracked 
| 203|0x000000008cb00000, 0x000000008cb00000, 0x000000008cc00000|  0%| F|  |TAMS 0x000000008cb00000, 0x000000008cb00000| Untracked 
| 204|0x000000008cc00000, 0x000000008cc00000, 0x000000008cd00000|  0%| F|  |TAMS 0x000000008cc00000, 0x000000008cc00000| Untracked 
| 205|0x000000008cd00000, 0x000000008cd00000, 0x000000008ce00000|  0%| F|  |TAMS 0x000000008cd00000, 0x000000008cd00000| Untracked 
| 206|0x000000008ce00000, 0x000000008ce00000, 0x000000008cf00000|  0%| F|  |TAMS 0x000000008ce00000, 0x000000008ce00000| Untracked 
| 207|0x000000008cf00000, 0x000000008cf00000, 0x000000008d000000|  0%| F|  |TAMS 0x000000008cf00000, 0x000000008cf00000| Untracked 
| 208|0x000000008d000000, 0x000000008d000000, 0x000000008d100000|  0%| F|  |TAMS 0x000000008d000000, 0x000000008d000000| Untracked 
| 209|0x000000008d100000, 0x000000008d100000, 0x000000008d200000|  0%| F|  |TAMS 0x000000008d100000, 0x000000008d100000| Untracked 
| 210|0x000000008d200000, 0x000000008d200000, 0x000000008d300000|  0%| F|  |TAMS 0x000000008d200000, 0x000000008d200000| Untracked 
| 211|0x000000008d300000, 0x000000008d300000, 0x000000008d400000|  0%| F|  |TAMS 0x000000008d300000, 0x000000008d300000| Untracked 
| 212|0x000000008d400000, 0x000000008d400000, 0x000000008d500000|  0%| F|  |TAMS 0x000000008d400000, 0x000000008d400000| Untracked 
| 213|0x000000008d500000, 0x000000008d580800, 0x000000008d600000| 50%| E|  |TAMS 0x000000008d500000, 0x000000008d500000| Complete 
| 214|0x000000008d600000, 0x000000008d700000, 0x000000008d700000|100%| E|CS|TAMS 0x000000008d600000, 0x000000008d600000| Complete 
| 215|0x000000008d700000, 0x000000008d800000, 0x000000008d800000|100%| E|CS|TAMS 0x000000008d700000, 0x000000008d700000| Complete 
| 216|0x000000008d800000, 0x000000008d8f7b40, 0x000000008d900000| 96%| S|CS|TAMS 0x000000008d800000, 0x000000008d800000| Complete 
| 217|0x000000008d900000, 0x000000008da00000, 0x000000008da00000|100%| S|CS|TAMS 0x000000008d900000, 0x000000008d900000| Complete 
| 218|0x000000008da00000, 0x000000008db00000, 0x000000008db00000|100%| E|CS|TAMS 0x000000008da00000, 0x000000008da00000| Complete 
| 219|0x000000008db00000, 0x000000008dc00000, 0x000000008dc00000|100%| E|CS|TAMS 0x000000008db00000, 0x000000008db00000| Complete 
| 220|0x000000008dc00000, 0x000000008dd00000, 0x000000008dd00000|100%| E|CS|TAMS 0x000000008dc00000, 0x000000008dc00000| Complete 
| 221|0x000000008dd00000, 0x000000008de00000, 0x000000008de00000|100%| E|CS|TAMS 0x000000008dd00000, 0x000000008dd00000| Complete 
| 222|0x000000008de00000, 0x000000008df00000, 0x000000008df00000|100%| E|CS|TAMS 0x000000008de00000, 0x000000008de00000| Complete 
| 223|0x000000008df00000, 0x000000008e000000, 0x000000008e000000|100%| E|CS|TAMS 0x000000008df00000, 0x000000008df00000| Complete 
| 224|0x000000008e000000, 0x000000008e100000, 0x000000008e100000|100%| E|CS|TAMS 0x000000008e000000, 0x000000008e000000| Complete 
| 225|0x000000008e100000, 0x000000008e200000, 0x000000008e200000|100%| E|CS|TAMS 0x000000008e100000, 0x000000008e100000| Complete 
| 226|0x000000008e200000, 0x000000008e300000, 0x000000008e300000|100%| E|CS|TAMS 0x000000008e200000, 0x000000008e200000| Complete 
| 227|0x000000008e300000, 0x000000008e400000, 0x000000008e400000|100%| E|CS|TAMS 0x000000008e300000, 0x000000008e300000| Complete 
| 228|0x000000008e400000, 0x000000008e500000, 0x000000008e500000|100%| E|CS|TAMS 0x000000008e400000, 0x000000008e400000| Complete 
| 229|0x000000008e500000, 0x000000008e600000, 0x000000008e600000|100%| E|CS|TAMS 0x000000008e500000, 0x000000008e500000| Complete 
| 230|0x000000008e600000, 0x000000008e700000, 0x000000008e700000|100%| E|CS|TAMS 0x000000008e600000, 0x000000008e600000| Complete 
| 231|0x000000008e700000, 0x000000008e800000, 0x000000008e800000|100%| E|CS|TAMS 0x000000008e700000, 0x000000008e700000| Complete 
| 232|0x000000008e800000, 0x000000008e900000, 0x000000008e900000|100%| E|CS|TAMS 0x000000008e800000, 0x000000008e800000| Complete 
| 233|0x000000008e900000, 0x000000008ea00000, 0x000000008ea00000|100%| E|CS|TAMS 0x000000008e900000, 0x000000008e900000| Complete 
| 234|0x000000008ea00000, 0x000000008eb00000, 0x000000008eb00000|100%| E|CS|TAMS 0x000000008ea00000, 0x000000008ea00000| Complete 
| 235|0x000000008eb00000, 0x000000008ec00000, 0x000000008ec00000|100%| E|CS|TAMS 0x000000008eb00000, 0x000000008eb00000| Complete 
| 236|0x000000008ec00000, 0x000000008ed00000, 0x000000008ed00000|100%| E|CS|TAMS 0x000000008ec00000, 0x000000008ec00000| Complete 
| 237|0x000000008ed00000, 0x000000008ee00000, 0x000000008ee00000|100%| E|CS|TAMS 0x000000008ed00000, 0x000000008ed00000| Complete 
| 238|0x000000008ee00000, 0x000000008ef00000, 0x000000008ef00000|100%| E|CS|TAMS 0x000000008ee00000, 0x000000008ee00000| Complete 
| 239|0x000000008ef00000, 0x000000008f000000, 0x000000008f000000|100%| E|CS|TAMS 0x000000008ef00000, 0x000000008ef00000| Complete 
| 240|0x000000008f000000, 0x000000008f100000, 0x000000008f100000|100%| E|CS|TAMS 0x000000008f000000, 0x000000008f000000| Complete 
| 241|0x000000008f100000, 0x000000008f200000, 0x000000008f200000|100%| E|CS|TAMS 0x000000008f100000, 0x000000008f100000| Complete 
| 242|0x000000008f200000, 0x000000008f300000, 0x000000008f300000|100%| E|CS|TAMS 0x000000008f200000, 0x000000008f200000| Complete 
| 243|0x000000008f300000, 0x000000008f400000, 0x000000008f400000|100%| E|CS|TAMS 0x000000008f300000, 0x000000008f300000| Complete 
| 244|0x000000008f400000, 0x000000008f500000, 0x000000008f500000|100%| E|CS|TAMS 0x000000008f400000, 0x000000008f400000| Complete 
| 245|0x000000008f500000, 0x000000008f600000, 0x000000008f600000|100%| E|CS|TAMS 0x000000008f500000, 0x000000008f500000| Complete 
| 246|0x000000008f600000, 0x000000008f700000, 0x000000008f700000|100%| E|CS|TAMS 0x000000008f600000, 0x000000008f600000| Complete 
| 247|0x000000008f700000, 0x000000008f800000, 0x000000008f800000|100%| E|CS|TAMS 0x000000008f700000, 0x000000008f700000| Complete 
| 248|0x000000008f800000, 0x000000008f900000, 0x000000008f900000|100%| E|CS|TAMS 0x000000008f800000, 0x000000008f800000| Complete 
| 249|0x000000008f900000, 0x000000008fa00000, 0x000000008fa00000|100%| E|CS|TAMS 0x000000008f900000, 0x000000008f900000| Complete 
| 250|0x000000008fa00000, 0x000000008fb00000, 0x000000008fb00000|100%| E|CS|TAMS 0x000000008fa00000, 0x000000008fa00000| Complete 
| 251|0x000000008fb00000, 0x000000008fc00000, 0x000000008fc00000|100%| E|CS|TAMS 0x000000008fb00000, 0x000000008fb00000| Complete 
| 252|0x000000008fc00000, 0x000000008fd00000, 0x000000008fd00000|100%| E|CS|TAMS 0x000000008fc00000, 0x000000008fc00000| Complete 
| 253|0x000000008fd00000, 0x000000008fe00000, 0x000000008fe00000|100%| E|CS|TAMS 0x000000008fd00000, 0x000000008fd00000| Complete 

Card table byte_map: [0x00000217784a0000,0x00000217788a0000] _byte_map_base: 0x00000217780a0000

Marking Bits (Prev, Next): (CMBitMap*) 0x00000217742b1bc0, (CMBitMap*) 0x00000217742b1b88
 Prev Bits: [0x000002177aca0000, 0x000002177cca0000)
 Next Bits: [0x0000021778ca0000, 0x000002177aca0000)

Polling page: 0x0000021773a50000

Metaspace:

Usage:
  Non-class:     24.11 MB capacity,    23.71 MB ( 98%) used,   348.99 KB (  1%) free+waste,    54.31 KB ( <1%) overhead. 
      Class:      3.85 MB capacity,     3.62 MB ( 94%) used,   205.55 KB (  5%) free+waste,    27.38 KB ( <1%) overhead. 
       Both:     27.96 MB capacity,    27.34 MB ( 98%) used,   554.55 KB (  2%) free+waste,    81.69 KB ( <1%) overhead. 

Virtual space:
  Non-class space:       26.00 MB reserved,      24.25 MB ( 93%) committed 
      Class space:        1.00 GB reserved,       3.88 MB ( <1%) committed 
             Both:        1.03 GB reserved,      28.13 MB (  3%) committed 

Chunk freelists:
   Non-Class:  18.00 KB
       Class:  25.00 KB
        Both:  43.00 KB

MaxMetaspaceSize: 17179869184.00 GB
CompressedClassSpaceSize: 1.00 GB

CodeHeap 'non-profiled nmethods': size=120000Kb used=1149Kb max_used=1149Kb free=118850Kb
 bounds [0x0000021707ad0000, 0x0000021707d40000, 0x000002170f000000]
CodeHeap 'profiled nmethods': size=120000Kb used=5044Kb max_used=5044Kb free=114955Kb
 bounds [0x00000217005a0000, 0x0000021700a90000, 0x0000021707ad0000]
CodeHeap 'non-nmethods': size=5760Kb used=1174Kb max_used=1205Kb free=4586Kb
 bounds [0x0000021700000000, 0x0000021700270000, 0x00000217005a0000]
 total_blobs=2873 nmethods=2370 adapters=414
 compilation: enabled
              stopped_count=0, restarted_count=0
 full_count=0

Compilation events (20 events):
Event: 2.592 Thread 0x000002170f09d000 2354       3       org.objectweb.asm.MethodWriter::endCurrentBasicBlockWithNoSuccessor (94 bytes)
Event: 2.592 Thread 0x000002170f09d000 nmethod 2354 0x0000021700a7c510 code [0x0000021700a7c720, 0x0000021700a7cd68]
Event: 2.592 Thread 0x000002170f09d000 2358       3       org.objectweb.asm.Type::getTypeInternal (199 bytes)
Event: 2.593 Thread 0x000002170f09d000 nmethod 2358 0x0000021700a7cf90 code [0x0000021700a7d220, 0x0000021700a7dfc8]
Event: 2.593 Thread 0x000002170f09d000 2355       3       org.objectweb.asm.Type::<init> (26 bytes)
Event: 2.593 Thread 0x000002170f09d000 nmethod 2355 0x0000021700a7e410 code [0x0000021700a7e5c0, 0x0000021700a7e778]
Event: 2.593 Thread 0x000002170f09d000 2359       3       org.objectweb.asm.MethodWriter::visitMethodInsn (191 bytes)
Event: 2.593 Thread 0x000002170f09d000 nmethod 2359 0x0000021700a7e810 code [0x0000021700a7ea60, 0x0000021700a7f2e8]
Event: 2.593 Thread 0x000002170f09d000 2364       3       org.objectweb.asm.Type::getReturnTypeOffset (64 bytes)
Event: 2.594 Thread 0x000002170f09d000 nmethod 2364 0x0000021700a7f690 code [0x0000021700a7f9c0, 0x0000021700a80d98]
Event: 2.594 Thread 0x000002170f09d000 2361       3       org.objectweb.asm.Type::appendDescriptor (90 bytes)
Event: 2.594 Thread 0x000002170f09d000 nmethod 2361 0x0000021700a81510 code [0x0000021700a81740, 0x0000021700a81c28]
Event: 2.594 Thread 0x000002170f09d000 2360       3       org.objectweb.asm.SymbolTable::addConstantMethodref (24 bytes)
Event: 2.594 Thread 0x000002170f09d000 nmethod 2360 0x0000021700a81e90 code [0x0000021700a82040, 0x0000021700a821e8]
Event: 2.594 Thread 0x000002170f09d000 2362       1       com.google.common.collect.LinkedHashMultimap$ValueSet::size (5 bytes)
Event: 2.594 Thread 0x000002170f09d000 nmethod 2362 0x0000021707beea90 code [0x0000021707beec40, 0x0000021707beecf8]
Event: 2.594 Thread 0x000002170f09d000 2363       1       com.google.common.collect.LinkedHashMultimap$ValueSet::access$100 (5 bytes)
Event: 2.594 Thread 0x000002170f09d000 nmethod 2363 0x0000021707beed90 code [0x0000021707beef40, 0x0000021707beefd8]
Event: 2.595 Thread 0x000002170f09d000 2365       3       java.lang.reflect.Constructor::getRoot (5 bytes)
Event: 2.595 Thread 0x000002170f09d000 nmethod 2365 0x0000021700a82290 code [0x0000021700a82440, 0x0000021700a82558]

GC Heap History (6 events):
Event: 0.566 GC heap before
{Heap before GC invocations=0 (full 0):
 garbage-first heap   total 260096K, used 29696K [0x0000000080000000, 0x0000000100000000)
  region size 1024K, 24 young (24576K), 0 survivors (0K)
 Metaspace       used 10234K, capacity 10427K, committed 10624K, reserved 1058816K
  class space    used 1072K, capacity 1141K, committed 1152K, reserved 1048576K
}
Event: 0.569 GC heap after
{Heap after GC invocations=1 (full 0):
 garbage-first heap   total 260096K, used 9457K [0x0000000080000000, 0x0000000100000000)
  region size 1024K, 3 young (3072K), 3 survivors (3072K)
 Metaspace       used 10234K, capacity 10427K, committed 10624K, reserved 1058816K
  class space    used 1072K, capacity 1141K, committed 1152K, reserved 1048576K
}
Event: 1.837 GC heap before
{Heap before GC invocations=1 (full 0):
 garbage-first heap   total 260096K, used 107761K [0x0000000080000000, 0x0000000100000000)
  region size 1024K, 100 young (102400K), 3 survivors (3072K)
 Metaspace       used 20671K, capacity 21081K, committed 21248K, reserved 1067008K
  class space    used 2542K, capacity 2695K, committed 2816K, reserved 1048576K
}
Event: 1.845 GC heap after
{Heap after GC invocations=2 (full 0):
 garbage-first heap   total 260096K, used 16913K [0x0000000080000000, 0x0000000100000000)
  region size 1024K, 11 young (11264K), 11 survivors (11264K)
 Metaspace       used 20671K, capacity 21081K, committed 21248K, reserved 1067008K
  class space    used 2542K, capacity 2695K, committed 2816K, reserved 1048576K
}
Event: 2.222 GC heap before
{Heap before GC invocations=3 (full 0):
 garbage-first heap   total 260096K, used 53777K [0x0000000080000000, 0x0000000100000000)
  region size 1024K, 47 young (48128K), 11 survivors (11264K)
 Metaspace       used 24258K, capacity 24835K, committed 24960K, reserved 1071104K
  class space    used 3117K, capacity 3334K, committed 3456K, reserved 1048576K
}
Event: 2.229 GC heap after
{Heap after GC invocations=4 (full 0):
 garbage-first heap   total 260096K, used 18879K [0x0000000080000000, 0x0000000100000000)
  region size 1024K, 2 young (2048K), 2 survivors (2048K)
 Metaspace       used 24258K, capacity 24835K, committed 24960K, reserved 1071104K
  class space    used 3117K, capacity 3334K, committed 3456K, reserved 1048576K
}

Deoptimization events (20 events):
Event: 2.384 Thread 0x000002170faf1800 Uncommon trap: trap_request=0xffffff7e fr.pc=0x0000021707bd7c90 relative=0x0000000000000150
Event: 2.384 Thread 0x000002170faf1800 Uncommon trap: reason=predicate action=maybe_recompile pc=0x0000021707bd7c90 method=com.google.common.base.CharMatcher.indexIn(Ljava/lang/CharSequence;I)I @ 19 c2
Event: 2.384 Thread 0x000002170faf1800 DEOPT PACKING pc=0x0000021707bd7c90 sp=0x00000052b1efb710
Event: 2.384 Thread 0x000002170faf1800 DEOPT UNPACKING pc=0x00000217000083af sp=0x00000052b1efb6a0 mode 2
Event: 2.394 Thread 0x000002170faf1800 Uncommon trap: trap_request=0xffffff4d fr.pc=0x0000021707b7a5fc relative=0x000000000000143c
Event: 2.394 Thread 0x000002170faf1800 Uncommon trap: reason=unstable_if action=reinterpret pc=0x0000021707b7a5fc method=java.util.concurrent.ConcurrentHashMap.putVal(Ljava/lang/Object;Ljava/lang/Object;Z)Ljava/lang/Object; @ 231 c2
Event: 2.394 Thread 0x000002170faf1800 DEOPT PACKING pc=0x0000021707b7a5fc sp=0x00000052b1efc7e0
Event: 2.394 Thread 0x000002170faf1800 DEOPT UNPACKING pc=0x00000217000083af sp=0x00000052b1efc760 mode 2
Event: 2.411 Thread 0x000002170faf1800 Uncommon trap: trap_request=0xffffffde fr.pc=0x0000021707bd4ea4 relative=0x00000000000002e4
Event: 2.411 Thread 0x000002170faf1800 Uncommon trap: reason=class_check action=maybe_recompile pc=0x0000021707bd4ea4 method=java.util.Collections$SetFromMap.remove(Ljava/lang/Object;)Z @ 5 c2
Event: 2.411 Thread 0x000002170faf1800 DEOPT PACKING pc=0x0000021707bd4ea4 sp=0x00000052b1efc7c0
Event: 2.411 Thread 0x000002170faf1800 DEOPT UNPACKING pc=0x00000217000083af sp=0x00000052b1efc7b8 mode 2
Event: 2.411 Thread 0x000002170faf1800 Uncommon trap: trap_request=0xffffffde fr.pc=0x0000021707bd4ea4 relative=0x00000000000002e4
Event: 2.411 Thread 0x000002170faf1800 Uncommon trap: reason=class_check action=maybe_recompile pc=0x0000021707bd4ea4 method=java.util.Collections$SetFromMap.remove(Ljava/lang/Object;)Z @ 5 c2
Event: 2.411 Thread 0x000002170faf1800 DEOPT PACKING pc=0x0000021707bd4ea4 sp=0x00000052b1efc750
Event: 2.411 Thread 0x000002170faf1800 DEOPT UNPACKING pc=0x00000217000083af sp=0x00000052b1efc748 mode 2
Event: 2.549 Thread 0x000002170faf1800 Uncommon trap: trap_request=0xffffff4d fr.pc=0x0000021707bae3cc relative=0x000000000000020c
Event: 2.549 Thread 0x000002170faf1800 Uncommon trap: reason=unstable_if action=reinterpret pc=0x0000021707bae3cc method=java.util.HashMap.hash(Ljava/lang/Object;)I @ 1 c2
Event: 2.549 Thread 0x000002170faf1800 DEOPT PACKING pc=0x0000021707bae3cc sp=0x00000052b1ef9130
Event: 2.549 Thread 0x000002170faf1800 DEOPT UNPACKING pc=0x00000217000083af sp=0x00000052b1ef9068 mode 2

Classes redefined (0 events):
No events

Internal exceptions (20 events):
Event: 1.863 Thread 0x000002170faf1800 Exception <a 'java/lang/NoSuchMethodError'{0x000000008fc18228}: 'java.lang.Object java.lang.invoke.DirectMethodHandle$Holder.invokeInterface(java.lang.Object, java.lang.Object, java.lang.Object)'> (0x000000008fc18228) thrown at [./src/hotspot/share/interpreter/linkResolver.cpp, line 773]
Event: 1.864 Thread 0x000002170faf1800 Exception <a 'java/lang/IncompatibleClassChangeError'{0x000000008fc1b700}: Found class java.lang.Object, but interface was expected> (0x000000008fc1b700) thrown at [./src/hotspot/share/interpreter/linkResolver.cpp, line 839]
Event: 1.883 Thread 0x000002170faf1800 Exception <a 'java/lang/NoSuchMethodError'{0x000000008fa19100}: 'void java.lang.invoke.DirectMethodHandle$Holder.invokeStatic(java.lang.Object, java.lang.Object, java.lang.Object, java.lang.Object, java.lang.Object)'> (0x000000008fa19100) thrown at [./src/hotspot/share/interpreter/linkResolver.cpp, line 773]
Event: 1.962 Thread 0x000002170faf1800 Exception <a 'java/lang/NoSuchMethodError'{0x000000008f370698}: 'java.lang.Object java.lang.invoke.DirectMethodHandle$Holder.invokeSpecial(java.lang.Object, java.lang.Object, java.lang.Object, java.lang.Object, java.lang.Object, java.lang.Object, java.lang.Object, java.lang.Object, java.lang.Object)'> (0x000000008f370698) thrown at [./src/hotspot/share/interpreter/linkResolver.cpp, line 773]
Event: 2.029 Thread 0x000002170faf1800 Exception <a 'java/lang/NoSuchMethodError'{0x000000008eafb078}: 'java.lang.Object java.lang.invoke.DirectMethodHandle$Holder.invokeVirtual(java.lang.Object, java.lang.Object, java.lang.Object, java.lang.Object)'> (0x000000008eafb078) thrown at [./src/hotspot/share/interpreter/linkResolver.cpp, line 773]
Event: 2.118 Thread 0x000002170faf1800 Exception <a 'java/lang/NoSuchMethodError'{0x000000008e3a2e28}: 'void java.lang.invoke.DirectMethodHandle$Holder.invokeSpecial(java.lang.Object, java.lang.Object, java.lang.Object, java.lang.Object, java.lang.Object, java.lang.Object)'> (0x000000008e3a2e28) thrown at [./src/hotspot/share/interpreter/linkResolver.cpp, line 773]
Event: 2.126 Thread 0x000002170faf1800 Exception <a 'java/lang/NoSuchMethodError'{0x000000008e21bd28}: 'void java.lang.invoke.DirectMethodHandle$Holder.invokeSpecial(java.lang.Object, java.lang.Object, java.lang.Object, java.lang.Object, java.lang.Object, java.lang.Object, java.lang.Object)'> (0x000000008e21bd28) thrown at [./src/hotspot/share/interpreter/linkResolver.cpp, line 773]
Event: 2.127 Thread 0x000002170faf1800 Exception <a 'java/lang/NoSuchMethodError'{0x000000008e224218}: 'java.lang.Object java.lang.invoke.Invokers$Holder.linkToTargetMethod(java.lang.Object, java.lang.Object, java.lang.Object, java.lang.Object, java.lang.Object, java.lang.Object)'> (0x000000008e224218) thrown at [./src/hotspot/share/interpreter/linkResolver.cpp, line 773]
Event: 2.236 Thread 0x000002170faf1800 Exception <a 'java/lang/NoSuchMethodError'{0x000000008fd6e648}: 'int java.lang.invoke.DirectMethodHandle$Holder.invokeStaticInit(java.lang.Object, java.lang.Object, java.lang.Object)'> (0x000000008fd6e648) thrown at [./src/hotspot/share/interpreter/linkResolver.cpp, line 773]
Event: 2.325 Thread 0x000002170faf1800 Exception <a 'java/lang/NoSuchMethodError'{0x000000008f732b30}: 'void java.lang.invoke.DirectMethodHandle$Holder.invokeStaticInit(java.lang.Object, java.lang.Object)'> (0x000000008f732b30) thrown at [./src/hotspot/share/interpreter/linkResolver.cpp, line 773]
Event: 2.403 Thread 0x000002170faf1800 Exception <a 'java/lang/NoSuchMethodError'{0x000000008f2618d0}: 'void java.lang.invoke.DirectMethodHandle$Holder.invokeStatic(java.lang.Object, java.lang.Object, java.lang.Object, java.lang.Object)'> (0x000000008f2618d0) thrown at [./src/hotspot/share/interpreter/linkResolver.cpp, line 773]
Event: 2.406 Thread 0x000002170faf1800 Exception <a 'java/lang/NoSuchMethodError'{0x000000008f2753c0}: 'int java.lang.invoke.DirectMethodHandle$Holder.invokeInterface(java.lang.Object, java.lang.Object)'> (0x000000008f2753c0) thrown at [./src/hotspot/share/interpreter/linkResolver.cpp, line 773]
Event: 2.469 Thread 0x000002170faf1800 Exception <a 'java/lang/NoSuchMethodError'{0x000000008e8f4f80}: 'java.lang.Object java.lang.invoke.DirectMethodHandle$Holder.invokeSpecialIFC(java.lang.Object, java.lang.Object, java.lang.Object, java.lang.Object)'> (0x000000008e8f4f80) thrown at [./src/hotspot/share/interpreter/linkResolver.cpp, line 773]
Event: 2.474 Thread 0x000002170faf1800 Exception <a 'java/lang/NoSuchMethodError'{0x000000008e7d0488}: 'java.lang.Object java.lang.invoke.DirectMethodHandle$Holder.invokeSpecial(java.lang.Object, java.lang.Object, java.lang.Object, java.lang.Object, java.lang.Object, java.lang.Object, java.lang.Object, java.lang.Object, java.lang.Object, java.lang.Object, java.lang.Object, java.lang.Object, java.lang.Object)'> (0x000000008e7d0488) thrown at [./src/hotspot/share/interpreter/linkResolver.cpp, line 773]
Event: 2.474 Thread 0x000002170faf1800 Exception <a 'java/lang/NoSuchMethodError'{0x000000008e7e12e8}: 'java.lang.Object java.lang.invoke.DirectMethodHandle$Holder.invokeSpecial(java.lang.Object, java.lang.Object, java.lang.Object, java.lang.Object, java.lang.Object, java.lang.Object, java.lang.Object, java.lang.Object, java.lang.Object, java.lang.Object, java.lang.Object, java.lang.Object)'> (0x000000008e7e12e8) thrown at [./src/hotspot/share/interpreter/linkResolver.cpp, line 773]
Event: 2.475 Thread 0x000002170faf1800 Exception <a 'java/lang/NoSuchMethodError'{0x000000008e7e6410}: 'java.lang.Object java.lang.invoke.Invokers$Holder.linkToTargetMethod(java.lang.Object, java.lang.Object, java.lang.Object, java.lang.Object, java.lang.Object, java.lang.Object, java.lang.Object, java.lang.Object, java.lang.Object, java.lang.Object, java.lang.Object)'> (0x000000008e7e6410) thrown at [./src/hotspot/share/interpreter/linkResolver.cpp, line 773]
Event: 2.482 Thread 0x000002170faf1800 Exception <a 'java/lang/NoSuchMethodError'{0x000000008e526dd0}: 'java.lang.Object java.lang.invoke.DirectMethodHandle$Holder.invokeSpecial(java.lang.Object, java.lang.Object, java.lang.Object, java.lang.Object, java.lang.Object, java.lang.Object, java.lang.Object, java.lang.Object, java.lang.Object, java.lang.Object, java.lang.Object, java.lang.Object, java.lang.Object, java.lang.Object)'> (0x000000008e526dd0) thrown at [./src/hotspot/share/interpreter/linkResolver.cpp, line 773]
Event: 2.483 Thread 0x000002170faf1800 Exception <a 'java/lang/NoSuchMethodError'{0x000000008e53b598}: 'java.lang.Object java.lang.invoke.Invokers$Holder.linkToTargetMethod(java.lang.Object, java.lang.Object, java.lang.Object, java.lang.Object, java.lang.Object, java.lang.Object, java.lang.Object, java.lang.Object, java.lang.Object, java.lang.Object, java.lang.Object, java.lang.Object)'> (0x000000008e53b598) thrown at [./src/hotspot/share/interpreter/linkResolver.cpp, line 773]
Event: 2.487 Thread 0x000002170faf1800 Exception <a 'java/lang/NoSuchMethodError'{0x000000008e5cd128}: 'java.lang.Object java.lang.invoke.DirectMethodHandle$Holder.invokeStaticInit(java.lang.Object, java.lang.Object, java.lang.Object, java.lang.Object)'> (0x000000008e5cd128) thrown at [./src/hotspot/share/interpreter/linkResolver.cpp, line 773]
Event: 2.549 Thread 0x000002170faf1800 Implicit null exception at 0x0000021707bae1f5 to 0x0000021707bae3bc

Events (20 events):
Event: 2.585 loading class groovy/lang/Buildable done
Event: 2.586 loading class org/gradle/internal/instantiation/generator/Jsr330ConstructorSelector$CachedConstructor
Event: 2.586 loading class org/gradle/internal/instantiation/generator/Jsr330ConstructorSelector$CachedConstructor done
Event: 2.586 loading class org/gradle/internal/instantiation/generator/Jsr330ConstructorSelector$CachedConstructor
Event: 2.586 loading class org/gradle/internal/instantiation/generator/Jsr330ConstructorSelector$CachedConstructor done
Event: 2.586 loading class org/gradle/internal/instantiation/generator/Jsr330ConstructorSelector$CachedConstructor
Event: 2.586 loading class org/gradle/internal/instantiation/generator/Jsr330ConstructorSelector$CachedConstructor done
Event: 2.586 loading class org/gradle/internal/instantiation/generator/Jsr330ConstructorSelector
Event: 2.586 loading class org/gradle/internal/instantiation/generator/Jsr330ConstructorSelector done
Event: 2.586 loading class org/gradle/api/reflect/TypeOf
Event: 2.586 loading class org/gradle/api/reflect/TypeOf done
Event: 2.587 loading class org/gradle/api/internal/AbstractNamedDomainObjectContainer$1
Event: 2.587 loading class org/gradle/api/internal/AbstractNamedDomainObjectContainer$1 done
Event: 2.587 loading class org/gradle/internal/metaobject/ConfigureDelegate
Event: 2.587 loading class org/gradle/internal/metaobject/ConfigureDelegate done
Event: 2.587 loading class org/gradle/api/internal/NamedDomainObjectContainerConfigureDelegate
Event: 2.587 loading class org/gradle/api/internal/NamedDomainObjectContainerConfigureDelegate done
Event: 2.594 loading class org/gradle/internal/instantiation/generator/InjectUtil
Event: 2.594 loading class org/gradle/internal/instantiation/generator/InjectUtil done
Event: 2.595 loading class java/util/regex/Pattern$GroupCurly


Dynamic libraries:
0x00007ff780270000 - 0x00007ff78027a000 	C:\Program Files\Android\Android Studio\jre\bin\java.exe
0x00007ffdc3d00000 - 0x00007ffdc3f09000 	C:\WINDOWS\SYSTEM32\ntdll.dll
0x00007ffdc34f0000 - 0x00007ffdc35ad000 	C:\WINDOWS\System32\KERNEL32.DLL
0x00007ffdc12e0000 - 0x00007ffdc1654000 	C:\WINDOWS\System32\KERNELBASE.dll
0x00007ffdc19e0000 - 0x00007ffdc1af1000 	C:\WINDOWS\System32\ucrtbase.dll
0x00007ffdb45c0000 - 0x00007ffdb45d9000 	C:\Program Files\Android\Android Studio\jre\bin\jli.dll
0x00007ffdbc260000 - 0x00007ffdbc277000 	C:\Program Files\Android\Android Studio\jre\bin\VCRUNTIME140.dll
0x00007ffdc3a50000 - 0x00007ffdc3bfc000 	C:\WINDOWS\System32\USER32.dll
0x00007ffdc19b0000 - 0x00007ffdc19d6000 	C:\WINDOWS\System32\win32u.dll
0x00007ffd9da40000 - 0x00007ffd9dce5000 	C:\WINDOWS\WinSxS\amd64_microsoft.windows.common-controls_6595b64144ccf1df_6.0.22000.120_none_9d947278b86cc467\COMCTL32.dll
0x00007ffdc37f0000 - 0x00007ffdc3819000 	C:\WINDOWS\System32\GDI32.dll
0x00007ffdc2f70000 - 0x00007ffdc3013000 	C:\WINDOWS\System32\msvcrt.dll
0x00007ffdc1890000 - 0x00007ffdc19a2000 	C:\WINDOWS\System32\gdi32full.dll
0x00007ffdc1b00000 - 0x00007ffdc1b9d000 	C:\WINDOWS\System32\msvcp_win.dll
0x00007ffdc3490000 - 0x00007ffdc34c1000 	C:\WINDOWS\System32\IMM32.DLL
0x00007ffd9f2f0000 - 0x00007ffd9f38d000 	C:\Program Files\Android\Android Studio\jre\bin\msvcp140.dll
0x00007ffd7d6e0000 - 0x00007ffd7e1b5000 	C:\Program Files\Android\Android Studio\jre\bin\server\jvm.dll
0x00007ffdc2070000 - 0x00007ffdc211e000 	C:\WINDOWS\System32\ADVAPI32.dll
0x00007ffdc3c20000 - 0x00007ffdc3cbe000 	C:\WINDOWS\System32\sechost.dll
0x00007ffdc38d0000 - 0x00007ffdc39f0000 	C:\WINDOWS\System32\RPCRT4.dll
0x00007ffdc2ed0000 - 0x00007ffdc2ed8000 	C:\WINDOWS\System32\PSAPI.DLL
0x00007ffdaef70000 - 0x00007ffdaef79000 	C:\WINDOWS\SYSTEM32\WSOCK32.dll
0x00007ffdb7380000 - 0x00007ffdb73b3000 	C:\WINDOWS\SYSTEM32\WINMM.dll
0x00007ffdb55d0000 - 0x00007ffdb55da000 	C:\WINDOWS\SYSTEM32\VERSION.dll
0x00007ffdc2000000 - 0x00007ffdc206f000 	C:\WINDOWS\System32\WS2_32.dll
0x00007ffdc0360000 - 0x00007ffdc0378000 	C:\WINDOWS\SYSTEM32\kernel.appcore.dll
0x00007ffda3ee0000 - 0x00007ffda3ef1000 	C:\Program Files\Android\Android Studio\jre\bin\verify.dll
0x00007ffdbecf0000 - 0x00007ffdbef11000 	C:\WINDOWS\SYSTEM32\DBGHELP.DLL
0x00007ffdafd80000 - 0x00007ffdafdb1000 	C:\WINDOWS\SYSTEM32\dbgcore.DLL
0x00007ffdc1260000 - 0x00007ffdc12df000 	C:\WINDOWS\System32\bcryptPrimitives.dll
0x00007ffda3e90000 - 0x00007ffda3eb9000 	C:\Program Files\Android\Android Studio\jre\bin\java.dll
0x00007ffdbc950000 - 0x00007ffdbc95b000 	C:\Program Files\Android\Android Studio\jre\bin\jimage.dll
0x00007ffda2490000 - 0x00007ffda24a8000 	C:\Program Files\Android\Android Studio\jre\bin\zip.dll
0x00007ffdc2560000 - 0x00007ffdc2d0f000 	C:\WINDOWS\System32\SHELL32.dll
0x00007ffdbf360000 - 0x00007ffdbfbc8000 	C:\WINDOWS\SYSTEM32\windows.storage.dll
0x00007ffdc1c00000 - 0x00007ffdc1f78000 	C:\WINDOWS\System32\combase.dll
0x00007ffdbf1f0000 - 0x00007ffdbf356000 	C:\WINDOWS\SYSTEM32\wintypes.dll
0x00007ffdc36d0000 - 0x00007ffdc37ba000 	C:\WINDOWS\System32\SHCORE.dll
0x00007ffdc1ba0000 - 0x00007ffdc1bfd000 	C:\WINDOWS\System32\shlwapi.dll
0x00007ffdc1120000 - 0x00007ffdc1141000 	C:\WINDOWS\SYSTEM32\profapi.dll
0x00007ffda2040000 - 0x00007ffda205a000 	C:\Program Files\Android\Android Studio\jre\bin\net.dll
0x00007ffdbb730000 - 0x00007ffdbb83c000 	C:\WINDOWS\SYSTEM32\WINHTTP.dll
0x00007ffdc0810000 - 0x00007ffdc0877000 	C:\WINDOWS\system32\mswsock.dll
0x00007ffda1e30000 - 0x00007ffda1e44000 	C:\Program Files\Android\Android Studio\jre\bin\nio.dll
0x00007ffdaef40000 - 0x00007ffdaef67000 	C:\Users\sudha\.gradle\native\e1d6ef7f7dcc3fd88c89a11ec53ec762bb8ba0a96d01ffa2cd45eb1d1d8dd5c5\windows-amd64\native-platform.dll
0x00007ffd880b0000 - 0x00007ffd881f4000 	C:\Users\sudha\.gradle\native\5664cfc778a61ccfe75a443a1ab52a65af34e5dc3c78e0209fed803814484fcb\windows-amd64\native-platform-file-events.dll
0x00007ffdbc250000 - 0x00007ffdbc25a000 	C:\Program Files\Android\Android Studio\jre\bin\management.dll
0x00007ffdafd10000 - 0x00007ffdafd1d000 	C:\Program Files\Android\Android Studio\jre\bin\management_ext.dll
0x00007ffdc0a50000 - 0x00007ffdc0a68000 	C:\WINDOWS\SYSTEM32\CRYPTSP.dll
0x00007ffdc02c0000 - 0x00007ffdc02f5000 	C:\WINDOWS\system32\rsaenh.dll
0x00007ffdc0900000 - 0x00007ffdc0929000 	C:\WINDOWS\SYSTEM32\USERENV.dll
0x00007ffdc0bd0000 - 0x00007ffdc0bf7000 	C:\WINDOWS\SYSTEM32\bcrypt.dll
0x00007ffdc0a70000 - 0x00007ffdc0a7c000 	C:\WINDOWS\SYSTEM32\CRYPTBASE.dll
0x00007ffdbfe90000 - 0x00007ffdbfebd000 	C:\WINDOWS\SYSTEM32\IPHLPAPI.DLL
0x00007ffdc34e0000 - 0x00007ffdc34e9000 	C:\WINDOWS\System32\NSI.dll
0x00007ffdb7790000 - 0x00007ffdb77a9000 	C:\WINDOWS\SYSTEM32\dhcpcsvc6.DLL
0x00007ffdbb2c0000 - 0x00007ffdbb2de000 	C:\WINDOWS\SYSTEM32\dhcpcsvc.DLL
0x00007ffdbfec0000 - 0x00007ffdbffa8000 	C:\WINDOWS\SYSTEM32\DNSAPI.dll

dbghelp: loaded successfully - version: 4.0.5 - missing functions: none
symbol engine: initialized successfully - sym options: 0x614 - pdb path: .;C:\Program Files\Android\Android Studio\jre\bin;C:\WINDOWS\SYSTEM32;C:\WINDOWS\WinSxS\amd64_microsoft.windows.common-controls_6595b64144ccf1df_6.0.22000.120_none_9d947278b86cc467;C:\Program Files\Android\Android Studio\jre\bin\server;C:\Users\sudha\.gradle\native\e1d6ef7f7dcc3fd88c89a11ec53ec762bb8ba0a96d01ffa2cd45eb1d1d8dd5c5\windows-amd64;C:\Users\sudha\.gradle\native\5664cfc778a61ccfe75a443a1ab52a65af34e5dc3c78e0209fed803814484fcb\windows-amd64

VM Arguments:
jvm_args: --add-opens=java.base/java.util=ALL-UNNAMED --add-opens=java.base/java.lang=ALL-UNNAMED --add-opens=java.base/java.lang.invoke=ALL-UNNAMED --add-opens=java.base/java.util=ALL-UNNAMED --add-opens=java.prefs/java.util.prefs=ALL-UNNAMED --add-opens=java.prefs/java.util.prefs=ALL-UNNAMED --add-opens=java.base/java.nio.charset=ALL-UNNAMED --add-opens=java.base/java.net=ALL-UNNAMED --add-opens=java.base/java.util.concurrent.atomic=ALL-UNNAMED -Xmx2048m -Dfile.encoding=UTF-8 -Duser.country=IN -Duser.language=en -Duser.variant 
java_command: org.gradle.launcher.daemon.bootstrap.GradleDaemon 7.2
java_class_path (initial): C:\Users\sudha\.gradle\wrapper\dists\gradle-7.2-bin\2dnblmf4td7x66yl1d74lt32g\gradle-7.2\lib\gradle-launcher-7.2.jar
Launcher Type: SUN_STANDARD

[Global flags]
     intx CICompilerCount                          = 4                                         {product} {ergonomic}
     uint ConcGCThreads                            = 2                                         {product} {ergonomic}
     uint G1ConcRefinementThreads                  = 8                                         {product} {ergonomic}
   size_t G1HeapRegionSize                         = 1048576                                   {product} {ergonomic}
    uintx GCDrainStackTargetSize                   = 64                                        {product} {ergonomic}
   size_t InitialHeapSize                          = 266338304                                 {product} {ergonomic}
   size_t MarkStackSize                            = 4194304                                   {product} {ergonomic}
   size_t MaxHeapSize                              = 2147483648                                {product} {command line}
   size_t MaxNewSize                               = 1287651328                                {product} {ergonomic}
   size_t MinHeapDeltaBytes                        = 1048576                                   {product} {ergonomic}
    uintx NonNMethodCodeHeapSize                   = 5836300                                {pd product} {ergonomic}
    uintx NonProfiledCodeHeapSize                  = 122910970                              {pd product} {ergonomic}
    uintx ProfiledCodeHeapSize                     = 122910970                              {pd product} {ergonomic}
    uintx ReservedCodeCacheSize                    = 251658240                              {pd product} {ergonomic}
     bool SegmentedCodeCache                       = true                                      {product} {ergonomic}
     bool UseCompressedClassPointers               = true                                 {lp64_product} {ergonomic}
     bool UseCompressedOops                        = true                                 {lp64_product} {ergonomic}
     bool UseG1GC                                  = true                                      {product} {ergonomic}
     bool UseLargePagesIndividualAllocation        = false                                  {pd product} {ergonomic}

Logging:
Log output configuration:
 #0: stdout all=warning uptime,level,tags
 #1: stderr all=off uptime,level,tags

Environment Variables:
JAVA_HOME=C:\Program Files\OpenJDK\openjdk-8u312-b07
PATH=C:\WINDOWS\system32;C:\WINDOWS;C:\WINDOWS\System32\Wbem;C:\WINDOWS\System32\WindowsPowerShell\v1.0\;C:\WINDOWS\System32\OpenSSH\;C:\Program Files\Git\cmd;C:\ProgramData\chocolatey\bin;C:\Program Files\nodejs\;C:\Program Files\OpenJDK\openjdk-8u312-b07\bin;C:\Users\sudha\AppData\Local\Android\Sdk\platform-tools;C:\Users\sudha\AppData\Local\Microsoft\WindowsApps;C:\Program Files (x86)\Sophos\Sophos SSL VPN Client\bin;C:\Users\sudha\AppData\Roaming\npm;C:\Users\sudha\AppData\Local\Programs\Microsoft VS Code\bin
USERNAME=sudha
OS=Windows_NT
PROCESSOR_IDENTIFIER=Intel64 Family 6 Model 140 Stepping 1, GenuineIntel



---------------  S Y S T E M  ---------------

OS: Windows 10 , 64 bit Build 22000 (10.0.22000.613)
OS uptime: 0 days 5:13 hours

CPU:total 8 (initial active 8) (4 cores per cpu, 2 threads per core) family 6 model 140 stepping 1 microcode 0x9a, cmov, cx8, fxsr, mmx, sse, sse2, sse3, ssse3, sse4.1, sse4.2, popcnt, avx, avx2, aes, clmul, erms, 3dnowpref, lzcnt, ht, tsc, tscinvbit, bmi1, bmi2, adx, evex, sha, fma

Memory: 4k page, system-wide physical 16149M (1219M free)
TotalPageFile size 16149M (AvailPageFile size 5M)
current process WorkingSet (physical memory assigned to process): 256M, peak: 256M
current process commit charge ("private bytes"): 425M, peak: 427M

vm_info: OpenJDK 64-Bit Server VM (11.0.11+9-b60-7590822) for windows-amd64 JRE (11.0.11+9-b60-7590822), built on Jul 29 2021 21:43:44 by "builder" with MS VC++ 14.0 (VS2015)

END.
