#
# There is insufficient memory for the Java Runtime Environment to continue.
# Native memory allocation (malloc) failed to allocate 1053696 bytes for Chunk::new
# Possible reasons:
#   The system is out of physical RAM or swap space
#   The process is running with CompressedOops enabled, and the Java Heap may be blocking the growth of the native heap
# Possible solutions:
#   Reduce memory load on the system
#   Increase physical memory or swap space
#   Check if swap backing store is full
#   Decrease Java heap size (-Xmx/-Xms)
#   Decrease number of Java threads
#   Decrease Java thread stack sizes (-Xss)
#   Set larger code cache with -XX:ReservedCodeCacheSize=
#   JVM is running with Zero Based Compressed Oops mode in which the Java heap is
#     placed in the first 32GB address space. The Java Heap base address is the
#     maximum limit for the native heap growth. Please use -XX:HeapBaseMinAddress
#     to set the Java Heap base and to place the Java Heap above 32GB virtual address.
# This output file may be truncated or incomplete.
#
#  Out of Memory Error (./src/hotspot/share/memory/arena.cpp:197), pid=13784, tid=16412
#
# JRE version: OpenJDK Runtime Environment (11.0.11+9) (build 11.0.11+9-b60-7590822)
# Java VM: OpenJDK 64-Bit Server VM (11.0.11+9-b60-7590822, mixed mode, tiered, compressed oops, g1 gc, windows-amd64)
# No core dump will be written. Minidumps are not enabled by default on client versions of Windows
#

---------------  S U M M A R Y ------------

Command Line: org.jetbrains.kotlin.cli.jvm.K2JVMCompiler @E:\Kotlin_project_hj\AdsExample\app\build\20220502_8457535821447027167.compiler.options

Host: 11th Gen Intel(R) Core(TM) i5-1135G7 @ 2.40GHz, 8 cores, 15G,  Windows 10 , 64 bit Build 22000 (10.0.22000.613)
Time: Mon May  2 18:07:36 2022 India Standard Time elapsed time: 2.029610 seconds (0d 0h 0m 2s)

---------------  T H R E A D  ---------------

Current thread (0x0000015fe30cf000):  JavaThread "C2 CompilerThread2" daemon [_thread_in_native, id=16412, stack(0x0000005a3cb00000,0x0000005a3cc00000)]


Current CompileTask:
C2:   2029 2867       4       jdk.internal.loader.ClassLoaders$AppClassLoader::loadClass (40 bytes)

Stack: [0x0000005a3cb00000,0x0000005a3cc00000]
Native frames: (J=compiled Java code, j=interpreted, Vv=VM code, C=native code)
V  [jvm.dll+0x5f214a]
V  [jvm.dll+0x726fb5]
V  [jvm.dll+0x7285cd]
V  [jvm.dll+0x728c83]
V  [jvm.dll+0x243278]
V  [jvm.dll+0xbc53c]
V  [jvm.dll+0xbca3c]
V  [jvm.dll+0x2b5c34]
V  [jvm.dll+0x508488]
V  [jvm.dll+0x203d53]
V  [jvm.dll+0x1fdbac]
V  [jvm.dll+0x1fb35f]
V  [jvm.dll+0x183d6c]
V  [jvm.dll+0x209a57]
V  [jvm.dll+0x2082a1]
V  [jvm.dll+0x6ef58f]
V  [jvm.dll+0x6e80b5]
V  [jvm.dll+0x5f1036]
C  [ucrtbase.dll+0x26c0c]
C  [KERNEL32.DLL+0x154e0]
C  [ntdll.dll+0x485b]


---------------  P R O C E S S  ---------------

Threads class SMR info:
_java_thread_list=0x0000015fe30676c0, length=12, elements={
0x0000015fc363d800, 0x0000015fe25fc000, 0x0000015fe25fd000, 0x0000015fe2eb9800,
0x0000015fe2eba800, 0x0000015fe2ebe000, 0x0000015fe2ec1000, 0x0000015fe2f04800,
0x0000015fe2f05000, 0x0000015fe3072000, 0x0000015fe3070800, 0x0000015fe30cf000
}

Java Threads: ( => current thread )
  0x0000015fc363d800 JavaThread "main" [_thread_in_Java, id=3132, stack(0x0000005a3b900000,0x0000005a3ba00000)]
  0x0000015fe25fc000 JavaThread "Reference Handler" daemon [_thread_blocked, id=3976, stack(0x0000005a3c000000,0x0000005a3c100000)]
  0x0000015fe25fd000 JavaThread "Finalizer" daemon [_thread_blocked, id=5644, stack(0x0000005a3c100000,0x0000005a3c200000)]
  0x0000015fe2eb9800 JavaThread "Signal Dispatcher" daemon [_thread_blocked, id=3172, stack(0x0000005a3c200000,0x0000005a3c300000)]
  0x0000015fe2eba800 JavaThread "Attach Listener" daemon [_thread_blocked, id=8584, stack(0x0000005a3c300000,0x0000005a3c400000)]
  0x0000015fe2ebe000 JavaThread "Service Thread" daemon [_thread_blocked, id=12196, stack(0x0000005a3c400000,0x0000005a3c500000)]
  0x0000015fe2ec1000 JavaThread "C2 CompilerThread0" daemon [_thread_in_native, id=13204, stack(0x0000005a3c500000,0x0000005a3c600000)]
  0x0000015fe2f04800 JavaThread "C1 CompilerThread0" daemon [_thread_in_vm, id=3416, stack(0x0000005a3c600000,0x0000005a3c700000)]
  0x0000015fe2f05000 JavaThread "Sweeper thread" daemon [_thread_blocked, id=12120, stack(0x0000005a3c700000,0x0000005a3c800000)]
  0x0000015fe3072000 JavaThread "Common-Cleaner" daemon [_thread_blocked, id=2432, stack(0x0000005a3c900000,0x0000005a3ca00000)]
  0x0000015fe3070800 JavaThread "C2 CompilerThread1" daemon [_thread_in_native, id=4352, stack(0x0000005a3ca00000,0x0000005a3cb00000)]
=>0x0000015fe30cf000 JavaThread "C2 CompilerThread2" daemon [_thread_in_native, id=16412, stack(0x0000005a3cb00000,0x0000005a3cc00000)]

Other Threads:
  0x0000015fe2eb2800 VMThread "VM Thread" [stack: 0x0000005a3bf00000,0x0000005a3c000000] [id=14804]
  0x0000015fe3069000 WatcherThread [stack: 0x0000005a3c800000,0x0000005a3c900000] [id=16700]
  0x0000015fc3655800 GCTaskThread "GC Thread#0" [stack: 0x0000005a3ba00000,0x0000005a3bb00000] [id=8136]
  0x0000015fe37ad800 GCTaskThread "GC Thread#1" [stack: 0x0000005a3cc00000,0x0000005a3cd00000] [id=5632]
  0x0000015fe37ac000 GCTaskThread "GC Thread#2" [stack: 0x0000005a3cd00000,0x0000005a3ce00000] [id=3780]
  0x0000015fe37d0800 GCTaskThread "GC Thread#3" [stack: 0x0000005a3ce00000,0x0000005a3cf00000] [id=4756]
  0x0000015fe37d1800 GCTaskThread "GC Thread#4" [stack: 0x0000005a3cf00000,0x0000005a3d000000] [id=7628]
  0x0000015fe379e000 GCTaskThread "GC Thread#5" [stack: 0x0000005a3d000000,0x0000005a3d100000] [id=8216]
  0x0000015fc36b2000 ConcurrentGCThread "G1 Main Marker" [stack: 0x0000005a3bb00000,0x0000005a3bc00000] [id=13864]
  0x0000015fc36b3800 ConcurrentGCThread "G1 Conc#0" [stack: 0x0000005a3bc00000,0x0000005a3bd00000] [id=5976]
  0x0000015fe40ba800 ConcurrentGCThread "G1 Conc#1" [stack: 0x0000005a3d100000,0x0000005a3d200000] [id=5320]
  0x0000015fe24d1800 ConcurrentGCThread "G1 Refine#0" [stack: 0x0000005a3bd00000,0x0000005a3be00000] [id=868]
  0x0000015fe47ec800 ConcurrentGCThread "G1 Refine#1" [stack: 0x0000005a3d200000,0x0000005a3d300000] [id=1760]
  0x0000015fe4033800 ConcurrentGCThread "G1 Refine#2" [stack: 0x0000005a3d300000,0x0000005a3d400000] [id=1788]
  0x0000015fe385c800 ConcurrentGCThread "G1 Refine#3" [stack: 0x0000005a3d400000,0x0000005a3d500000] [id=16040]
  0x0000015fe4b4d000 ConcurrentGCThread "G1 Refine#4" [stack: 0x0000005a3d500000,0x0000005a3d600000] [id=11488]
  0x0000015fe24d2800 ConcurrentGCThread "G1 Young RemSet Sampling" [stack: 0x0000005a3be00000,0x0000005a3bf00000] [id=12048]

Threads with active compile tasks:
C2 CompilerThread0   2037 2845       4       java.lang.ClassLoader::loadClass (7 bytes)
C1 CompilerThread0   2037 2936       3       org.jetbrains.kotlin.cli.jvm.index.JvmDependenciesIndexImpl::travelPath (157 bytes)
C2 CompilerThread1   2037 2863   !   4       jdk.internal.loader.BuiltinClassLoader::findClassOnClassPathOrNull (64 bytes)
C2 CompilerThread2   2038 2867       4       jdk.internal.loader.ClassLoaders$AppClassLoader::loadClass (40 bytes)

VM state:not at safepoint (normal execution)

VM Mutex/Monitor currently owned by a thread: None

Heap address: 0x0000000703a00000, size: 4038 MB, Compressed Oops mode: Zero based, Oop shift amount: 3
Narrow klass base: 0x0000000800000000, Narrow klass shift: 0
Compressed class space size: 1073741824 Address: 0x0000000800000000

Heap:
 garbage-first heap   total 312320K, used 59359K [0x0000000703a00000, 0x0000000800000000)
  region size 1024K, 38 young (38912K), 3 survivors (3072K)
 Metaspace       used 45455K, capacity 45976K, committed 46236K, reserved 1089536K
  class space    used 5484K, capacity 5675K, committed 5708K, reserved 1048576K
Heap Regions: E=young(eden), S=young(survivor), O=old, HS=humongous(starts), HC=humongous(continues), CS=collection set, F=free, A=archive, TAMS=top-at-mark-start (previous, next)
|   0|0x0000000703a00000, 0x0000000703b00000, 0x0000000703b00000|100%|HS|  |TAMS 0x0000000703b00000, 0x0000000703a00000| Complete 
|   1|0x0000000703b00000, 0x0000000703c00000, 0x0000000703c00000|100%|HC|  |TAMS 0x0000000703c00000, 0x0000000703b00000| Complete 
|   2|0x0000000703c00000, 0x0000000703d00000, 0x0000000703d00000|100%|HC|  |TAMS 0x0000000703d00000, 0x0000000703c00000| Complete 
|   3|0x0000000703d00000, 0x0000000703e00000, 0x0000000703e00000|100%|HS|  |TAMS 0x0000000703e00000, 0x0000000703d00000| Complete 
|   4|0x0000000703e00000, 0x0000000703f00000, 0x0000000703f00000|100%|HC|  |TAMS 0x0000000703f00000, 0x0000000703e00000| Complete 
|   5|0x0000000703f00000, 0x0000000704000000, 0x0000000704000000|100%|HC|  |TAMS 0x0000000704000000, 0x0000000703f00000| Complete 
|   6|0x0000000704000000, 0x0000000704100000, 0x0000000704100000|100%|HS|  |TAMS 0x0000000704100000, 0x0000000704000000| Complete 
|   7|0x0000000704100000, 0x0000000704200000, 0x0000000704200000|100%|HC|  |TAMS 0x0000000704200000, 0x0000000704100000| Complete 
|   8|0x0000000704200000, 0x0000000704300000, 0x0000000704300000|100%| O|  |TAMS 0x0000000704300000, 0x0000000704200000| Untracked 
|   9|0x0000000704300000, 0x0000000704400000, 0x0000000704400000|100%| O|  |TAMS 0x0000000704400000, 0x0000000704300000| Untracked 
|  10|0x0000000704400000, 0x0000000704500000, 0x0000000704500000|100%| O|  |TAMS 0x0000000704500000, 0x0000000704400000| Untracked 
|  11|0x0000000704500000, 0x0000000704600000, 0x0000000704600000|100%| O|  |TAMS 0x0000000704600000, 0x0000000704500000| Untracked 
|  12|0x0000000704600000, 0x0000000704700000, 0x0000000704700000|100%| O|  |TAMS 0x0000000704700000, 0x0000000704600000| Untracked 
|  13|0x0000000704700000, 0x0000000704800000, 0x0000000704800000|100%| O|  |TAMS 0x0000000704800000, 0x0000000704700000| Untracked 
|  14|0x0000000704800000, 0x0000000704900000, 0x0000000704900000|100%| O|  |TAMS 0x0000000704900000, 0x0000000704800000| Untracked 
|  15|0x0000000704900000, 0x0000000704a00000, 0x0000000704a00000|100%| O|  |TAMS 0x0000000704a00000, 0x0000000704900000| Untracked 
|  16|0x0000000704a00000, 0x0000000704b00000, 0x0000000704b00000|100%| O|  |TAMS 0x0000000704a51a00, 0x0000000704a00000| Untracked 
|  17|0x0000000704b00000, 0x0000000704c00000, 0x0000000704c00000|100%| O|  |TAMS 0x0000000704b00000, 0x0000000704b00000| Untracked 
|  18|0x0000000704c00000, 0x0000000704d00000, 0x0000000704d00000|100%| O|  |TAMS 0x0000000704c00000, 0x0000000704c00000| Untracked 
|  19|0x0000000704d00000, 0x0000000704e00000, 0x0000000704e00000|100%| O|  |TAMS 0x0000000704d00000, 0x0000000704d00000| Untracked 
|  20|0x0000000704e00000, 0x0000000704ef7c00, 0x0000000704f00000| 96%| O|  |TAMS 0x0000000704e00000, 0x0000000704e00000| Untracked 
|  21|0x0000000704f00000, 0x0000000704f00000, 0x0000000705000000|  0%| F|  |TAMS 0x0000000704f00000, 0x0000000704f00000| Untracked 
|  22|0x0000000705000000, 0x0000000705000000, 0x0000000705100000|  0%| F|  |TAMS 0x0000000705000000, 0x0000000705000000| Untracked 
|  23|0x0000000705100000, 0x0000000705100000, 0x0000000705200000|  0%| F|  |TAMS 0x0000000705100000, 0x0000000705100000| Untracked 
|  24|0x0000000705200000, 0x0000000705200000, 0x0000000705300000|  0%| F|  |TAMS 0x0000000705200000, 0x0000000705200000| Untracked 
|  25|0x0000000705300000, 0x0000000705300000, 0x0000000705400000|  0%| F|  |TAMS 0x0000000705300000, 0x0000000705300000| Untracked 
|  26|0x0000000705400000, 0x0000000705400000, 0x0000000705500000|  0%| F|  |TAMS 0x0000000705400000, 0x0000000705400000| Untracked 
|  27|0x0000000705500000, 0x0000000705500000, 0x0000000705600000|  0%| F|  |TAMS 0x0000000705500000, 0x0000000705500000| Untracked 
|  28|0x0000000705600000, 0x0000000705600000, 0x0000000705700000|  0%| F|  |TAMS 0x0000000705600000, 0x0000000705600000| Untracked 
|  29|0x0000000705700000, 0x0000000705700000, 0x0000000705800000|  0%| F|  |TAMS 0x0000000705700000, 0x0000000705700000| Untracked 
|  30|0x0000000705800000, 0x0000000705800000, 0x0000000705900000|  0%| F|  |TAMS 0x0000000705800000, 0x0000000705800000| Untracked 
|  31|0x0000000705900000, 0x0000000705900000, 0x0000000705a00000|  0%| F|  |TAMS 0x0000000705900000, 0x0000000705900000| Untracked 
|  32|0x0000000705a00000, 0x0000000705a00000, 0x0000000705b00000|  0%| F|  |TAMS 0x0000000705a00000, 0x0000000705a00000| Untracked 
|  33|0x0000000705b00000, 0x0000000705b00000, 0x0000000705c00000|  0%| F|  |TAMS 0x0000000705b00000, 0x0000000705b00000| Untracked 
|  34|0x0000000705c00000, 0x0000000705c00000, 0x0000000705d00000|  0%| F|  |TAMS 0x0000000705c00000, 0x0000000705c00000| Untracked 
|  35|0x0000000705d00000, 0x0000000705d00000, 0x0000000705e00000|  0%| F|  |TAMS 0x0000000705d00000, 0x0000000705d00000| Untracked 
|  36|0x0000000705e00000, 0x0000000705e00000, 0x0000000705f00000|  0%| F|  |TAMS 0x0000000705e00000, 0x0000000705e00000| Untracked 
|  37|0x0000000705f00000, 0x0000000705f00000, 0x0000000706000000|  0%| F|  |TAMS 0x0000000705f00000, 0x0000000705f00000| Untracked 
|  38|0x0000000706000000, 0x0000000706000000, 0x0000000706100000|  0%| F|  |TAMS 0x0000000706000000, 0x0000000706000000| Untracked 
|  39|0x0000000706100000, 0x0000000706100000, 0x0000000706200000|  0%| F|  |TAMS 0x0000000706100000, 0x0000000706100000| Untracked 
|  40|0x0000000706200000, 0x0000000706200000, 0x0000000706300000|  0%| F|  |TAMS 0x0000000706200000, 0x0000000706200000| Untracked 
|  41|0x0000000706300000, 0x0000000706300000, 0x0000000706400000|  0%| F|  |TAMS 0x0000000706300000, 0x0000000706300000| Untracked 
|  42|0x0000000706400000, 0x0000000706400000, 0x0000000706500000|  0%| F|  |TAMS 0x0000000706400000, 0x0000000706400000| Untracked 
|  43|0x0000000706500000, 0x0000000706500000, 0x0000000706600000|  0%| F|  |TAMS 0x0000000706500000, 0x0000000706500000| Untracked 
|  44|0x0000000706600000, 0x0000000706600000, 0x0000000706700000|  0%| F|  |TAMS 0x0000000706600000, 0x0000000706600000| Untracked 
|  45|0x0000000706700000, 0x0000000706700000, 0x0000000706800000|  0%| F|  |TAMS 0x0000000706700000, 0x0000000706700000| Untracked 
|  46|0x0000000706800000, 0x0000000706800000, 0x0000000706900000|  0%| F|  |TAMS 0x0000000706800000, 0x0000000706800000| Untracked 
|  47|0x0000000706900000, 0x0000000706900000, 0x0000000706a00000|  0%| F|  |TAMS 0x0000000706900000, 0x0000000706900000| Untracked 
|  48|0x0000000706a00000, 0x0000000706a00000, 0x0000000706b00000|  0%| F|  |TAMS 0x0000000706a00000, 0x0000000706a00000| Untracked 
|  49|0x0000000706b00000, 0x0000000706b00000, 0x0000000706c00000|  0%| F|  |TAMS 0x0000000706b00000, 0x0000000706b00000| Untracked 
|  50|0x0000000706c00000, 0x0000000706c00000, 0x0000000706d00000|  0%| F|  |TAMS 0x0000000706c00000, 0x0000000706c00000| Untracked 
|  51|0x0000000706d00000, 0x0000000706d00000, 0x0000000706e00000|  0%| F|  |TAMS 0x0000000706d00000, 0x0000000706d00000| Untracked 
|  52|0x0000000706e00000, 0x0000000706e00000, 0x0000000706f00000|  0%| F|  |TAMS 0x0000000706e00000, 0x0000000706e00000| Untracked 
|  53|0x0000000706f00000, 0x0000000706f00000, 0x0000000707000000|  0%| F|  |TAMS 0x0000000706f00000, 0x0000000706f00000| Untracked 
|  54|0x0000000707000000, 0x0000000707000000, 0x0000000707100000|  0%| F|  |TAMS 0x0000000707000000, 0x0000000707000000| Untracked 
|  55|0x0000000707100000, 0x0000000707100000, 0x0000000707200000|  0%| F|  |TAMS 0x0000000707100000, 0x0000000707100000| Untracked 
|  56|0x0000000707200000, 0x0000000707200000, 0x0000000707300000|  0%| F|  |TAMS 0x0000000707200000, 0x0000000707200000| Untracked 
|  57|0x0000000707300000, 0x0000000707300000, 0x0000000707400000|  0%| F|  |TAMS 0x0000000707300000, 0x0000000707300000| Untracked 
|  58|0x0000000707400000, 0x0000000707400000, 0x0000000707500000|  0%| F|  |TAMS 0x0000000707400000, 0x0000000707400000| Untracked 
|  59|0x0000000707500000, 0x0000000707500000, 0x0000000707600000|  0%| F|  |TAMS 0x0000000707500000, 0x0000000707500000| Untracked 
|  60|0x0000000707600000, 0x0000000707600000, 0x0000000707700000|  0%| F|  |TAMS 0x0000000707600000, 0x0000000707600000| Untracked 
|  61|0x0000000707700000, 0x0000000707700000, 0x0000000707800000|  0%| F|  |TAMS 0x0000000707700000, 0x0000000707700000| Untracked 
|  62|0x0000000707800000, 0x0000000707800000, 0x0000000707900000|  0%| F|  |TAMS 0x0000000707800000, 0x0000000707800000| Untracked 
|  63|0x0000000707900000, 0x0000000707900000, 0x0000000707a00000|  0%| F|  |TAMS 0x0000000707900000, 0x0000000707900000| Untracked 
|  64|0x0000000707a00000, 0x0000000707a00000, 0x0000000707b00000|  0%| F|  |TAMS 0x0000000707a00000, 0x0000000707a00000| Untracked 
|  65|0x0000000707b00000, 0x0000000707b00000, 0x0000000707c00000|  0%| F|  |TAMS 0x0000000707b00000, 0x0000000707b00000| Untracked 
|  66|0x0000000707c00000, 0x0000000707c00000, 0x0000000707d00000|  0%| F|  |TAMS 0x0000000707c00000, 0x0000000707c00000| Untracked 
|  67|0x0000000707d00000, 0x0000000707d00000, 0x0000000707e00000|  0%| F|  |TAMS 0x0000000707d00000, 0x0000000707d00000| Untracked 
|  68|0x0000000707e00000, 0x0000000707e00000, 0x0000000707f00000|  0%| F|  |TAMS 0x0000000707e00000, 0x0000000707e00000| Untracked 
|  69|0x0000000707f00000, 0x0000000707f00000, 0x0000000708000000|  0%| F|  |TAMS 0x0000000707f00000, 0x0000000707f00000| Untracked 
|  70|0x0000000708000000, 0x0000000708000000, 0x0000000708100000|  0%| F|  |TAMS 0x0000000708000000, 0x0000000708000000| Untracked 
|  71|0x0000000708100000, 0x0000000708100000, 0x0000000708200000|  0%| F|  |TAMS 0x0000000708100000, 0x0000000708100000| Untracked 
|  72|0x0000000708200000, 0x0000000708200000, 0x0000000708300000|  0%| F|  |TAMS 0x0000000708200000, 0x0000000708200000| Untracked 
|  73|0x0000000708300000, 0x0000000708300000, 0x0000000708400000|  0%| F|  |TAMS 0x0000000708300000, 0x0000000708300000| Untracked 
|  74|0x0000000708400000, 0x0000000708400000, 0x0000000708500000|  0%| F|  |TAMS 0x0000000708400000, 0x0000000708400000| Untracked 
|  75|0x0000000708500000, 0x0000000708500000, 0x0000000708600000|  0%| F|  |TAMS 0x0000000708500000, 0x0000000708500000| Untracked 
|  76|0x0000000708600000, 0x0000000708600000, 0x0000000708700000|  0%| F|  |TAMS 0x0000000708600000, 0x0000000708600000| Untracked 
|  77|0x0000000708700000, 0x0000000708700000, 0x0000000708800000|  0%| F|  |TAMS 0x0000000708700000, 0x0000000708700000| Untracked 
|  78|0x0000000708800000, 0x0000000708800000, 0x0000000708900000|  0%| F|  |TAMS 0x0000000708800000, 0x0000000708800000| Untracked 
|  79|0x0000000708900000, 0x0000000708900000, 0x0000000708a00000|  0%| F|  |TAMS 0x0000000708900000, 0x0000000708900000| Untracked 
|  80|0x0000000708a00000, 0x0000000708a00000, 0x0000000708b00000|  0%| F|  |TAMS 0x0000000708a00000, 0x0000000708a00000| Untracked 
|  81|0x0000000708b00000, 0x0000000708b00000, 0x0000000708c00000|  0%| F|  |TAMS 0x0000000708b00000, 0x0000000708b00000| Untracked 
|  82|0x0000000708c00000, 0x0000000708c00000, 0x0000000708d00000|  0%| F|  |TAMS 0x0000000708c00000, 0x0000000708c00000| Untracked 
|  83|0x0000000708d00000, 0x0000000708d00000, 0x0000000708e00000|  0%| F|  |TAMS 0x0000000708d00000, 0x0000000708d00000| Untracked 
|  84|0x0000000708e00000, 0x0000000708e00000, 0x0000000708f00000|  0%| F|  |TAMS 0x0000000708e00000, 0x0000000708e00000| Untracked 
|  85|0x0000000708f00000, 0x0000000708f00000, 0x0000000709000000|  0%| F|  |TAMS 0x0000000708f00000, 0x0000000708f00000| Untracked 
|  86|0x0000000709000000, 0x0000000709000000, 0x0000000709100000|  0%| F|  |TAMS 0x0000000709000000, 0x0000000709000000| Untracked 
|  87|0x0000000709100000, 0x0000000709100000, 0x0000000709200000|  0%| F|  |TAMS 0x0000000709100000, 0x0000000709100000| Untracked 
|  88|0x0000000709200000, 0x0000000709200000, 0x0000000709300000|  0%| F|  |TAMS 0x0000000709200000, 0x0000000709200000| Untracked 
|  89|0x0000000709300000, 0x0000000709300000, 0x0000000709400000|  0%| F|  |TAMS 0x0000000709300000, 0x0000000709300000| Untracked 
|  90|0x0000000709400000, 0x0000000709400000, 0x0000000709500000|  0%| F|  |TAMS 0x0000000709400000, 0x0000000709400000| Untracked 
|  91|0x0000000709500000, 0x0000000709500000, 0x0000000709600000|  0%| F|  |TAMS 0x0000000709500000, 0x0000000709500000| Untracked 
|  92|0x0000000709600000, 0x0000000709600000, 0x0000000709700000|  0%| F|  |TAMS 0x0000000709600000, 0x0000000709600000| Untracked 
|  93|0x0000000709700000, 0x0000000709700000, 0x0000000709800000|  0%| F|  |TAMS 0x0000000709700000, 0x0000000709700000| Untracked 
|  94|0x0000000709800000, 0x0000000709800000, 0x0000000709900000|  0%| F|  |TAMS 0x0000000709800000, 0x0000000709800000| Untracked 
|  95|0x0000000709900000, 0x0000000709900000, 0x0000000709a00000|  0%| F|  |TAMS 0x0000000709900000, 0x0000000709900000| Untracked 
|  96|0x0000000709a00000, 0x0000000709a00000, 0x0000000709b00000|  0%| F|  |TAMS 0x0000000709a00000, 0x0000000709a00000| Untracked 
|  97|0x0000000709b00000, 0x0000000709b00000, 0x0000000709c00000|  0%| F|  |TAMS 0x0000000709b00000, 0x0000000709b00000| Untracked 
|  98|0x0000000709c00000, 0x0000000709c00000, 0x0000000709d00000|  0%| F|  |TAMS 0x0000000709c00000, 0x0000000709c00000| Untracked 
|  99|0x0000000709d00000, 0x0000000709d00000, 0x0000000709e00000|  0%| F|  |TAMS 0x0000000709d00000, 0x0000000709d00000| Untracked 
| 100|0x0000000709e00000, 0x0000000709e00000, 0x0000000709f00000|  0%| F|  |TAMS 0x0000000709e00000, 0x0000000709e00000| Untracked 
| 101|0x0000000709f00000, 0x0000000709f00000, 0x000000070a000000|  0%| F|  |TAMS 0x0000000709f00000, 0x0000000709f00000| Untracked 
| 102|0x000000070a000000, 0x000000070a000000, 0x000000070a100000|  0%| F|  |TAMS 0x000000070a000000, 0x000000070a000000| Untracked 
| 103|0x000000070a100000, 0x000000070a100000, 0x000000070a200000|  0%| F|  |TAMS 0x000000070a100000, 0x000000070a100000| Untracked 
| 104|0x000000070a200000, 0x000000070a200000, 0x000000070a300000|  0%| F|  |TAMS 0x000000070a200000, 0x000000070a200000| Untracked 
| 105|0x000000070a300000, 0x000000070a300000, 0x000000070a400000|  0%| F|  |TAMS 0x000000070a300000, 0x000000070a300000| Untracked 
| 106|0x000000070a400000, 0x000000070a400000, 0x000000070a500000|  0%| F|  |TAMS 0x000000070a400000, 0x000000070a400000| Untracked 
| 107|0x000000070a500000, 0x000000070a500000, 0x000000070a600000|  0%| F|  |TAMS 0x000000070a500000, 0x000000070a500000| Untracked 
| 108|0x000000070a600000, 0x000000070a600000, 0x000000070a700000|  0%| F|  |TAMS 0x000000070a600000, 0x000000070a600000| Untracked 
| 109|0x000000070a700000, 0x000000070a700000, 0x000000070a800000|  0%| F|  |TAMS 0x000000070a700000, 0x000000070a700000| Untracked 
| 110|0x000000070a800000, 0x000000070a800000, 0x000000070a900000|  0%| F|  |TAMS 0x000000070a800000, 0x000000070a800000| Untracked 
| 111|0x000000070a900000, 0x000000070a900000, 0x000000070aa00000|  0%| F|  |TAMS 0x000000070a900000, 0x000000070a900000| Untracked 
| 112|0x000000070aa00000, 0x000000070aa00000, 0x000000070ab00000|  0%| F|  |TAMS 0x000000070aa00000, 0x000000070aa00000| Untracked 
| 113|0x000000070ab00000, 0x000000070ab00000, 0x000000070ac00000|  0%| F|  |TAMS 0x000000070ab00000, 0x000000070ab00000| Untracked 
| 114|0x000000070ac00000, 0x000000070ac00000, 0x000000070ad00000|  0%| F|  |TAMS 0x000000070ac00000, 0x000000070ac00000| Untracked 
| 115|0x000000070ad00000, 0x000000070ad00000, 0x000000070ae00000|  0%| F|  |TAMS 0x000000070ad00000, 0x000000070ad00000| Untracked 
| 116|0x000000070ae00000, 0x000000070ae00000, 0x000000070af00000|  0%| F|  |TAMS 0x000000070ae00000, 0x000000070ae00000| Untracked 
| 117|0x000000070af00000, 0x000000070af00000, 0x000000070b000000|  0%| F|  |TAMS 0x000000070af00000, 0x000000070af00000| Untracked 
| 118|0x000000070b000000, 0x000000070b000000, 0x000000070b100000|  0%| F|  |TAMS 0x000000070b000000, 0x000000070b000000| Untracked 
| 119|0x000000070b100000, 0x000000070b100000, 0x000000070b200000|  0%| F|  |TAMS 0x000000070b100000, 0x000000070b100000| Untracked 
| 120|0x000000070b200000, 0x000000070b200000, 0x000000070b300000|  0%| F|  |TAMS 0x000000070b200000, 0x000000070b200000| Untracked 
| 121|0x000000070b300000, 0x000000070b300000, 0x000000070b400000|  0%| F|  |TAMS 0x000000070b300000, 0x000000070b300000| Untracked 
| 122|0x000000070b400000, 0x000000070b400000, 0x000000070b500000|  0%| F|  |TAMS 0x000000070b400000, 0x000000070b400000| Untracked 
| 123|0x000000070b500000, 0x000000070b500000, 0x000000070b600000|  0%| F|  |TAMS 0x000000070b500000, 0x000000070b500000| Untracked 
| 124|0x000000070b600000, 0x000000070b600000, 0x000000070b700000|  0%| F|  |TAMS 0x000000070b600000, 0x000000070b600000| Untracked 
| 125|0x000000070b700000, 0x000000070b700000, 0x000000070b800000|  0%| F|  |TAMS 0x000000070b700000, 0x000000070b700000| Untracked 
| 126|0x000000070b800000, 0x000000070b800000, 0x000000070b900000|  0%| F|  |TAMS 0x000000070b800000, 0x000000070b800000| Untracked 
| 127|0x000000070b900000, 0x000000070b900000, 0x000000070ba00000|  0%| F|  |TAMS 0x000000070b900000, 0x000000070b900000| Untracked 
| 128|0x000000070ba00000, 0x000000070ba00000, 0x000000070bb00000|  0%| F|  |TAMS 0x000000070ba00000, 0x000000070ba00000| Untracked 
| 129|0x000000070bb00000, 0x000000070bb00000, 0x000000070bc00000|  0%| F|  |TAMS 0x000000070bb00000, 0x000000070bb00000| Untracked 
| 130|0x000000070bc00000, 0x000000070bc00000, 0x000000070bd00000|  0%| F|  |TAMS 0x000000070bc00000, 0x000000070bc00000| Untracked 
| 131|0x000000070bd00000, 0x000000070bd00000, 0x000000070be00000|  0%| F|  |TAMS 0x000000070bd00000, 0x000000070bd00000| Untracked 
| 132|0x000000070be00000, 0x000000070be00000, 0x000000070bf00000|  0%| F|  |TAMS 0x000000070be00000, 0x000000070be00000| Untracked 
| 133|0x000000070bf00000, 0x000000070bf00000, 0x000000070c000000|  0%| F|  |TAMS 0x000000070bf00000, 0x000000070bf00000| Untracked 
| 134|0x000000070c000000, 0x000000070c000000, 0x000000070c100000|  0%| F|  |TAMS 0x000000070c000000, 0x000000070c000000| Untracked 
| 135|0x000000070c100000, 0x000000070c100000, 0x000000070c200000|  0%| F|  |TAMS 0x000000070c100000, 0x000000070c100000| Untracked 
| 136|0x000000070c200000, 0x000000070c200000, 0x000000070c300000|  0%| F|  |TAMS 0x000000070c200000, 0x000000070c200000| Untracked 
| 137|0x000000070c300000, 0x000000070c300000, 0x000000070c400000|  0%| F|  |TAMS 0x000000070c300000, 0x000000070c300000| Untracked 
| 138|0x000000070c400000, 0x000000070c400000, 0x000000070c500000|  0%| F|  |TAMS 0x000000070c400000, 0x000000070c400000| Untracked 
| 139|0x000000070c500000, 0x000000070c500000, 0x000000070c600000|  0%| F|  |TAMS 0x000000070c500000, 0x000000070c500000| Untracked 
| 140|0x000000070c600000, 0x000000070c600000, 0x000000070c700000|  0%| F|  |TAMS 0x000000070c600000, 0x000000070c600000| Untracked 
| 141|0x000000070c700000, 0x000000070c700000, 0x000000070c800000|  0%| F|  |TAMS 0x000000070c700000, 0x000000070c700000| Untracked 
| 142|0x000000070c800000, 0x000000070c800000, 0x000000070c900000|  0%| F|  |TAMS 0x000000070c800000, 0x000000070c800000| Untracked 
| 143|0x000000070c900000, 0x000000070c900000, 0x000000070ca00000|  0%| F|  |TAMS 0x000000070c900000, 0x000000070c900000| Untracked 
| 144|0x000000070ca00000, 0x000000070ca00000, 0x000000070cb00000|  0%| F|  |TAMS 0x000000070ca00000, 0x000000070ca00000| Untracked 
| 145|0x000000070cb00000, 0x000000070cb00000, 0x000000070cc00000|  0%| F|  |TAMS 0x000000070cb00000, 0x000000070cb00000| Untracked 
| 146|0x000000070cc00000, 0x000000070cc00000, 0x000000070cd00000|  0%| F|  |TAMS 0x000000070cc00000, 0x000000070cc00000| Untracked 
| 147|0x000000070cd00000, 0x000000070cd00000, 0x000000070ce00000|  0%| F|  |TAMS 0x000000070cd00000, 0x000000070cd00000| Untracked 
| 148|0x000000070ce00000, 0x000000070ce00000, 0x000000070cf00000|  0%| F|  |TAMS 0x000000070ce00000, 0x000000070ce00000| Untracked 
| 149|0x000000070cf00000, 0x000000070cf00000, 0x000000070d000000|  0%| F|  |TAMS 0x000000070cf00000, 0x000000070cf00000| Untracked 
| 150|0x000000070d000000, 0x000000070d000000, 0x000000070d100000|  0%| F|  |TAMS 0x000000070d000000, 0x000000070d000000| Untracked 
| 151|0x000000070d100000, 0x000000070d100000, 0x000000070d200000|  0%| F|  |TAMS 0x000000070d100000, 0x000000070d100000| Untracked 
| 152|0x000000070d200000, 0x000000070d200000, 0x000000070d300000|  0%| F|  |TAMS 0x000000070d200000, 0x000000070d200000| Untracked 
| 153|0x000000070d300000, 0x000000070d300000, 0x000000070d400000|  0%| F|  |TAMS 0x000000070d300000, 0x000000070d300000| Untracked 
| 154|0x000000070d400000, 0x000000070d400000, 0x000000070d500000|  0%| F|  |TAMS 0x000000070d400000, 0x000000070d400000| Untracked 
| 155|0x000000070d500000, 0x000000070d500000, 0x000000070d600000|  0%| F|  |TAMS 0x000000070d500000, 0x000000070d500000| Untracked 
| 156|0x000000070d600000, 0x000000070d600000, 0x000000070d700000|  0%| F|  |TAMS 0x000000070d600000, 0x000000070d600000| Untracked 
| 157|0x000000070d700000, 0x000000070d700000, 0x000000070d800000|  0%| F|  |TAMS 0x000000070d700000, 0x000000070d700000| Untracked 
| 158|0x000000070d800000, 0x000000070d800000, 0x000000070d900000|  0%| F|  |TAMS 0x000000070d800000, 0x000000070d800000| Untracked 
| 159|0x000000070d900000, 0x000000070d900000, 0x000000070da00000|  0%| F|  |TAMS 0x000000070d900000, 0x000000070d900000| Untracked 
| 160|0x000000070da00000, 0x000000070da00000, 0x000000070db00000|  0%| F|  |TAMS 0x000000070da00000, 0x000000070da00000| Untracked 
| 161|0x000000070db00000, 0x000000070db00000, 0x000000070dc00000|  0%| F|  |TAMS 0x000000070db00000, 0x000000070db00000| Untracked 
| 162|0x000000070dc00000, 0x000000070dc00000, 0x000000070dd00000|  0%| F|  |TAMS 0x000000070dc00000, 0x000000070dc00000| Untracked 
| 163|0x000000070dd00000, 0x000000070dd00000, 0x000000070de00000|  0%| F|  |TAMS 0x000000070dd00000, 0x000000070dd00000| Untracked 
| 164|0x000000070de00000, 0x000000070de00000, 0x000000070df00000|  0%| F|  |TAMS 0x000000070de00000, 0x000000070de00000| Untracked 
| 165|0x000000070df00000, 0x000000070df00000, 0x000000070e000000|  0%| F|  |TAMS 0x000000070df00000, 0x000000070df00000| Untracked 
| 166|0x000000070e000000, 0x000000070e000000, 0x000000070e100000|  0%| F|  |TAMS 0x000000070e000000, 0x000000070e000000| Untracked 
| 167|0x000000070e100000, 0x000000070e100000, 0x000000070e200000|  0%| F|  |TAMS 0x000000070e100000, 0x000000070e100000| Untracked 
| 168|0x000000070e200000, 0x000000070e200000, 0x000000070e300000|  0%| F|  |TAMS 0x000000070e200000, 0x000000070e200000| Untracked 
| 169|0x000000070e300000, 0x000000070e300000, 0x000000070e400000|  0%| F|  |TAMS 0x000000070e300000, 0x000000070e300000| Untracked 
| 170|0x000000070e400000, 0x000000070e400000, 0x000000070e500000|  0%| F|  |TAMS 0x000000070e400000, 0x000000070e400000| Untracked 
| 171|0x000000070e500000, 0x000000070e500000, 0x000000070e600000|  0%| F|  |TAMS 0x000000070e500000, 0x000000070e500000| Untracked 
| 172|0x000000070e600000, 0x000000070e600000, 0x000000070e700000|  0%| F|  |TAMS 0x000000070e600000, 0x000000070e600000| Untracked 
| 173|0x000000070e700000, 0x000000070e700000, 0x000000070e800000|  0%| F|  |TAMS 0x000000070e700000, 0x000000070e700000| Untracked 
| 174|0x000000070e800000, 0x000000070e800000, 0x000000070e900000|  0%| F|  |TAMS 0x000000070e800000, 0x000000070e800000| Untracked 
| 175|0x000000070e900000, 0x000000070e900000, 0x000000070ea00000|  0%| F|  |TAMS 0x000000070e900000, 0x000000070e900000| Untracked 
| 176|0x000000070ea00000, 0x000000070ea00000, 0x000000070eb00000|  0%| F|  |TAMS 0x000000070ea00000, 0x000000070ea00000| Untracked 
| 177|0x000000070eb00000, 0x000000070eb00000, 0x000000070ec00000|  0%| F|  |TAMS 0x000000070eb00000, 0x000000070eb00000| Untracked 
| 178|0x000000070ec00000, 0x000000070ec00000, 0x000000070ed00000|  0%| F|  |TAMS 0x000000070ec00000, 0x000000070ec00000| Untracked 
| 179|0x000000070ed00000, 0x000000070ed00000, 0x000000070ee00000|  0%| F|  |TAMS 0x000000070ed00000, 0x000000070ed00000| Untracked 
| 180|0x000000070ee00000, 0x000000070ee00000, 0x000000070ef00000|  0%| F|  |TAMS 0x000000070ee00000, 0x000000070ee00000| Untracked 
| 181|0x000000070ef00000, 0x000000070ef00000, 0x000000070f000000|  0%| F|  |TAMS 0x000000070ef00000, 0x000000070ef00000| Untracked 
| 182|0x000000070f000000, 0x000000070f000000, 0x000000070f100000|  0%| F|  |TAMS 0x000000070f000000, 0x000000070f000000| Untracked 
| 183|0x000000070f100000, 0x000000070f100000, 0x000000070f200000|  0%| F|  |TAMS 0x000000070f100000, 0x000000070f100000| Untracked 
| 184|0x000000070f200000, 0x000000070f200000, 0x000000070f300000|  0%| F|  |TAMS 0x000000070f200000, 0x000000070f200000| Untracked 
| 185|0x000000070f300000, 0x000000070f300000, 0x000000070f400000|  0%| F|  |TAMS 0x000000070f300000, 0x000000070f300000| Untracked 
| 186|0x000000070f400000, 0x000000070f400000, 0x000000070f500000|  0%| F|  |TAMS 0x000000070f400000, 0x000000070f400000| Untracked 
| 187|0x000000070f500000, 0x000000070f500000, 0x000000070f600000|  0%| F|  |TAMS 0x000000070f500000, 0x000000070f500000| Untracked 
| 188|0x000000070f600000, 0x000000070f600000, 0x000000070f700000|  0%| F|  |TAMS 0x000000070f600000, 0x000000070f600000| Untracked 
| 189|0x000000070f700000, 0x000000070f700000, 0x000000070f800000|  0%| F|  |TAMS 0x000000070f700000, 0x000000070f700000| Untracked 
| 190|0x000000070f800000, 0x000000070f800000, 0x000000070f900000|  0%| F|  |TAMS 0x000000070f800000, 0x000000070f800000| Untracked 
| 191|0x000000070f900000, 0x000000070f900000, 0x000000070fa00000|  0%| F|  |TAMS 0x000000070f900000, 0x000000070f900000| Untracked 
| 192|0x000000070fa00000, 0x000000070fa00000, 0x000000070fb00000|  0%| F|  |TAMS 0x000000070fa00000, 0x000000070fa00000| Untracked 
| 193|0x000000070fb00000, 0x000000070fb00000, 0x000000070fc00000|  0%| F|  |TAMS 0x000000070fb00000, 0x000000070fb00000| Untracked 
| 194|0x000000070fc00000, 0x000000070fc00000, 0x000000070fd00000|  0%| F|  |TAMS 0x000000070fc00000, 0x000000070fc00000| Untracked 
| 195|0x000000070fd00000, 0x000000070fd00000, 0x000000070fe00000|  0%| F|  |TAMS 0x000000070fd00000, 0x000000070fd00000| Untracked 
| 196|0x000000070fe00000, 0x000000070fe00000, 0x000000070ff00000|  0%| F|  |TAMS 0x000000070fe00000, 0x000000070fe00000| Untracked 
| 197|0x000000070ff00000, 0x000000070ff00000, 0x0000000710000000|  0%| F|  |TAMS 0x000000070ff00000, 0x000000070ff00000| Untracked 
| 198|0x0000000710000000, 0x0000000710000000, 0x0000000710100000|  0%| F|  |TAMS 0x0000000710000000, 0x0000000710000000| Untracked 
| 199|0x0000000710100000, 0x0000000710100000, 0x0000000710200000|  0%| F|  |TAMS 0x0000000710100000, 0x0000000710100000| Untracked 
| 200|0x0000000710200000, 0x0000000710200000, 0x0000000710300000|  0%| F|  |TAMS 0x0000000710200000, 0x0000000710200000| Untracked 
| 201|0x0000000710300000, 0x0000000710300000, 0x0000000710400000|  0%| F|  |TAMS 0x0000000710300000, 0x0000000710300000| Untracked 
| 202|0x0000000710400000, 0x0000000710400000, 0x0000000710500000|  0%| F|  |TAMS 0x0000000710400000, 0x0000000710400000| Untracked 
| 203|0x0000000710500000, 0x0000000710500000, 0x0000000710600000|  0%| F|  |TAMS 0x0000000710500000, 0x0000000710500000| Untracked 
| 204|0x0000000710600000, 0x0000000710600000, 0x0000000710700000|  0%| F|  |TAMS 0x0000000710600000, 0x0000000710600000| Untracked 
| 205|0x0000000710700000, 0x0000000710700000, 0x0000000710800000|  0%| F|  |TAMS 0x0000000710700000, 0x0000000710700000| Untracked 
| 206|0x0000000710800000, 0x0000000710800000, 0x0000000710900000|  0%| F|  |TAMS 0x0000000710800000, 0x0000000710800000| Untracked 
| 207|0x0000000710900000, 0x0000000710900000, 0x0000000710a00000|  0%| F|  |TAMS 0x0000000710900000, 0x0000000710900000| Untracked 
| 208|0x0000000710a00000, 0x0000000710a00000, 0x0000000710b00000|  0%| F|  |TAMS 0x0000000710a00000, 0x0000000710a00000| Untracked 
| 209|0x0000000710b00000, 0x0000000710b00000, 0x0000000710c00000|  0%| F|  |TAMS 0x0000000710b00000, 0x0000000710b00000| Untracked 
| 210|0x0000000710c00000, 0x0000000710c00000, 0x0000000710d00000|  0%| F|  |TAMS 0x0000000710c00000, 0x0000000710c00000| Untracked 
| 211|0x0000000710d00000, 0x0000000710d00000, 0x0000000710e00000|  0%| F|  |TAMS 0x0000000710d00000, 0x0000000710d00000| Untracked 
| 212|0x0000000710e00000, 0x0000000710e00000, 0x0000000710f00000|  0%| F|  |TAMS 0x0000000710e00000, 0x0000000710e00000| Untracked 
| 213|0x0000000710f00000, 0x0000000710f00000, 0x0000000711000000|  0%| F|  |TAMS 0x0000000710f00000, 0x0000000710f00000| Untracked 
| 214|0x0000000711000000, 0x0000000711000000, 0x0000000711100000|  0%| F|  |TAMS 0x0000000711000000, 0x0000000711000000| Untracked 
| 215|0x0000000711100000, 0x0000000711100000, 0x0000000711200000|  0%| F|  |TAMS 0x0000000711100000, 0x0000000711100000| Untracked 
| 216|0x0000000711200000, 0x0000000711200000, 0x0000000711300000|  0%| F|  |TAMS 0x0000000711200000, 0x0000000711200000| Untracked 
| 217|0x0000000711300000, 0x0000000711300000, 0x0000000711400000|  0%| F|  |TAMS 0x0000000711300000, 0x0000000711300000| Untracked 
| 218|0x0000000711400000, 0x0000000711400000, 0x0000000711500000|  0%| F|  |TAMS 0x0000000711400000, 0x0000000711400000| Untracked 
| 219|0x0000000711500000, 0x0000000711500000, 0x0000000711600000|  0%| F|  |TAMS 0x0000000711500000, 0x0000000711500000| Untracked 
| 220|0x0000000711600000, 0x0000000711600000, 0x0000000711700000|  0%| F|  |TAMS 0x0000000711600000, 0x0000000711600000| Untracked 
| 221|0x0000000711700000, 0x0000000711700000, 0x0000000711800000|  0%| F|  |TAMS 0x0000000711700000, 0x0000000711700000| Untracked 
| 222|0x0000000711800000, 0x0000000711800000, 0x0000000711900000|  0%| F|  |TAMS 0x0000000711800000, 0x0000000711800000| Untracked 
| 223|0x0000000711900000, 0x0000000711900000, 0x0000000711a00000|  0%| F|  |TAMS 0x0000000711900000, 0x0000000711900000| Untracked 
| 224|0x0000000711a00000, 0x0000000711a00000, 0x0000000711b00000|  0%| F|  |TAMS 0x0000000711a00000, 0x0000000711a00000| Untracked 
| 225|0x0000000711b00000, 0x0000000711b00000, 0x0000000711c00000|  0%| F|  |TAMS 0x0000000711b00000, 0x0000000711b00000| Untracked 
| 226|0x0000000711c00000, 0x0000000711c00000, 0x0000000711d00000|  0%| F|  |TAMS 0x0000000711c00000, 0x0000000711c00000| Untracked 
| 227|0x0000000711d00000, 0x0000000711d00000, 0x0000000711e00000|  0%| F|  |TAMS 0x0000000711d00000, 0x0000000711d00000| Untracked 
| 228|0x0000000711e00000, 0x0000000711e00000, 0x0000000711f00000|  0%| F|  |TAMS 0x0000000711e00000, 0x0000000711e00000| Untracked 
| 229|0x0000000711f00000, 0x0000000711f00000, 0x0000000712000000|  0%| F|  |TAMS 0x0000000711f00000, 0x0000000711f00000| Untracked 
| 230|0x0000000712000000, 0x0000000712000000, 0x0000000712100000|  0%| F|  |TAMS 0x0000000712000000, 0x0000000712000000| Untracked 
| 231|0x0000000712100000, 0x0000000712100000, 0x0000000712200000|  0%| F|  |TAMS 0x0000000712100000, 0x0000000712100000| Untracked 
| 232|0x0000000712200000, 0x0000000712200000, 0x0000000712300000|  0%| F|  |TAMS 0x0000000712200000, 0x0000000712200000| Untracked 
| 233|0x0000000712300000, 0x0000000712300000, 0x0000000712400000|  0%| F|  |TAMS 0x0000000712300000, 0x0000000712300000| Untracked 
| 234|0x0000000712400000, 0x0000000712400000, 0x0000000712500000|  0%| F|  |TAMS 0x0000000712400000, 0x0000000712400000| Untracked 
| 235|0x0000000712500000, 0x0000000712500000, 0x0000000712600000|  0%| F|  |TAMS 0x0000000712500000, 0x0000000712500000| Untracked 
| 236|0x0000000712600000, 0x0000000712600000, 0x0000000712700000|  0%| F|  |TAMS 0x0000000712600000, 0x0000000712600000| Untracked 
| 237|0x0000000712700000, 0x0000000712700000, 0x0000000712800000|  0%| F|  |TAMS 0x0000000712700000, 0x0000000712700000| Untracked 
| 238|0x0000000712800000, 0x0000000712800000, 0x0000000712900000|  0%| F|  |TAMS 0x0000000712800000, 0x0000000712800000| Untracked 
| 239|0x0000000712900000, 0x0000000712a00000, 0x0000000712a00000|100%| S|CS|TAMS 0x0000000712900000, 0x0000000712900000| Complete 
| 240|0x0000000712a00000, 0x0000000712b00000, 0x0000000712b00000|100%| S|CS|TAMS 0x0000000712a00000, 0x0000000712a00000| Complete 
| 241|0x0000000712b00000, 0x0000000712c00000, 0x0000000712c00000|100%| S|CS|TAMS 0x0000000712b00000, 0x0000000712b00000| Complete 
| 242|0x0000000712c00000, 0x0000000712c00000, 0x0000000712d00000|  0%| F|  |TAMS 0x0000000712c00000, 0x0000000712c00000| Untracked 
| 243|0x0000000712d00000, 0x0000000712d00000, 0x0000000712e00000|  0%| F|  |TAMS 0x0000000712d00000, 0x0000000712d00000| Untracked 
| 244|0x0000000712e00000, 0x0000000712e00000, 0x0000000712f00000|  0%| F|  |TAMS 0x0000000712e00000, 0x0000000712e00000| Untracked 
| 245|0x0000000712f00000, 0x0000000712f00000, 0x0000000713000000|  0%| F|  |TAMS 0x0000000712f00000, 0x0000000712f00000| Untracked 
| 246|0x0000000713000000, 0x0000000713000000, 0x0000000713100000|  0%| F|  |TAMS 0x0000000713000000, 0x0000000713000000| Untracked 
| 247|0x0000000713100000, 0x0000000713100000, 0x0000000713200000|  0%| F|  |TAMS 0x0000000713100000, 0x0000000713100000| Untracked 
| 248|0x0000000713200000, 0x0000000713200000, 0x0000000713300000|  0%| F|  |TAMS 0x0000000713200000, 0x0000000713200000| Untracked 
| 249|0x0000000713300000, 0x0000000713300000, 0x0000000713400000|  0%| F|  |TAMS 0x0000000713300000, 0x0000000713300000| Untracked 
| 250|0x0000000713400000, 0x0000000713400000, 0x0000000713500000|  0%| F|  |TAMS 0x0000000713400000, 0x0000000713400000| Untracked 
| 251|0x0000000713500000, 0x0000000713500000, 0x0000000713600000|  0%| F|  |TAMS 0x0000000713500000, 0x0000000713500000| Untracked 
| 252|0x0000000713600000, 0x0000000713600000, 0x0000000713700000|  0%| F|  |TAMS 0x0000000713600000, 0x0000000713600000| Untracked 
| 253|0x0000000713700000, 0x0000000713700000, 0x0000000713800000|  0%| F|  |TAMS 0x0000000713700000, 0x0000000713700000| Untracked 
| 254|0x0000000713800000, 0x0000000713800000, 0x0000000713900000|  0%| F|  |TAMS 0x0000000713800000, 0x0000000713800000| Untracked 
| 255|0x0000000713900000, 0x0000000713900000, 0x0000000713a00000|  0%| F|  |TAMS 0x0000000713900000, 0x0000000713900000| Untracked 
| 256|0x0000000713a00000, 0x0000000713a00000, 0x0000000713b00000|  0%| F|  |TAMS 0x0000000713a00000, 0x0000000713a00000| Untracked 
| 257|0x0000000713b00000, 0x0000000713b00000, 0x0000000713c00000|  0%| F|  |TAMS 0x0000000713b00000, 0x0000000713b00000| Untracked 
| 258|0x0000000713c00000, 0x0000000713c00000, 0x0000000713d00000|  0%| F|  |TAMS 0x0000000713c00000, 0x0000000713c00000| Untracked 
| 259|0x0000000713d00000, 0x0000000713d00000, 0x0000000713e00000|  0%| F|  |TAMS 0x0000000713d00000, 0x0000000713d00000| Untracked 
| 260|0x0000000713e00000, 0x0000000713e00000, 0x0000000713f00000|  0%| F|  |TAMS 0x0000000713e00000, 0x0000000713e00000| Untracked 
| 261|0x0000000713f00000, 0x0000000713f00000, 0x0000000714000000|  0%| F|  |TAMS 0x0000000713f00000, 0x0000000713f00000| Untracked 
| 262|0x0000000714000000, 0x0000000714000000, 0x0000000714100000|  0%| F|  |TAMS 0x0000000714000000, 0x0000000714000000| Untracked 
| 263|0x0000000714100000, 0x0000000714100000, 0x0000000714200000|  0%| F|  |TAMS 0x0000000714100000, 0x0000000714100000| Untracked 
| 264|0x0000000714200000, 0x0000000714200000, 0x0000000714300000|  0%| F|  |TAMS 0x0000000714200000, 0x0000000714200000| Untracked 
| 265|0x0000000714300000, 0x0000000714300000, 0x0000000714400000|  0%| F|  |TAMS 0x0000000714300000, 0x0000000714300000| Untracked 
| 266|0x0000000714400000, 0x0000000714400000, 0x0000000714500000|  0%| F|  |TAMS 0x0000000714400000, 0x0000000714400000| Untracked 
| 267|0x0000000714500000, 0x0000000714500000, 0x0000000714600000|  0%| F|  |TAMS 0x0000000714500000, 0x0000000714500000| Untracked 
| 268|0x0000000714600000, 0x0000000714600000, 0x0000000714700000|  0%| F|  |TAMS 0x0000000714600000, 0x0000000714600000| Untracked 
| 269|0x0000000714700000, 0x0000000714700000, 0x0000000714800000|  0%| F|  |TAMS 0x0000000714700000, 0x0000000714700000| Untracked 
| 270|0x0000000714800000, 0x0000000714900000, 0x0000000714900000|100%| E|  |TAMS 0x0000000714800000, 0x0000000714800000| Complete 
| 271|0x0000000714900000, 0x0000000714a00000, 0x0000000714a00000|100%| E|CS|TAMS 0x0000000714900000, 0x0000000714900000| Complete 
| 272|0x0000000714a00000, 0x0000000714b00000, 0x0000000714b00000|100%| E|CS|TAMS 0x0000000714a00000, 0x0000000714a00000| Complete 
| 273|0x0000000714b00000, 0x0000000714c00000, 0x0000000714c00000|100%| E|CS|TAMS 0x0000000714b00000, 0x0000000714b00000| Complete 
| 274|0x0000000714c00000, 0x0000000714d00000, 0x0000000714d00000|100%| E|CS|TAMS 0x0000000714c00000, 0x0000000714c00000| Complete 
| 275|0x0000000714d00000, 0x0000000714e00000, 0x0000000714e00000|100%| E|CS|TAMS 0x0000000714d00000, 0x0000000714d00000| Complete 
| 276|0x0000000714e00000, 0x0000000714f00000, 0x0000000714f00000|100%| E|CS|TAMS 0x0000000714e00000, 0x0000000714e00000| Complete 
| 277|0x0000000714f00000, 0x0000000715000000, 0x0000000715000000|100%| E|CS|TAMS 0x0000000714f00000, 0x0000000714f00000| Complete 
| 278|0x0000000715000000, 0x0000000715100000, 0x0000000715100000|100%| E|CS|TAMS 0x0000000715000000, 0x0000000715000000| Complete 
| 279|0x0000000715100000, 0x0000000715200000, 0x0000000715200000|100%| E|CS|TAMS 0x0000000715100000, 0x0000000715100000| Complete 
| 280|0x0000000715200000, 0x0000000715300000, 0x0000000715300000|100%| E|CS|TAMS 0x0000000715200000, 0x0000000715200000| Complete 
| 281|0x0000000715300000, 0x0000000715400000, 0x0000000715400000|100%| E|CS|TAMS 0x0000000715300000, 0x0000000715300000| Complete 
| 282|0x0000000715400000, 0x0000000715500000, 0x0000000715500000|100%| E|CS|TAMS 0x0000000715400000, 0x0000000715400000| Complete 
| 283|0x0000000715500000, 0x0000000715600000, 0x0000000715600000|100%| E|CS|TAMS 0x0000000715500000, 0x0000000715500000| Complete 
| 284|0x0000000715600000, 0x0000000715700000, 0x0000000715700000|100%| E|CS|TAMS 0x0000000715600000, 0x0000000715600000| Complete 
| 285|0x0000000715700000, 0x0000000715800000, 0x0000000715800000|100%| E|CS|TAMS 0x0000000715700000, 0x0000000715700000| Complete 
| 286|0x0000000715800000, 0x0000000715900000, 0x0000000715900000|100%| E|CS|TAMS 0x0000000715800000, 0x0000000715800000| Complete 
| 287|0x0000000715900000, 0x0000000715a00000, 0x0000000715a00000|100%| E|CS|TAMS 0x0000000715900000, 0x0000000715900000| Complete 
| 288|0x0000000715a00000, 0x0000000715b00000, 0x0000000715b00000|100%| E|CS|TAMS 0x0000000715a00000, 0x0000000715a00000| Complete 
| 289|0x0000000715b00000, 0x0000000715c00000, 0x0000000715c00000|100%| E|CS|TAMS 0x0000000715b00000, 0x0000000715b00000| Complete 
| 290|0x0000000715c00000, 0x0000000715d00000, 0x0000000715d00000|100%| E|CS|TAMS 0x0000000715c00000, 0x0000000715c00000| Complete 
| 291|0x0000000715d00000, 0x0000000715e00000, 0x0000000715e00000|100%| E|CS|TAMS 0x0000000715d00000, 0x0000000715d00000| Complete 
| 292|0x0000000715e00000, 0x0000000715f00000, 0x0000000715f00000|100%| E|CS|TAMS 0x0000000715e00000, 0x0000000715e00000| Complete 
| 293|0x0000000715f00000, 0x0000000716000000, 0x0000000716000000|100%| E|CS|TAMS 0x0000000715f00000, 0x0000000715f00000| Complete 
| 294|0x0000000716000000, 0x0000000716100000, 0x0000000716100000|100%| E|CS|TAMS 0x0000000716000000, 0x0000000716000000| Complete 
| 295|0x0000000716100000, 0x0000000716200000, 0x0000000716200000|100%| E|CS|TAMS 0x0000000716100000, 0x0000000716100000| Complete 
| 296|0x0000000716200000, 0x0000000716300000, 0x0000000716300000|100%| E|CS|TAMS 0x0000000716200000, 0x0000000716200000| Complete 
| 297|0x0000000716300000, 0x0000000716400000, 0x0000000716400000|100%| E|CS|TAMS 0x0000000716300000, 0x0000000716300000| Complete 
| 298|0x0000000716400000, 0x0000000716500000, 0x0000000716500000|100%| E|CS|TAMS 0x0000000716400000, 0x0000000716400000| Complete 
| 299|0x0000000716500000, 0x0000000716600000, 0x0000000716600000|100%| E|CS|TAMS 0x0000000716500000, 0x0000000716500000| Complete 
| 300|0x0000000716600000, 0x0000000716700000, 0x0000000716700000|100%| E|CS|TAMS 0x0000000716600000, 0x0000000716600000| Complete 
| 301|0x0000000716700000, 0x0000000716800000, 0x0000000716800000|100%| E|CS|TAMS 0x0000000716700000, 0x0000000716700000| Complete 
| 302|0x0000000716800000, 0x0000000716900000, 0x0000000716900000|100%| E|CS|TAMS 0x0000000716800000, 0x0000000716800000| Complete 
| 303|0x0000000716900000, 0x0000000716a00000, 0x0000000716a00000|100%| E|CS|TAMS 0x0000000716900000, 0x0000000716900000| Complete 
| 304|0x0000000716a00000, 0x0000000716b00000, 0x0000000716b00000|100%| E|CS|TAMS 0x0000000716a00000, 0x0000000716a00000| Complete 

Card table byte_map: [0x0000015fd6c60000,0x0000015fd7450000] _byte_map_base: 0x0000015fd3443000

Marking Bits (Prev, Next): (CMBitMap*) 0x0000015fc36a1518, (CMBitMap*) 0x0000015fc36a1550
 Prev Bits: [0x0000015fd7c40000, 0x0000015fdbb58000)
 Next Bits: [0x0000015fdbb60000, 0x0000015fdfa78000)

Polling page: 0x0000015fc1530000

Metaspace:

Usage:
  Non-class:     39.48 MB capacity,    39.15 MB (>99%) used,   278.52 KB ( <1%) free+waste,    66.94 KB ( <1%) overhead. 
      Class:      5.54 MB capacity,     5.36 MB ( 97%) used,   158.95 KB (  3%) free+waste,    29.81 KB ( <1%) overhead. 
       Both:     45.03 MB capacity,    44.51 MB ( 99%) used,   437.48 KB ( <1%) free+waste,    96.75 KB ( <1%) overhead. 

Virtual space:
  Non-class space:       40.00 MB reserved,      39.58 MB ( 99%) committed 
      Class space:        1.00 GB reserved,       5.57 MB ( <1%) committed 
             Both:        1.04 GB reserved,      45.15 MB (  4%) committed 

Chunk freelists:
   Non-Class:  33.00 KB
       Class:  19.00 KB
        Both:  52.00 KB

MaxMetaspaceSize: 17179869184.00 GB
CompressedClassSpaceSize: 1.00 GB

CodeHeap 'non-profiled nmethods': size=120000Kb used=1278Kb max_used=1278Kb free=118721Kb
 bounds [0x0000015fcec10000, 0x0000015fcee80000, 0x0000015fd6140000]
CodeHeap 'profiled nmethods': size=120000Kb used=5774Kb max_used=5774Kb free=114225Kb
 bounds [0x0000015fc76e0000, 0x0000015fc7c90000, 0x0000015fcec10000]
CodeHeap 'non-nmethods': size=5760Kb used=1214Kb max_used=1249Kb free=4545Kb
 bounds [0x0000015fc7140000, 0x0000015fc73b0000, 0x0000015fc76e0000]
 total_blobs=3481 nmethods=2934 adapters=458
 compilation: enabled
              stopped_count=0, restarted_count=0
 full_count=0

Compilation events (20 events):
Event: 2.009 Thread 0x0000015fe2f04800 nmethod 2910 0x0000015fced4e290 code [0x0000015fced4e440, 0x0000015fced4e558]
Event: 2.021 Thread 0x0000015fe2f04800 2914       3       gnu.trove.TObjectHash::index (146 bytes)
Event: 2.021 Thread 0x0000015fe2f04800 nmethod 2914 0x0000015fc7c73410 code [0x0000015fc7c73620, 0x0000015fc7c73e28]
Event: 2.021 Thread 0x0000015fe2f04800 2915       3       org.jetbrains.kotlin.com.intellij.openapi.vfs.impl.ArchiveHandler::getFile (13 bytes)
Event: 2.021 Thread 0x0000015fe2f04800 nmethod 2915 0x0000015fc7c74090 code [0x0000015fc7c74240, 0x0000015fc7c743c8]
Event: 2.021 Thread 0x0000015fe2f04800 2916       3       java.util.concurrent.atomic.AtomicInteger::incrementAndGet (14 bytes)
Event: 2.022 Thread 0x0000015fe2f04800 nmethod 2916 0x0000015fc7c74490 code [0x0000015fc7c74640, 0x0000015fc7c74758]
Event: 2.023 Thread 0x0000015fe2f04800 2917       3       org.jetbrains.kotlin.utils.SmartList::<init> (5 bytes)
Event: 2.023 Thread 0x0000015fe2f04800 nmethod 2917 0x0000015fc7c74810 code [0x0000015fc7c749e0, 0x0000015fc7c74bf8]
Event: 2.023 Thread 0x0000015fe2f04800 2918       1       org.jetbrains.kotlin.load.java.structure.impl.classFiles.BinaryJavaClass::getAccess (5 bytes)
Event: 2.023 Thread 0x0000015fe2f04800 nmethod 2918 0x0000015fced4e610 code [0x0000015fced4e7c0, 0x0000015fced4e878]
Event: 2.024 Thread 0x0000015fe2f04800 2919       1       org.jetbrains.kotlin.utils.SmartList::size (5 bytes)
Event: 2.024 Thread 0x0000015fe2f04800 nmethod 2919 0x0000015fced4e910 code [0x0000015fced4eac0, 0x0000015fced4eb78]
Event: 2.025 Thread 0x0000015fe2f04800 2920       3       org.jetbrains.org.objectweb.asm.Type::getTypeInternal (199 bytes)
Event: 2.026 Thread 0x0000015fe2f04800 nmethod 2920 0x0000015fc7c74d10 code [0x0000015fc7c74fa0, 0x0000015fc7c75d88]
Event: 2.026 Thread 0x0000015fe2f04800 2924       3       org.jetbrains.kotlin.com.intellij.openapi.util.io.FileUtilRt::getNameWithoutExtension (49 bytes)
Event: 2.027 Thread 0x0000015fe2f04800 nmethod 2924 0x0000015fc7c76210 code [0x0000015fc7c76400, 0x0000015fc7c76808]
Event: 2.027 Thread 0x0000015fe2f04800 2923       3       gnu.trove.THashSet::add (55 bytes)
Event: 2.027 Thread 0x0000015fe2f04800 nmethod 2923 0x0000015fc7c76990 code [0x0000015fc7c76b80, 0x0000015fc7c77108]
Event: 2.027 Thread 0x0000015fe2f04800 2925       3       org.jetbrains.kotlin.com.intellij.openapi.util.io.FileUtilRt::getExtension (45 bytes)

GC Heap History (10 events):
Event: 0.353 GC heap before
{Heap before GC invocations=0 (full 0):
 garbage-first heap   total 260096K, used 27648K [0x0000000703a00000, 0x0000000800000000)
  region size 1024K, 24 young (24576K), 0 survivors (0K)
 Metaspace       used 12337K, capacity 12504K, committed 12800K, reserved 1060864K
  class space    used 1163K, capacity 1207K, committed 1280K, reserved 1048576K
}
Event: 0.355 GC heap after
{Heap after GC invocations=1 (full 0):
 garbage-first heap   total 260096K, used 5700K [0x0000000703a00000, 0x0000000800000000)
  region size 1024K, 3 young (3072K), 3 survivors (3072K)
 Metaspace       used 12337K, capacity 12504K, committed 12800K, reserved 1060864K
  class space    used 1163K, capacity 1207K, committed 1280K, reserved 1048576K
}
Event: 0.759 GC heap before
{Heap before GC invocations=1 (full 0):
 garbage-first heap   total 260096K, used 41540K [0x0000000703a00000, 0x0000000800000000)
  region size 1024K, 39 young (39936K), 3 survivors (3072K)
 Metaspace       used 20899K, capacity 21118K, committed 21296K, reserved 1069056K
  class space    used 2239K, capacity 2344K, committed 2432K, reserved 1048576K
}
Event: 0.768 GC heap after
{Heap after GC invocations=2 (full 0):
 garbage-first heap   total 260096K, used 9174K [0x0000000703a00000, 0x0000000800000000)
  region size 1024K, 6 young (6144K), 6 survivors (6144K)
 Metaspace       used 20899K, capacity 21118K, committed 21296K, reserved 1069056K
  class space    used 2239K, capacity 2344K, committed 2432K, reserved 1048576K
}
Event: 1.320 GC heap before
{Heap before GC invocations=3 (full 0):
 garbage-first heap   total 260096K, used 65494K [0x0000000703a00000, 0x0000000800000000)
  region size 1024K, 56 young (57344K), 6 survivors (6144K)
 Metaspace       used 31691K, capacity 32152K, committed 32304K, reserved 1077248K
  class space    used 4000K, capacity 4182K, committed 4224K, reserved 1048576K
}
Event: 1.330 GC heap after
{Heap after GC invocations=4 (full 0):
 garbage-first heap   total 260096K, used 21055K [0x0000000703a00000, 0x0000000800000000)
  region size 1024K, 7 young (7168K), 7 survivors (7168K)
 Metaspace       used 31691K, capacity 32152K, committed 32304K, reserved 1077248K
  class space    used 4000K, capacity 4182K, committed 4224K, reserved 1048576K
}
Event: 1.489 GC heap before
{Heap before GC invocations=4 (full 0):
 garbage-first heap   total 260096K, used 37439K [0x0000000703a00000, 0x0000000800000000)
  region size 1024K, 24 young (24576K), 7 survivors (7168K)
 Metaspace       used 35412K, capacity 35843K, committed 35920K, reserved 1081344K
  class space    used 4419K, capacity 4602K, committed 4608K, reserved 1048576K
}
Event: 1.496 GC heap after
{Heap after GC invocations=5 (full 0):
 garbage-first heap   total 260096K, used 23267K [0x0000000703a00000, 0x0000000800000000)
  region size 1024K, 7 young (7168K), 7 survivors (7168K)
 Metaspace       used 35412K, capacity 35843K, committed 35920K, reserved 1081344K
  class space    used 4419K, capacity 4602K, committed 4608K, reserved 1048576K
}
Event: 1.609 GC heap before
{Heap before GC invocations=6 (full 0):
 garbage-first heap   total 260096K, used 35555K [0x0000000703a00000, 0x0000000800000000)
  region size 1024K, 19 young (19456K), 7 survivors (7168K)
 Metaspace       used 37414K, capacity 37883K, committed 38044K, reserved 1083392K
  class space    used 4632K, capacity 4832K, committed 4940K, reserved 1048576K
}
Event: 1.614 GC heap after
{Heap after GC invocations=7 (full 0):
 garbage-first heap   total 312320K, used 24543K [0x0000000703a00000, 0x0000000800000000)
  region size 1024K, 3 young (3072K), 3 survivors (3072K)
 Metaspace       used 37414K, capacity 37883K, committed 38044K, reserved 1083392K
  class space    used 4632K, capacity 4832K, committed 4940K, reserved 1048576K
}

Deoptimization events (20 events):
Event: 1.824 Thread 0x0000015fc363d800 Uncommon trap: trap_request=0xffffff4d fr.pc=0x0000015fced327b8 relative=0x00000000000006d8
Event: 1.824 Thread 0x0000015fc363d800 Uncommon trap: reason=unstable_if action=reinterpret pc=0x0000015fced327b8 method=java.lang.String.lastIndexOf(II)I @ 4 c2
Event: 1.824 Thread 0x0000015fc363d800 DEOPT PACKING pc=0x0000015fced327b8 sp=0x0000005a3b9f5b20
Event: 1.824 Thread 0x0000015fc363d800 DEOPT UNPACKING pc=0x0000015fc71483af sp=0x0000005a3b9f5a10 mode 2
Event: 1.945 Thread 0x0000015fc363d800 Uncommon trap: trap_request=0xffffff4d fr.pc=0x0000015fced16db8 relative=0x0000000000000118
Event: 1.945 Thread 0x0000015fc363d800 Uncommon trap: reason=unstable_if action=reinterpret pc=0x0000015fced16db8 method=java.util.Arrays.hashCode([Ljava/lang/Object;)I @ 34 c2
Event: 1.945 Thread 0x0000015fc363d800 DEOPT PACKING pc=0x0000015fced16db8 sp=0x0000005a3b9fb090
Event: 1.945 Thread 0x0000015fc363d800 DEOPT UNPACKING pc=0x0000015fc71483af sp=0x0000005a3b9fb010 mode 2
Event: 1.972 Thread 0x0000015fc363d800 Uncommon trap: trap_request=0xffffffc6 fr.pc=0x0000015fcecc7f1c relative=0x00000000000014fc
Event: 1.972 Thread 0x0000015fc363d800 Uncommon trap: reason=bimorphic_or_optimized_type_check action=maybe_recompile pc=0x0000015fcecc7f1c method=java.util.zip.ZipFile.getZipEntry(Ljava/lang/String;[BILjava/util/function/Function;)Ljava/util/zip/ZipEntry; @ 108 c2
Event: 1.972 Thread 0x0000015fc363d800 DEOPT PACKING pc=0x0000015fcecc7f1c sp=0x0000005a3b9fb6c0
Event: 1.972 Thread 0x0000015fc363d800 DEOPT UNPACKING pc=0x0000015fc71483af sp=0x0000005a3b9fb678 mode 2
Event: 2.021 Thread 0x0000015fc363d800 Uncommon trap: trap_request=0xffffffc6 fr.pc=0x0000015fcecc7f1c relative=0x00000000000014fc
Event: 2.021 Thread 0x0000015fc363d800 Uncommon trap: reason=bimorphic_or_optimized_type_check action=maybe_recompile pc=0x0000015fcecc7f1c method=java.util.zip.ZipFile.getZipEntry(Ljava/lang/String;[BILjava/util/function/Function;)Ljava/util/zip/ZipEntry; @ 108 c2
Event: 2.022 Thread 0x0000015fc363d800 DEOPT PACKING pc=0x0000015fcecc7f1c sp=0x0000005a3b9fbe70
Event: 2.022 Thread 0x0000015fc363d800 DEOPT UNPACKING pc=0x0000015fc71483af sp=0x0000005a3b9fbe28 mode 2
Event: 2.027 Thread 0x0000015fc363d800 Uncommon trap: trap_request=0xffffffc6 fr.pc=0x0000015fcecc7f1c relative=0x00000000000014fc
Event: 2.027 Thread 0x0000015fc363d800 Uncommon trap: reason=bimorphic_or_optimized_type_check action=maybe_recompile pc=0x0000015fcecc7f1c method=java.util.zip.ZipFile.getZipEntry(Ljava/lang/String;[BILjava/util/function/Function;)Ljava/util/zip/ZipEntry; @ 108 c2
Event: 2.027 Thread 0x0000015fc363d800 DEOPT PACKING pc=0x0000015fcecc7f1c sp=0x0000005a3b9fb910
Event: 2.027 Thread 0x0000015fc363d800 DEOPT UNPACKING pc=0x0000015fc71483af sp=0x0000005a3b9fb8c8 mode 2

Classes redefined (0 events):
No events

Internal exceptions (20 events):
Event: 0.935 Thread 0x0000015fc363d800 Exception <a 'java/lang/NoSuchMethodError'{0x0000000712925f80}: 'java.lang.Object java.lang.invoke.DirectMethodHandle$Holder.invokeStatic(java.lang.Object, java.lang.Object, java.lang.Object, java.lang.Object, java.lang.Object, java.lang.Object, java.lang.Object, java.lang.Object, java.lang.Object, java.lang.Object, java.lang.Object, java.lang.Object, java.lang.Object, java.lang.Object, java.lang.Object, java.lang.Object)'> (0x0000000712925f80) thrown at [./src/hotspot/share/interpreter/linkResolver.cpp, l
Event: 0.936 Thread 0x0000015fc363d800 Exception <a 'java/lang/NoSuchMethodError'{0x0000000712933e98}: 'java.lang.Object java.lang.invoke.DirectMethodHandle$Holder.invokeSpecial(java.lang.Object, java.lang.Object, int, int, java.lang.Object, java.lang.Object, java.lang.Object)'> (0x0000000712933e98) thrown at [./src/hotspot/share/interpreter/linkResolver.cpp, line 773]
Event: 0.936 Thread 0x0000015fc363d800 Exception <a 'java/lang/NoSuchMethodError'{0x00000007129376d0}: 'java.lang.Object java.lang.invoke.DelegatingMethodHandle$Holder.reinvoke_L(java.lang.Object, int, int, java.lang.Object, java.lang.Object, java.lang.Object)'> (0x00000007129376d0) thrown at [./src/hotspot/share/interpreter/linkResolver.cpp, line 773]
Event: 0.936 Thread 0x0000015fc363d800 Exception <a 'java/lang/NoSuchMethodError'{0x000000071293ba58}: 'java.lang.Object java.lang.invoke.DirectMethodHandle$Holder.invokeStatic(java.lang.Object, java.lang.Object, java.lang.Object, java.lang.Object, int)'> (0x000000071293ba58) thrown at [./src/hotspot/share/interpreter/linkResolver.cpp, line 773]
Event: 0.963 Thread 0x0000015fc363d800 Exception <a 'sun/nio/fs/WindowsException'{0x0000000712880428}> (0x0000000712880428) thrown at [./src/hotspot/share/prims/jni.cpp, line 615]
Event: 0.963 Thread 0x0000015fc363d800 Exception <a 'sun/nio/fs/WindowsException'{0x0000000712880ca0}> (0x0000000712880ca0) thrown at [./src/hotspot/share/prims/jni.cpp, line 615]
Event: 0.963 Thread 0x0000015fc363d800 Exception <a 'sun/nio/fs/WindowsException'{0x0000000712881528}> (0x0000000712881528) thrown at [./src/hotspot/share/prims/jni.cpp, line 615]
Event: 0.963 Thread 0x0000015fc363d800 Exception <a 'sun/nio/fs/WindowsException'{0x0000000712881f20}> (0x0000000712881f20) thrown at [./src/hotspot/share/prims/jni.cpp, line 615]
Event: 0.963 Thread 0x0000015fc363d800 Exception <a 'sun/nio/fs/WindowsException'{0x0000000712882a68}> (0x0000000712882a68) thrown at [./src/hotspot/share/prims/jni.cpp, line 615]
Event: 0.964 Thread 0x0000015fc363d800 Exception <a 'sun/nio/fs/WindowsException'{0x00000007128833a0}> (0x00000007128833a0) thrown at [./src/hotspot/share/prims/jni.cpp, line 615]
Event: 0.965 Thread 0x0000015fc363d800 Exception <a 'java/lang/NoSuchMethodError'{0x000000071288a518}: 'void java.lang.invoke.DirectMethodHandle$Holder.invokeStatic(java.lang.Object, java.lang.Object, java.lang.Object, java.lang.Object)'> (0x000000071288a518) thrown at [./src/hotspot/share/interpreter/linkResolver.cpp, line 773]
Event: 1.005 Thread 0x0000015fc363d800 Exception <a 'java/lang/NoSuchMethodError'{0x000000071247c240}: 'void java.lang.invoke.DirectMethodHandle$Holder.invokeStaticInit(java.lang.Object, java.lang.Object)'> (0x000000071247c240) thrown at [./src/hotspot/share/interpreter/linkResolver.cpp, line 773]
Event: 1.049 Thread 0x0000015fc363d800 Exception <a 'java/lang/NoSuchMethodError'{0x00000007120ac538}: 'void java.lang.invoke.DirectMethodHandle$Holder.invokeVirtual(java.lang.Object, java.lang.Object)'> (0x00000007120ac538) thrown at [./src/hotspot/share/interpreter/linkResolver.cpp, line 773]
Event: 1.055 Thread 0x0000015fc363d800 Exception <a 'java/lang/NoSuchMethodError'{0x0000000711f2d698}: 'int java.lang.invoke.DirectMethodHandle$Holder.invokeVirtual(java.lang.Object, java.lang.Object)'> (0x0000000711f2d698) thrown at [./src/hotspot/share/interpreter/linkResolver.cpp, line 773]
Event: 1.445 Thread 0x0000015fc363d800 Exception <a 'java/lang/NoSuchMethodError'{0x0000000712cd5400}: 'java.lang.Object java.lang.invoke.DirectMethodHandle$Holder.invokeVirtual(java.lang.Object, java.lang.Object, java.lang.Object)'> (0x0000000712cd5400) thrown at [./src/hotspot/share/interpreter/linkResolver.cpp, line 773]
Event: 1.866 Thread 0x0000015fc363d800 Exception <a 'java/lang/NoSuchMethodError'{0x0000000715311970}: 'java.lang.Object java.lang.invoke.Invokers$Holder.linkToTargetMethod(java.lang.Object, int, java.lang.Object)'> (0x0000000715311970) thrown at [./src/hotspot/share/interpreter/linkResolver.cpp, line 773]
Event: 1.908 Thread 0x0000015fc363d800 Exception <a 'java/lang/NoSuchMethodError'{0x00000007151f6e50}: 'java.lang.Object java.lang.invoke.DirectMethodHandle$Holder.invokeStatic(java.lang.Object, java.lang.Object, java.lang.Object, int)'> (0x00000007151f6e50) thrown at [./src/hotspot/share/interpreter/linkResolver.cpp, line 773]
Event: 1.908 Thread 0x0000015fc363d800 Exception <a 'java/lang/NoSuchMethodError'{0x00000007151faac0}: 'java.lang.Object java.lang.invoke.DirectMethodHandle$Holder.invokeSpecial(java.lang.Object, java.lang.Object, java.lang.Object, java.lang.Object, int)'> (0x00000007151faac0) thrown at [./src/hotspot/share/interpreter/linkResolver.cpp, line 773]
Event: 1.908 Thread 0x0000015fc363d800 Exception <a 'java/lang/NoSuchMethodError'{0x00000007151fddd0}: 'java.lang.Object java.lang.invoke.Invokers$Holder.linkToTargetMethod(java.lang.Object, java.lang.Object, int, java.lang.Object)'> (0x00000007151fddd0) thrown at [./src/hotspot/share/interpreter/linkResolver.cpp, line 773]
Event: 1.945 Thread 0x0000015fc363d800 Implicit null exception at 0x0000015fced16cd6 to 0x0000015fced16d9c

Events (20 events):
Event: 2.024 loading class org/jetbrains/kotlin/load/java/structure/impl/classFiles/PlainJavaArrayAnnotationArgument
Event: 2.024 loading class org/jetbrains/kotlin/load/java/structure/impl/classFiles/PlainJavaArrayAnnotationArgument done
Event: 2.024 loading class org/jetbrains/kotlin/load/java/structure/JavaArrayAnnotationArgument
Event: 2.024 loading class org/jetbrains/kotlin/load/java/structure/JavaArrayAnnotationArgument done
Event: 2.024 loading class org/jetbrains/kotlin/load/java/structure/JavaAnnotationArgument
Event: 2.024 loading class org/jetbrains/kotlin/load/java/structure/JavaAnnotationArgument done
Event: 2.024 loading class org/jetbrains/kotlin/load/java/structure/impl/classFiles/PlainJavaAnnotationArgument
Event: 2.024 loading class org/jetbrains/kotlin/load/java/structure/impl/classFiles/PlainJavaAnnotationArgument done
Event: 2.024 loading class org/jetbrains/kotlin/load/java/structure/impl/classFiles/PlainJavaLiteralAnnotationArgument
Event: 2.024 loading class org/jetbrains/kotlin/load/java/structure/impl/classFiles/PlainJavaLiteralAnnotationArgument done
Event: 2.024 loading class org/jetbrains/kotlin/load/java/structure/JavaLiteralAnnotationArgument
Event: 2.024 loading class org/jetbrains/kotlin/load/java/structure/JavaLiteralAnnotationArgument done
Event: 2.025 loading class org/jetbrains/kotlin/load/java/structure/impl/classFiles/PlainJavaEnumValueAnnotationArgument
Event: 2.025 loading class org/jetbrains/kotlin/load/java/structure/impl/classFiles/PlainJavaEnumValueAnnotationArgument done
Event: 2.025 loading class org/jetbrains/kotlin/load/java/structure/JavaEnumValueAnnotationArgument
Event: 2.025 loading class org/jetbrains/kotlin/load/java/structure/JavaEnumValueAnnotationArgument done
Event: 2.025 loading class org/jetbrains/kotlin/load/java/structure/impl/classFiles/PlainJavaArrayType
Event: 2.025 loading class org/jetbrains/kotlin/load/java/structure/impl/classFiles/PlainJavaArrayType done
Event: 2.025 loading class org/jetbrains/kotlin/load/java/structure/JavaArrayType
Event: 2.025 loading class org/jetbrains/kotlin/load/java/structure/JavaArrayType done


Dynamic libraries:
0x00007ff6540f0000 - 0x00007ff6540fa000 	C:\Program Files\Android\Android Studio\jre\bin\java.exe
0x00007ffe941c0000 - 0x00007ffe943c9000 	C:\WINDOWS\SYSTEM32\ntdll.dll
0x00007ffe92f70000 - 0x00007ffe9302d000 	C:\WINDOWS\System32\KERNEL32.DLL
0x00007ffe91ce0000 - 0x00007ffe92054000 	C:\WINDOWS\System32\KERNELBASE.dll
0x00007ffe91a50000 - 0x00007ffe91b61000 	C:\WINDOWS\System32\ucrtbase.dll
0x00007ffe74000000 - 0x00007ffe74019000 	C:\Program Files\Android\Android Studio\jre\bin\jli.dll
0x00007ffe73a40000 - 0x00007ffe73a57000 	C:\Program Files\Android\Android Studio\jre\bin\VCRUNTIME140.dll
0x00007ffe92b50000 - 0x00007ffe92cfc000 	C:\WINDOWS\System32\USER32.dll
0x00007ffe91cb0000 - 0x00007ffe91cd6000 	C:\WINDOWS\System32\win32u.dll
0x00007ffe93710000 - 0x00007ffe93739000 	C:\WINDOWS\System32\GDI32.dll
0x00007ffe72e60000 - 0x00007ffe73105000 	C:\WINDOWS\WinSxS\amd64_microsoft.windows.common-controls_6595b64144ccf1df_6.0.22000.120_none_9d947278b86cc467\COMCTL32.dll
0x00007ffe916b0000 - 0x00007ffe917c2000 	C:\WINDOWS\System32\gdi32full.dll
0x00007ffe919b0000 - 0x00007ffe91a4d000 	C:\WINDOWS\System32\msvcp_win.dll
0x00007ffe922a0000 - 0x00007ffe92343000 	C:\WINDOWS\System32\msvcrt.dll
0x00007ffe93090000 - 0x00007ffe930c1000 	C:\WINDOWS\System32\IMM32.DLL
0x00007ffe71690000 - 0x00007ffe7172d000 	C:\Program Files\Android\Android Studio\jre\bin\msvcp140.dll
0x00007ffe0eed0000 - 0x00007ffe0f9a5000 	C:\Program Files\Android\Android Studio\jre\bin\server\jvm.dll
0x00007ffe92ec0000 - 0x00007ffe92f6e000 	C:\WINDOWS\System32\ADVAPI32.dll
0x00007ffe92d00000 - 0x00007ffe92d9e000 	C:\WINDOWS\System32\sechost.dll
0x00007ffe92da0000 - 0x00007ffe92ec0000 	C:\WINDOWS\System32\RPCRT4.dll
0x00007ffe93540000 - 0x00007ffe93548000 	C:\WINDOWS\System32\PSAPI.DLL
0x00007ffe86170000 - 0x00007ffe8617a000 	C:\WINDOWS\SYSTEM32\VERSION.dll
0x00007ffe87800000 - 0x00007ffe87833000 	C:\WINDOWS\SYSTEM32\WINMM.dll
0x00007ffe8c710000 - 0x00007ffe8c719000 	C:\WINDOWS\SYSTEM32\WSOCK32.dll
0x00007ffe92580000 - 0x00007ffe925ef000 	C:\WINDOWS\System32\WS2_32.dll
0x00007ffe908a0000 - 0x00007ffe908b8000 	C:\WINDOWS\SYSTEM32\kernel.appcore.dll
0x00007ffe8b510000 - 0x00007ffe8b521000 	C:\Program Files\Android\Android Studio\jre\bin\verify.dll
0x00007ffe8f010000 - 0x00007ffe8f231000 	C:\WINDOWS\SYSTEM32\DBGHELP.DLL
0x00007ffe736b0000 - 0x00007ffe736e1000 	C:\WINDOWS\SYSTEM32\dbgcore.DLL
0x00007ffe91b70000 - 0x00007ffe91bef000 	C:\WINDOWS\System32\bcryptPrimitives.dll
0x00007ffe878a0000 - 0x00007ffe878c9000 	C:\Program Files\Android\Android Studio\jre\bin\java.dll
0x00007ffe8bd90000 - 0x00007ffe8bd9b000 	C:\Program Files\Android\Android Studio\jre\bin\jimage.dll
0x00007ffe87880000 - 0x00007ffe87898000 	C:\Program Files\Android\Android Studio\jre\bin\zip.dll
0x00007ffe939d0000 - 0x00007ffe9417f000 	C:\WINDOWS\System32\SHELL32.dll
0x00007ffe8f820000 - 0x00007ffe90088000 	C:\WINDOWS\SYSTEM32\windows.storage.dll
0x00007ffe931c0000 - 0x00007ffe93538000 	C:\WINDOWS\System32\combase.dll
0x00007ffe8f6b0000 - 0x00007ffe8f816000 	C:\WINDOWS\SYSTEM32\wintypes.dll
0x00007ffe92470000 - 0x00007ffe9255a000 	C:\WINDOWS\System32\SHCORE.dll
0x00007ffe93970000 - 0x00007ffe939cd000 	C:\WINDOWS\System32\shlwapi.dll
0x00007ffe915e0000 - 0x00007ffe91601000 	C:\WINDOWS\SYSTEM32\profapi.dll
0x00007ffe86ea0000 - 0x00007ffe86eba000 	C:\Program Files\Android\Android Studio\jre\bin\net.dll
0x00007ffe8c520000 - 0x00007ffe8c62c000 	C:\WINDOWS\SYSTEM32\WINHTTP.dll
0x00007ffe90cd0000 - 0x00007ffe90d37000 	C:\WINDOWS\system32\mswsock.dll
0x00007ffe77290000 - 0x00007ffe772a4000 	C:\Program Files\Android\Android Studio\jre\bin\nio.dll

dbghelp: loaded successfully - version: 4.0.5 - missing functions: none
symbol engine: initialized successfully - sym options: 0x614 - pdb path: .;C:\Program Files\Android\Android Studio\jre\bin;C:\WINDOWS\SYSTEM32;C:\WINDOWS\WinSxS\amd64_microsoft.windows.common-controls_6595b64144ccf1df_6.0.22000.120_none_9d947278b86cc467;C:\Program Files\Android\Android Studio\jre\bin\server

VM Arguments:
java_command: org.jetbrains.kotlin.cli.jvm.K2JVMCompiler @E:\Kotlin_project_hj\AdsExample\app\build\20220502_8457535821447027167.compiler.options
java_class_path (initial): D:\mdt-workstation\Mdt-dev_Mdt-0.2.20211030\.gradle\caches\modules-2\files-2.1\org.jetbrains.kotlin\kotlin-compiler-embeddable\1.6.21\97bdd5a752ce73b58ef16c17bc7f0ea2faff7a2e\kotlin-compiler-embeddable-1.6.21.jar;D:\mdt-workstation\Mdt-dev_Mdt-0.2.20211030\.gradle\caches\modules-2\files-2.1\org.jetbrains.kotlin\kotlin-reflect\1.6.21\5dc3574d9b7bebfcb4ec6b10ada4aaa9e140bd0b\kotlin-reflect-1.6.21.jar;D:\mdt-workstation\Mdt-dev_Mdt-0.2.20211030\.gradle\caches\modules-2\files-2.1\org.jetbrains.kotlin\kotlin-stdlib\1.6.21\11ef67f1900634fd951bad28c53ec957fabbe5b8\kotlin-stdlib-1.6.21.jar;D:\mdt-workstation\Mdt-dev_Mdt-0.2.20211030\.gradle\caches\modules-2\files-2.1\org.jetbrains.kotlin\kotlin-script-runtime\1.6.21\99c6675100da5d6d5b1c5a1032f27f28008d101b\kotlin-script-runtime-1.6.21.jar;D:\mdt-workstation\Mdt-dev_Mdt-0.2.20211030\.gradle\caches\modules-2\files-2.1\org.jetbrains.kotlin\kotlin-daemon-embeddable\1.6.21\46b78cf392e1c4f10854c3cadba44abb7b82250f\kotlin-daemon-embeddable-1.6.21.jar;D:\mdt-workstation\Mdt-dev_Mdt-0.2.20211030\.gradle\caches\modules-2\files-2.1\org.jetbrains.intellij.deps\trove4j\1.0.20200330\3afb14d5f9ceb459d724e907a21145e8ff394f02\trove4j-1.0.20200330.jar;D:\mdt-workstation\Mdt-dev_Mdt-0.2.20211030\.gradle\caches\modules-2\files-2.1\net.java.dev.jna\jna\5.6.0\330f2244e9030119ab3030fc3fededc86713d9cc\jna-5.6.0.jar;D:\mdt-workstation\Mdt-dev_Mdt-0.2.20211030\.gradle\caches\modules-2\files-2.1\org.jetbrains.kotlin\kotlin-stdlib-common\1.6.21\5e5b55c26dbc80372a920aef60eb774b714559b8\kotlin-stdlib-common-1.6.21.jar;D:\mdt-workstation\Mdt-dev_Mdt-0.2.20211030\.gradle\caches\modules-2\files-2.1\org.jetbrains\annotations\13.0\919f0dfe192fb4e063e7dacadee7f8bb9a2672a9\annotations-13.0.jar
Launcher Type: SUN_STANDARD

[Global flags]
     intx CICompilerCount                          = 4                                         {product} {ergonomic}
     uint ConcGCThreads                            = 2                                         {product} {ergonomic}
     uint G1ConcRefinementThreads                  = 8                                         {product} {ergonomic}
   size_t G1HeapRegionSize                         = 1048576                                   {product} {ergonomic}
    uintx GCDrainStackTargetSize                   = 64                                        {product} {ergonomic}
   size_t InitialHeapSize                          = 266338304                                 {product} {ergonomic}
   size_t MarkStackSize                            = 4194304                                   {product} {ergonomic}
   size_t MaxHeapSize                              = 4234149888                                {product} {ergonomic}
   size_t MaxNewSize                               = 2539651072                                {product} {ergonomic}
   size_t MinHeapDeltaBytes                        = 1048576                                   {product} {ergonomic}
    uintx NonNMethodCodeHeapSize                   = 5836300                                {pd product} {ergonomic}
    uintx NonProfiledCodeHeapSize                  = 122910970                              {pd product} {ergonomic}
    uintx ProfiledCodeHeapSize                     = 122910970                              {pd product} {ergonomic}
    uintx ReservedCodeCacheSize                    = 251658240                              {pd product} {ergonomic}
     bool SegmentedCodeCache                       = true                                      {product} {ergonomic}
     bool UseCompressedClassPointers               = true                                 {lp64_product} {ergonomic}
     bool UseCompressedOops                        = true                                 {lp64_product} {ergonomic}
     bool UseG1GC                                  = true                                      {product} {ergonomic}
     bool UseLargePagesIndividualAllocation        = false                                  {pd product} {ergonomic}

Logging:
Log output configuration:
 #0: stdout all=warning uptime,level,tags
 #1: stderr all=off uptime,level,tags

Environment Variables:
JAVA_HOME=C:\Program Files\OpenJDK\openjdk-8u312-b07
PATH=C:\WINDOWS\system32;C:\WINDOWS;C:\WINDOWS\System32\Wbem;C:\WINDOWS\System32\WindowsPowerShell\v1.0\;C:\WINDOWS\System32\OpenSSH\;C:\Program Files\Git\cmd;C:\ProgramData\chocolatey\bin;C:\Program Files\nodejs\;C:\Program Files\OpenJDK\openjdk-8u312-b07\bin;C:\Users\sudha\AppData\Local\Android\Sdk\platform-tools;C:\Users\sudha\AppData\Local\Microsoft\WindowsApps;C:\Program Files (x86)\Sophos\Sophos SSL VPN Client\bin;C:\Users\sudha\AppData\Roaming\npm;C:\Users\sudha\AppData\Local\Programs\Microsoft VS Code\bin
USERNAME=sudha
OS=Windows_NT
PROCESSOR_IDENTIFIER=Intel64 Family 6 Model 140 Stepping 1, GenuineIntel



---------------  S Y S T E M  ---------------

OS: Windows 10 , 64 bit Build 22000 (10.0.22000.613)
OS uptime: 0 days 3:13 hours

CPU:total 8 (initial active 8) (4 cores per cpu, 2 threads per core) family 6 model 140 stepping 1 microcode 0x9a, cmov, cx8, fxsr, mmx, sse, sse2, sse3, ssse3, sse4.1, sse4.2, popcnt, avx, avx2, aes, clmul, erms, 3dnowpref, lzcnt, ht, tsc, tscinvbit, bmi1, bmi2, adx, evex, sha, fma

Memory: 4k page, system-wide physical 16149M (914M free)
TotalPageFile size 16149M (AvailPageFile size 7M)
current process WorkingSet (physical memory assigned to process): 287M, peak: 289M
current process commit charge ("private bytes"): 511M, peak: 515M

vm_info: OpenJDK 64-Bit Server VM (11.0.11+9-b60-7590822) for windows-amd64 JRE (11.0.11+9-b60-7590822), built on Jul 29 2021 21:43:44 by "builder" with MS VC++ 14.0 (VS2015)

END.
